#
# A fatal error has been detected by the Java Runtime Environment:
#
#  SIGBUS (0x7) at pc=0xb6629232, pid=5695, tid=2002881344
#
# JRE version: 7.0_21-b02
# Java VM: OpenJDK Server VM (23.7-b01 mixed mode linux-x86 )
# Problematic frame:
# C  [libzip.so+0x5232]  Java_java_util_zip_ZipFile_getZipMessage+0x1592
#
# Failed to write core dump. Core dumps have been disabled. To enable core dumping, try "ulimit -c unlimited" before starting Java again
#
# If you would like to submit a bug report, please include
# instructions on how to reproduce the bug and visit:
#   https://bugs.launchpad.net/ubuntu/+source/openjdk-7/
# The crash happened outside the Java Virtual Machine in native code.
# See problematic frame for where to report the bug.
#

---------------  T H R E A D  ---------------

Current thread (0x777df000):  JavaThread "AWT-EventQueue-0" [_thread_in_native, id=5718, stack(0x775c8000,0x77619000)]

siginfo:si_signo=SIGBUS: si_errno=0, si_code=2 (BUS_ADRERR), si_addr=0x7a605555

Registers:
EAX=0x7a073438, EBX=0xb662d000, ECX=0x7ae00010, EDX=0x7a605538
ESP=0x77616070, EBP=0x776160f8, ESI=0x7a073584, EDI=0x7a073438
EIP=0xb6629232, EFLAGS=0x00210202, CR2=0x7a605555

Top of Stack: (sp=0x77616070)
0x77616070:   00000034 b6bce488 b65076a0 776160e8
0x77616080:   7ae0207c b6dcb173 00000000 b713e000
0x77616090:   00000000 b6e42420 75268340 b65401a0
0x776160a0:   00000000 b6b43aa5 b6dcb739 b713e000
0x776160b0:   7761619e 7a073438 776160f8 7a073438
0x776160c0:   7a073508 b713e000 00000000 b713e000
0x776160d0:   b713e000 b6c70ed6 b662d000 b6629ae0
0x776160e0:   7a073508 00000006 b66291bd b662d000 

Instructions: (pc=0xb6629232)
0xb6629212:   00 00 8b 06 8b 56 04 89 04 24 8b 45 c4 89 54 24
0xb6629222:   04 e8 f8 eb ff ff 89 c2 85 d2 0f 84 c6 02 00 00
0xb6629232:   0f b6 4a 1d 0f b6 42 1c 0f b6 72 0e c7 45 b0 00
0xb6629242:   00 00 00 c1 e1 08 09 c1 0f b6 42 0d 89 4d c8 0f 

Register to memory mapping:

EAX=0x7a073438 is an unknown value
EBX=0xb662d000: <offset 0x9000> in /usr/lib/jvm/java-7-openjdk-i386/jre/lib/i386/libzip.so at 0xb6624000
ECX=0x7ae00010 is an unknown value
EDX=0x7a605538 is an unknown value
ESP=0x77616070 is pointing into the stack for thread: 0x777df000
EBP=0x776160f8 is pointing into the stack for thread: 0x777df000
ESI=0x7a073584 is an unknown value
EDI=0x7a073438 is an unknown value


Stack: [0x775c8000,0x77619000],  sp=0x77616070,  free space=312k
Native frames: (J=compiled Java code, j=interpreted, Vv=VM code, C=native code)
C  [libzip.so+0x5232]  Java_java_util_zip_ZipFile_getZipMessage+0x1592
C  [libzip.so+0x6156]  ZIP_GetEntry+0xc6
C  [libzip.so+0x36da]  Java_java_util_zip_ZipFile_getEntry+0x14a
J  java.util.zip.ZipFile.getEntry(J[BZ)J
j  java.util.zip.ZipFile.getInputStream(Ljava/util/zip/ZipEntry;)Ljava/io/InputStream;+88
j  java.util.jar.JarFile.getBytes(Ljava/util/zip/ZipEntry;)[B+2
j  java.util.jar.JarFile.getManifestFromReference()Ljava/util/jar/Manifest;+44
j  java.util.jar.JarFile.getManifest()Ljava/util/jar/Manifest;+1
j  sun.misc.URLClassPath$JarLoader$2.getManifest()Ljava/util/jar/Manifest;+7
j  java.net.URLClassLoader.defineClass(Ljava/lang/String;Lsun/misc/Resource;)Ljava/lang/Class;+34
j  java.net.URLClassLoader.access$100(Ljava/net/URLClassLoader;Ljava/lang/String;Lsun/misc/Resource;)Ljava/lang/Class;+3
j  java.net.URLClassLoader$1.run()Ljava/lang/Class;+43
j  java.net.URLClassLoader$1.run()Ljava/lang/Object;+1
v  ~StubRoutines::call_stub
V  [libjvm.so+0x42b06c]  JavaCalls::call_helper(JavaValue*, methodHandle*, JavaCallArguments*, Thread*)+0x39c

Java frames: (J=compiled Java code, j=interpreted, Vv=VM code)
J  java.util.zip.ZipFile.getEntry(J[BZ)J
j  java.util.zip.ZipFile.getInputStream(Ljava/util/zip/ZipEntry;)Ljava/io/InputStream;+88
j  java.util.jar.JarFile.getBytes(Ljava/util/zip/ZipEntry;)[B+2
j  java.util.jar.JarFile.getManifestFromReference()Ljava/util/jar/Manifest;+44
j  java.util.jar.JarFile.getManifest()Ljava/util/jar/Manifest;+1
j  sun.misc.URLClassPath$JarLoader$2.getManifest()Ljava/util/jar/Manifest;+7
j  java.net.URLClassLoader.defineClass(Ljava/lang/String;Lsun/misc/Resource;)Ljava/lang/Class;+34
j  java.net.URLClassLoader.access$100(Ljava/net/URLClassLoader;Ljava/lang/String;Lsun/misc/Resource;)Ljava/lang/Class;+3
j  java.net.URLClassLoader$1.run()Ljava/lang/Class;+43
j  java.net.URLClassLoader$1.run()Ljava/lang/Object;+1
v  ~StubRoutines::call_stub
j  java.security.AccessController.doPrivileged(Ljava/security/PrivilegedExceptionAction;Ljava/security/AccessControlContext;)Ljava/lang/Object;+0
j  java.net.URLClassLoader.findClass(Ljava/lang/String;)Ljava/lang/Class;+13
j  java.lang.ClassLoader.loadClass(Ljava/lang/String;Z)Ljava/lang/Class;+70
j  java.lang.ClassLoader.loadClass(Ljava/lang/String;)Ljava/lang/Class;+3
v  ~StubRoutines::call_stub
j  java.lang.Class.forName0(Ljava/lang/String;ZLjava/lang/ClassLoader;)Ljava/lang/Class;+0
j  java.lang.Class.forName(Ljava/lang/String;ZLjava/lang/ClassLoader;)Ljava/lang/Class;+32
j  org.apache.jorphan.reflect.ClassFinder.isChildOf([Ljava/lang/Class;Ljava/lang/String;Ljava/lang/ClassLoader;)Z+3
j  org.apache.jorphan.reflect.ClassFinder.access$000([Ljava/lang/Class;Ljava/lang/String;Ljava/lang/ClassLoader;)Z+3
j  org.apache.jorphan.reflect.ClassFinder$FilterTreeSet.add(Ljava/lang/String;)Z+78
j  org.apache.jorphan.reflect.ClassFinder$FilterTreeSet.add(Ljava/lang/Object;)Z+5
j  org.apache.jorphan.reflect.ClassFinder.findClassesInOnePath(Ljava/lang/String;Ljava/util/Set;)V+90
j  org.apache.jorphan.reflect.ClassFinder.findClassesInPaths(Ljava/util/List;Ljava/util/Set;)V+28
j  org.apache.jorphan.reflect.ClassFinder.findClassesThatExtend([Ljava/lang/String;[Ljava/lang/Class;ZLjava/lang/String;Ljava/lang/String;Z)Ljava/util/List;+289
j  org.apache.jorphan.reflect.ClassFinder.findClassesThatExtend([Ljava/lang/String;[Ljava/lang/Class;ZLjava/lang/String;Ljava/lang/String;)Ljava/util/List;+7
j  org.apache.jorphan.reflect.ClassFinder.findClassesThatExtend([Ljava/lang/String;[Ljava/lang/Class;Z)Ljava/util/List;+5
j  org.apache.jorphan.reflect.ClassFinder.findClassesThatExtend([Ljava/lang/String;[Ljava/lang/Class;)Ljava/util/List;+3
j  org.apache.jmeter.gui.util.MenuFactory.initializeMenus()V+19
j  org.apache.jmeter.gui.util.MenuFactory.<clinit>()V+444
v  ~StubRoutines::call_stub
j  org.apache.jmeter.control.gui.WorkBenchGui.createPopupMenu()Ljavax/swing/JPopupMenu;+68
j  org.apache.jmeter.gui.tree.JMeterTreeNode.createPopupMenu()Ljavax/swing/JPopupMenu;+10
j  org.apache.jmeter.gui.action.EditCommand.doAction(Ljava/awt/event/ActionEvent;)V+31
j  org.apache.jmeter.gui.action.ActionRouter.performAction(Ljava/awt/event/ActionEvent;)V+105
j  org.apache.jmeter.gui.action.ActionRouter.access$0(Lorg/apache/jmeter/gui/action/ActionRouter;Ljava/awt/event/ActionEvent;)V+2
j  org.apache.jmeter.gui.action.ActionRouter$1.run()V+8
j  java.awt.event.InvocationEvent.dispatch()V+47
j  java.awt.EventQueue.dispatchEventImpl(Ljava/awt/AWTEvent;Ljava/lang/Object;)V+21
j  java.awt.EventQueue.access$200(Ljava/awt/EventQueue;Ljava/awt/AWTEvent;Ljava/lang/Object;)V+3
j  java.awt.EventQueue$3.run()Ljava/lang/Void;+12
j  java.awt.EventQueue$3.run()Ljava/lang/Object;+1
v  ~StubRoutines::call_stub
j  java.security.AccessController.doPrivileged(Ljava/security/PrivilegedAction;Ljava/security/AccessControlContext;)Ljava/lang/Object;+0
j  java.security.ProtectionDomain$1.doIntersectionPrivilege(Ljava/security/PrivilegedAction;Ljava/security/AccessControlContext;Ljava/security/AccessControlContext;)Ljava/lang/Object;+28
j  java.awt.EventQueue.dispatchEvent(Ljava/awt/AWTEvent;)V+46
j  java.awt.EventDispatchThread.pumpOneEventForFilters(I)V+245
j  java.awt.EventDispatchThread.pumpEventsForFilter(ILjava/awt/Conditional;Ljava/awt/EventFilter;)V+35
j  java.awt.EventDispatchThread.pumpEventsForHierarchy(ILjava/awt/Conditional;Ljava/awt/Component;)V+11
j  java.awt.EventDispatchThread.pumpEvents(ILjava/awt/Conditional;)V+4
j  java.awt.EventDispatchThread.pumpEvents(Ljava/awt/Conditional;)V+3
j  java.awt.EventDispatchThread.run()V+9
v  ~StubRoutines::call_stub

---------------  P R O C E S S  ---------------

Java Threads: ( => current thread )
  0xb650a800 JavaThread "DestroyJavaVM" [_thread_blocked, id=5698, stack(0xb6668000,0xb66b9000)]
  0x75cb8400 JavaThread "TimerQueue" daemon [_thread_blocked, id=5724, stack(0x75dad000,0x75dfe000)]
  0x74764400 JavaThread "Image Fetcher 0" daemon [_thread_blocked, id=5723, stack(0x75329000,0x7537a000)]
  0x7717f800 JavaThread "Timer-0" daemon [_thread_blocked, id=5719, stack(0x77577000,0x775c8000)]
=>0x777df000 JavaThread "AWT-EventQueue-0" [_thread_in_native, id=5718, stack(0x775c8000,0x77619000)]
  0x777ddc00 JavaThread "AWT-Shutdown" [_thread_blocked, id=5717, stack(0x77619000,0x7766a000)]
  0x77710800 JavaThread "Image Fetcher 3" daemon [_thread_blocked, id=5716, stack(0x776af000,0x77700000)]
  0x77708800 JavaThread "AWT-XAWT" daemon [_thread_in_native, id=5715, stack(0x7783f000,0x77890000)]
  0x79be6800 JavaThread "Java2D Disposer" daemon [_thread_blocked, id=5714, stack(0x77890000,0x778e1000)]
  0x7ad01400 JavaThread "Service Thread" daemon [_thread_blocked, id=5712, stack(0x7a8ad000,0x7a8fe000)]
  0x7b0fe800 JavaThread "C2 CompilerThread1" daemon [_thread_blocked, id=5711, stack(0x7a8fe000,0x7a97f000)]
  0x7b0fc800 JavaThread "C2 CompilerThread0" daemon [_thread_blocked, id=5710, stack(0x7a97f000,0x7aa00000)]
  0x7b0fac00 JavaThread "Signal Dispatcher" daemon [_thread_blocked, id=5709, stack(0x7af2e000,0x7af7f000)]
  0x7b0b8c00 JavaThread "Finalizer" daemon [_thread_blocked, id=5708, stack(0x7b110000,0x7b161000)]
  0x7b0b6c00 JavaThread "Reference Handler" daemon [_thread_blocked, id=5707, stack(0x7d72e000,0x7d77f000)]

Other Threads:
  0x7b0b0800 VMThread [stack: 0x7af7f000,0x7b000000] [id=5706]
  0x7ad03000 WatcherThread [stack: 0x7a82c000,0x7a8ad000] [id=5713]

VM state:not at safepoint (normal execution)

VM Mutex/Monitor currently owned by a thread: None

Heap
 PSYoungGen      total 25088K, used 14446K [0xa42c0000, 0xa73c0000, 0xb3410000)
  eden space 23168K, 54% used [0xa42c0000,0xa4efedb0,0xa5960000)
  from space 1920K, 99% used [0xa5960000,0xa5b3ca80,0xa5b40000)
  to   space 1920K, 0% used [0xa71e0000,0xa71e0000,0xa73c0000)
 ParOldGen       total 30848K, used 5065K [0x86010000, 0x87e30000, 0xa42c0000)
  object space 30848K, 16% used [0x86010000,0x86502648,0x87e30000)
 PSPermGen       total 16384K, used 15161K [0x7e010000, 0x7f010000, 0x86010000)
  object space 16384K, 92% used [0x7e010000,0x7eede4b0,0x7f010000)

Card table byte_map: [0x7de65000,0x7e010000] byte_map_base: 0x7da74f80

Polling page: 0xb7764000

Code Cache  [0xb34da000, 0xb371a000, 0xb64da000)
 total_blobs=425 nmethods=186 adapters=191 free_code_cache=48404Kb largest_free_block=49531840

Compilation events (10 events):
Event: 3.324 Thread 0x7b0fc800 nmethod 182 0xb352db08 code [0xb352dbe0, 0xb352dc30]
Event: 3.324 Thread 0x7b0fc800  183             java.util.TreeMap::getEntry (84 bytes)
Event: 3.330 Thread 0x7b0fc800 nmethod 183 0xb352e8c8 code [0xb352e9e0, 0xb352ecb0]
Event: 3.334 Thread 0x7b0fe800 nmethod 178 0xb352e748 code [0xb352e820, 0xb352e870]
Event: 3.348 Thread 0x7b0fc800  184             java.util.jar.Attributes$Name::isValid (45 bytes)
Event: 3.352 Thread 0x7b0fe800  185             sun.misc.ASCIICaseInsensitiveComparator::lowerCaseHashCode (36 bytes)
Event: 3.358 Thread 0x7b0fe800 nmethod 185 0xb352e308 code [0xb352e400, 0xb352e650]
Event: 3.358 Thread 0x7b0fc800 nmethod 184 0xb3557f08 code [0xb3558000, 0xb35581d0]
Event: 3.373 Thread 0x7b0fe800  186             java.util.zip.ZipCoder::getBytes (192 bytes)
Event: 3.389 Thread 0x7b0fe800 nmethod 186 0xb3556f08 code [0xb35570e0, 0xb3557780]

GC Heap History (6 events):
Event: 1.075 GC heap before
{Heap before GC invocations=1 (full 0):
 PSYoungGen      total 13504K, used 11584K [0xa42c0000, 0xa51d0000, 0xb3410000)
  eden space 11584K, 100% used [0xa42c0000,0xa4e10000,0xa4e10000)
  from space 1920K, 0% used [0xa4ff0000,0xa4ff0000,0xa51d0000)
  to   space 1920K, 0% used [0xa4e10000,0xa4e10000,0xa4ff0000)
 ParOldGen       total 30848K, used 0K [0x86010000, 0x87e30000, 0xa42c0000)
  object space 30848K, 0% used [0x86010000,0x86010000,0x87e30000)
 PSPermGen       total 16384K, used 8663K [0x7e010000, 0x7f010000, 0x86010000)
  object space 16384K, 52% used [0x7e010000,0x7e885dc0,0x7f010000)
Event: 1.090 GC heap after
Heap after GC invocations=1 (full 0):
 PSYoungGen      total 13504K, used 1913K [0xa42c0000, 0xa5d20000, 0xb3410000)
  eden space 11584K, 0% used [0xa42c0000,0xa42c0000,0xa4e10000)
  from space 1920K, 99% used [0xa4e10000,0xa4fee6e8,0xa4ff0000)
  to   space 1920K, 0% used [0xa5b40000,0xa5b40000,0xa5d20000)
 ParOldGen       total 30848K, used 843K [0x86010000, 0x87e30000, 0xa42c0000)
  object space 30848K, 2% used [0x86010000,0x860e2fd0,0x87e30000)
 PSPermGen       total 16384K, used 8663K [0x7e010000, 0x7f010000, 0x86010000)
  object space 16384K, 52% used [0x7e010000,0x7e885dc0,0x7f010000)
}
Event: 1.435 GC heap before
{Heap before GC invocations=2 (full 0):
 PSYoungGen      total 13504K, used 13497K [0xa42c0000, 0xa5d20000, 0xb3410000)
  eden space 11584K, 100% used [0xa42c0000,0xa4e10000,0xa4e10000)
  from space 1920K, 99% used [0xa4e10000,0xa4fee6e8,0xa4ff0000)
  to   space 1920K, 0% used [0xa5b40000,0xa5b40000,0xa5d20000)
 ParOldGen       total 30848K, used 843K [0x86010000, 0x87e30000, 0xa42c0000)
  object space 30848K, 2% used [0x86010000,0x860e2fd0,0x87e30000)
 PSPermGen       total 16384K, used 9633K [0x7e010000, 0x7f010000, 0x86010000)
  object space 16384K, 58% used [0x7e010000,0x7e978708,0x7f010000)
Event: 1.449 GC heap after
Heap after GC invocations=2 (full 0):
 PSYoungGen      total 25088K, used 1913K [0xa42c0000, 0xa5d20000, 0xb3410000)
  eden space 23168K, 0% used [0xa42c0000,0xa42c0000,0xa5960000)
  from space 1920K, 99% used [0xa5b40000,0xa5d1e6c8,0xa5d20000)
  to   space 1920K, 0% used [0xa5960000,0xa5960000,0xa5b40000)
 ParOldGen       total 30848K, used 1693K [0x86010000, 0x87e30000, 0xa42c0000)
  object space 30848K, 5% used [0x86010000,0x861b7708,0x87e30000)
 PSPermGen       total 16384K, used 9633K [0x7e010000, 0x7f010000, 0x86010000)
  object space 16384K, 58% used [0x7e010000,0x7e978708,0x7f010000)
}
Event: 2.983 GC heap before
{Heap before GC invocations=3 (full 0):
 PSYoungGen      total 25088K, used 25081K [0xa42c0000, 0xa5d20000, 0xb3410000)
  eden space 23168K, 100% used [0xa42c0000,0xa5960000,0xa5960000)
  from space 1920K, 99% used [0xa5b40000,0xa5d1e6c8,0xa5d20000)
  to   space 1920K, 0% used [0xa5960000,0xa5960000,0xa5b40000)
 ParOldGen       total 30848K, used 1693K [0x86010000, 0x87e30000, 0xa42c0000)
  object space 30848K, 5% used [0x86010000,0x861b7708,0x87e30000)
 PSPermGen       total 16384K, used 13386K [0x7e010000, 0x7f010000, 0x86010000)
  object space 16384K, 81% used [0x7e010000,0x7ed22868,0x7f010000)
Event: 2.999 GC heap after
Heap after GC invocations=3 (full 0):
 PSYoungGen      total 25088K, used 1906K [0xa42c0000, 0xa73c0000, 0xb3410000)
  eden space 23168K, 0% used [0xa42c0000,0xa42c0000,0xa5960000)
  from space 1920K, 99% used [0xa5960000,0xa5b3ca80,0xa5b40000)
  to   space 1920K, 0% used [0xa71e0000,0xa71e0000,0xa73c0000)
 ParOldGen       total 30848K, used 5065K [0x86010000, 0x87e30000, 0xa42c0000)
  object space 30848K, 16% used [0x86010000,0x86502648,0x87e30000)
 PSPermGen       total 16384K, used 13386K [0x7e010000, 0x7f010000, 0x86010000)
  object space 16384K, 81% used [0x7e010000,0x7ed22868,0x7f010000)
}

Deoptimization events (10 events):
Event: 1.697 Thread 0xb650a800 Uncommon trap -34 fr.pc 0xb353fc24
Event: 1.697 Thread 0xb650a800 Uncommon trap -34 fr.pc 0xb353fc24
Event: 2.333 Thread 0xb650a800 Uncommon trap 22 fr.pc 0xb355df8c
Event: 2.334 Thread 0xb650a800 Uncommon trap -67 fr.pc 0xb356458c
Event: 2.470 Thread 0xb650a800 Uncommon trap 56 fr.pc 0xb35623f0
Event: 2.951 Thread 0x74764400 Uncommon trap -83 fr.pc 0xb356de54
Event: 3.143 Thread 0x777df000 Uncommon trap -34 fr.pc 0xb3564d70
Event: 3.143 Thread 0x777df000 Uncommon trap -34 fr.pc 0xb3564d70
Event: 3.143 Thread 0x777df000 Uncommon trap -34 fr.pc 0xb3564d70
Event: 3.143 Thread 0x777df000 Uncommon trap -34 fr.pc 0xb3564d70

Internal exceptions (10 events):
Event: 3.424 Thread 0x777df000 Threw 0xa4e2b8a0 at /build/buildd/openjdk-7-7u21-2.3.9/build/openjdk/hotspot/src/share/vm/prims/jvm.cpp:1166
Event: 3.427 Thread 0x777df000 Threw 0xa4e56510 at /build/buildd/openjdk-7-7u21-2.3.9/build/openjdk/hotspot/src/share/vm/prims/jvm.cpp:1166
Event: 3.428 Thread 0x777df000 Threw 0xa4e63fe0 at /build/buildd/openjdk-7-7u21-2.3.9/build/openjdk/hotspot/src/share/vm/prims/jvm.cpp:1166
Event: 3.435 Thread 0x777df000 Threw 0xa4e7bde0 at /build/buildd/openjdk-7-7u21-2.3.9/build/openjdk/hotspot/src/share/vm/prims/jvm.cpp:1166
Event: 3.436 Thread 0x777df000 Threw 0xa4e89860 at /build/buildd/openjdk-7-7u21-2.3.9/build/openjdk/hotspot/src/share/vm/prims/jvm.cpp:1166
Event: 3.437 Thread 0x777df000 Threw 0xa4e96768 at /build/buildd/openjdk-7-7u21-2.3.9/build/openjdk/hotspot/src/share/vm/prims/jvm.cpp:1166
Event: 3.439 Thread 0x777df000 Threw 0xa4eadf70 at /build/buildd/openjdk-7-7u21-2.3.9/build/openjdk/hotspot/src/share/vm/prims/jvm.cpp:1166
Event: 3.445 Thread 0x777df000 Threw 0xa4ec4708 at /build/buildd/openjdk-7-7u21-2.3.9/build/openjdk/hotspot/src/share/vm/prims/jvm.cpp:1166
Event: 3.446 Thread 0x777df000 Threw 0xa4ecf868 at /build/buildd/openjdk-7-7u21-2.3.9/build/openjdk/hotspot/src/share/vm/prims/jni.cpp:716
Event: 3.446 Thread 0x777df000 Threw 0xa4ecfd78 at /build/buildd/openjdk-7-7u21-2.3.9/build/openjdk/hotspot/src/share/vm/prims/jvm.cpp:1166

Events (10 events):
Event: 3.437 loading class 0x7526f430
Event: 3.437 loading class 0x7526f430 done
Event: 3.438 loading class 0x7525a238
Event: 3.438 loading class 0x7525a238 done
Event: 3.445 loading class 0x75268378
Event: 3.445 loading class 0x75268378 done
Event: 3.446 loading class 0x7ad15a28
Event: 3.446 loading class 0x7ad15a28 done
Event: 3.446 loading class 0x7b0d9a80
Event: 3.446 loading class 0x7b0d9a80 done


Dynamic libraries:
08048000-08049000 r-xp 00000000 08:06 950270     /usr/lib/jvm/java-7-openjdk-i386/jre/bin/java
08049000-0804a000 r--p 00000000 08:06 950270     /usr/lib/jvm/java-7-openjdk-i386/jre/bin/java
0804a000-0804b000 rw-p 00001000 08:06 950270     /usr/lib/jvm/java-7-openjdk-i386/jre/bin/java
09a7f000-09b27000 rw-p 00000000 00:00 0          [heap]
74400000-74477000 rw-p 00000000 00:00 0 
74477000-74500000 ---p 00000000 00:00 0 
74600000-746f8000 rw-p 00000000 00:00 0 
746f8000-74700000 ---p 00000000 00:00 0 
74700000-747b3000 rw-p 00000000 00:00 0 
747b3000-74800000 ---p 00000000 00:00 0 
74800000-748fc000 rw-p 00000000 00:00 0 
748fc000-74900000 ---p 00000000 00:00 0 
749ff000-74a00000 ---p 00000000 00:00 0 
74a00000-75200000 rw-p 00000000 00:00 0          [stack:5722]
75200000-75300000 rw-p 00000000 00:00 0 
75329000-7532c000 ---p 00000000 00:00 0 
7532c000-7537a000 rw-p 00000000 00:00 0          [stack:5723]
7537a000-75394000 r-xp 00000000 08:06 534173     /usr/lib/i386-linux-gnu/libdbusmenu-glib.so.4.0.12
75394000-75395000 ---p 0001a000 08:06 534173     /usr/lib/i386-linux-gnu/libdbusmenu-glib.so.4.0.12
75395000-75396000 r--p 0001a000 08:06 534173     /usr/lib/i386-linux-gnu/libdbusmenu-glib.so.4.0.12
75396000-75397000 rw-p 0001b000 08:06 534173     /usr/lib/i386-linux-gnu/libdbusmenu-glib.so.4.0.12
75397000-753a8000 r-xp 00000000 08:06 526869     /usr/lib/i386-linux-gnu/libdbusmenu-gtk.so.4.0.12
753a8000-753a9000 r--p 00010000 08:06 526869     /usr/lib/i386-linux-gnu/libdbusmenu-gtk.so.4.0.12
753a9000-753aa000 rw-p 00011000 08:06 526869     /usr/lib/i386-linux-gnu/libdbusmenu-gtk.so.4.0.12
753c2000-753c7000 r-xp 00000000 08:06 526878     /usr/lib/i386-linux-gnu/gtk-2.0/2.10.0/menuproxies/libappmenu.so
753c7000-753c8000 r--p 00004000 08:06 526878     /usr/lib/i386-linux-gnu/gtk-2.0/2.10.0/menuproxies/libappmenu.so
753c8000-753c9000 rw-p 00005000 08:06 526878     /usr/lib/i386-linux-gnu/gtk-2.0/2.10.0/menuproxies/libappmenu.so
753c9000-753fb000 r-xp 00000000 08:06 531359     /usr/lib/i386-linux-gnu/gvfs/libgvfscommon.so
753fb000-753fc000 ---p 00032000 08:06 531359     /usr/lib/i386-linux-gnu/gvfs/libgvfscommon.so
753fc000-753fe000 r--p 00032000 08:06 531359     /usr/lib/i386-linux-gnu/gvfs/libgvfscommon.so
753fe000-753ff000 rw-p 00034000 08:06 531359     /usr/lib/i386-linux-gnu/gvfs/libgvfscommon.so
753ff000-75442000 r-xp 00000000 08:06 531450     /usr/lib/i386-linux-gnu/libibus-1.0.so.0.402.0
75442000-75443000 r--p 00043000 08:06 531450     /usr/lib/i386-linux-gnu/libibus-1.0.so.0.402.0
75443000-75444000 rw-p 00044000 08:06 531450     /usr/lib/i386-linux-gnu/libibus-1.0.so.0.402.0
75444000-75496000 r--p 00000000 08:06 12730      /usr/share/fonts/truetype/ttf-dejavu/DejaVuSansMono.ttf
75496000-754ed000 r--p 00000000 08:06 5007       /usr/share/fonts/truetype/ubuntu-font-family/Ubuntu-R.ttf
754ed000-754ef000 r-xp 00000000 08:06 682416     /usr/lib/i386-linux-gnu/pango/1.8.0/modules/pango-basic-fc.so
754ef000-754f0000 r--p 00002000 08:06 682416     /usr/lib/i386-linux-gnu/pango/1.8.0/modules/pango-basic-fc.so
754f0000-754f1000 rw-p 00003000 08:06 682416     /usr/lib/i386-linux-gnu/pango/1.8.0/modules/pango-basic-fc.so
754f5000-75505000 r-xp 00000000 08:06 811724     /lib/i386-linux-gnu/libudev.so.1.2.2
75505000-75506000 r--p 0000f000 08:06 811724     /lib/i386-linux-gnu/libudev.so.1.2.2
75506000-75507000 rw-p 00010000 08:06 811724     /lib/i386-linux-gnu/libudev.so.1.2.2
75507000-75537000 r-xp 00000000 08:06 527561     /usr/lib/i386-linux-gnu/gio/modules/libgvfsdbus.so
75537000-75538000 r--p 0002f000 08:06 527561     /usr/lib/i386-linux-gnu/gio/modules/libgvfsdbus.so
75538000-75539000 rw-p 00030000 08:06 527561     /usr/lib/i386-linux-gnu/gio/modules/libgvfsdbus.so
75539000-7553f000 r-xp 00000000 08:06 661996     /usr/lib/i386-linux-gnu/gtk-2.0/2.10.0/immodules/im-ibus.so
7553f000-75540000 r--p 00005000 08:06 661996     /usr/lib/i386-linux-gnu/gtk-2.0/2.10.0/immodules/im-ibus.so
75540000-75541000 rw-p 00006000 08:06 661996     /usr/lib/i386-linux-gnu/gtk-2.0/2.10.0/immodules/im-ibus.so
75a1c000-75c00000 rw-p 00000000 00:00 0 
75c00000-75cfc000 rw-p 00000000 00:00 0 
75cfc000-75d00000 ---p 00000000 00:00 0 
75d3b000-75d3c000 r--s 00000000 08:06 138095     /var/cache/fontconfig/c05880de57d1f5e948fdfacc138775d9-le32d4.cache-3
75d3c000-75d42000 r--s 00000000 08:06 138065     /var/cache/fontconfig/945677eb7aeaf62f1d50efc3fb3ec7d8-le32d4.cache-3
75d42000-75d44000 r--s 00000000 08:06 138093     /var/cache/fontconfig/99e8ed0e538f840c565b6ed5dad60d56-le32d4.cache-3
75d44000-75d47000 r--s 00000000 08:06 138092     /var/cache/fontconfig/2cd17615ca594fa2959ae173292e504c-le32d4.cache-3
75d47000-75d48000 r--s 00000000 08:06 138091     /var/cache/fontconfig/e7071f4a29fa870f4323321c154eba04-le32d4.cache-3
75d48000-75d4c000 r--s 00000000 08:06 138090     /var/cache/fontconfig/6eb3985aa4124903f6ff08ba781cd364-le32d4.cache-3
75d4c000-75d50000 r--s 00000000 08:06 138088     /var/cache/fontconfig/a755afe4a08bf5b97852ceb7400b47bc-le32d4.cache-3
75d50000-75d57000 r--s 00000000 08:06 138087     /var/cache/fontconfig/6d41288fd70b0be22e8c3a91e032eec0-le32d4.cache-3
75d57000-75d62000 r--s 00000000 08:06 138086     /var/cache/fontconfig/04aabc0a78ac019cf9454389977116d2-le32d4.cache-3
75d62000-75d65000 r--s 00000000 08:06 138084     /var/cache/fontconfig/385c0604a188198f04d133e54aba7fe7-le32d4.cache-3
75d65000-75d67000 r--s 00000000 08:06 138082     /var/cache/fontconfig/767a8244fc0220cfb567a839d0392e0b-le32d4.cache-3
75d67000-75d6a000 r--s 00000000 08:06 138080     /var/cache/fontconfig/8801497958630a81b71ace7c5f9b32a8-le32d4.cache-3
75d6a000-75d77000 r--s 00000000 08:06 138046     /var/cache/fontconfig/d52a8644073d54c13679302ca1180695-le32d4.cache-3
75d77000-75d83000 r--s 00000000 08:06 131979     /var/cache/fontconfig/7ef2298fde41cc6eeb7af42e48b7d293-le32d4.cache-3
75d83000-75d94000 r--s 00000000 08:06 138097     /var/cache/fontconfig/467c019e582ee353435ea5c21d137ef6-le32d4.cache-3
75dad000-75db0000 ---p 00000000 00:00 0 
75db0000-75dfe000 rw-p 00000000 00:00 0          [stack:5724]
75dfe000-75dff000 ---p 00000000 00:00 0 
75dff000-765ff000 rw-p 00000000 00:00 0          [stack:5721]
765ff000-76600000 ---p 00000000 00:00 0 
76600000-76e00000 rw-p 00000000 00:00 0          [stack:5720]
76e00000-76eff000 rw-p 00000000 00:00 0 
76eff000-76f00000 ---p 00000000 00:00 0 
76f00000-76f08000 r--s 00000000 08:06 138041     /var/cache/fontconfig/e13b20fdb08344e0e664864cc2ede53d-le32d4.cache-3
76f29000-76f6e000 r-xp 00000000 08:06 531954     /usr/lib/i386-linux-gnu/libjpeg.so.8.0.2
76f6e000-76f6f000 r--p 00044000 08:06 531954     /usr/lib/i386-linux-gnu/libjpeg.so.8.0.2
76f6f000-76f70000 rw-p 00045000 08:06 531954     /usr/lib/i386-linux-gnu/libjpeg.so.8.0.2
76f70000-76f80000 rw-p 00000000 00:00 0 
76f98000-76fd4000 r--p 00000000 08:06 918490     /usr/share/glib-2.0/schemas/gschemas.compiled
76fd4000-76ffd000 r-xp 00000000 08:06 532246     /usr/lib/i386-linux-gnu/libvorbis.so.0.4.5
76ffd000-76ffe000 ---p 00029000 08:06 532246     /usr/lib/i386-linux-gnu/libvorbis.so.0.4.5
76ffe000-76fff000 r--p 00029000 08:06 532246     /usr/lib/i386-linux-gnu/libvorbis.so.0.4.5
76fff000-77000000 rw-p 0002a000 08:06 532246     /usr/lib/i386-linux-gnu/libvorbis.so.0.4.5
77000000-770fe000 rw-p 00000000 00:00 0 
770fe000-77100000 ---p 00000000 00:00 0 
77100000-771f2000 rw-p 00000000 00:00 0 
771f2000-77200000 ---p 00000000 00:00 0 
77200000-772e2000 rw-p 00000000 00:00 0 
772e2000-77300000 ---p 00000000 00:00 0 
77300000-773fb000 rw-p 00000000 00:00 0 
773fb000-77400000 ---p 00000000 00:00 0 
77400000-774fa000 rw-p 00000000 00:00 0 
774fa000-77500000 ---p 00000000 00:00 0 
77500000-77504000 r--s 00000000 08:06 138079     /var/cache/fontconfig/3047814df9a2f067bd2d96a2b9c36e5a-le32d4.cache-3
7750b000-7750d000 rw-p 00000000 00:00 0 
7750d000-77516000 r-xp 00000000 08:06 950741     /usr/lib/jvm/java-7-openjdk-i386/jre/lib/i386/libjavajpeg.so
77516000-77517000 r--p 00008000 08:06 950741     /usr/lib/jvm/java-7-openjdk-i386/jre/lib/i386/libjavajpeg.so
77517000-77518000 rw-p 00009000 08:06 950741     /usr/lib/jvm/java-7-openjdk-i386/jre/lib/i386/libjavajpeg.so
77518000-7751e000 r-xp 00000000 08:06 532040     /usr/lib/i386-linux-gnu/libogg.so.0.8.0
7751e000-7751f000 r--p 00005000 08:06 532040     /usr/lib/i386-linux-gnu/libogg.so.0.8.0
7751f000-77520000 rw-p 00006000 08:06 532040     /usr/lib/i386-linux-gnu/libogg.so.0.8.0
77520000-77529000 r-xp 00000000 08:06 551955     /usr/lib/i386-linux-gnu/libltdl.so.7.3.0
77529000-7752a000 r--p 00008000 08:06 551955     /usr/lib/i386-linux-gnu/libltdl.so.7.3.0
7752a000-7752b000 rw-p 00009000 08:06 551955     /usr/lib/i386-linux-gnu/libltdl.so.7.3.0
7752b000-7753c000 r-xp 00000000 08:06 532188     /usr/lib/i386-linux-gnu/libtdb.so.1.2.10
7753c000-7753d000 r--p 00010000 08:06 532188     /usr/lib/i386-linux-gnu/libtdb.so.1.2.10
7753d000-7753e000 rw-p 00011000 08:06 532188     /usr/lib/i386-linux-gnu/libtdb.so.1.2.10
7753e000-77546000 r-xp 00000000 08:06 532250     /usr/lib/i386-linux-gnu/libvorbisfile.so.3.3.4
77546000-77547000 r--p 00007000 08:06 532250     /usr/lib/i386-linux-gnu/libvorbisfile.so.3.3.4
77547000-77548000 rw-p 00008000 08:06 532250     /usr/lib/i386-linux-gnu/libvorbisfile.so.3.3.4
77548000-77557000 r-xp 00000000 08:06 525786     /usr/lib/i386-linux-gnu/libcanberra.so.0.2.5
77557000-77558000 r--p 0000e000 08:06 525786     /usr/lib/i386-linux-gnu/libcanberra.so.0.2.5
77558000-77559000 rw-p 0000f000 08:06 525786     /usr/lib/i386-linux-gnu/libcanberra.so.0.2.5
77559000-7755d000 r-xp 00000000 08:06 526903     /usr/lib/i386-linux-gnu/libcanberra-gtk.so.0.1.9
7755d000-7755e000 r--p 00003000 08:06 526903     /usr/lib/i386-linux-gnu/libcanberra-gtk.so.0.1.9
7755e000-7755f000 rw-p 00004000 08:06 526903     /usr/lib/i386-linux-gnu/libcanberra-gtk.so.0.1.9
7755f000-77560000 r--s 00000000 08:06 138089     /var/cache/fontconfig/0d8c3b2ac0904cb8a57a757ad11a4a08-le32d4.cache-3
77560000-77564000 r--s 00000000 08:06 138076     /var/cache/fontconfig/b47c4e1ecd0709278f4910c18777a504-le32d4.cache-3
77564000-7756b000 r--p 00000000 08:07 2392520    /home/shekhar/.config/dconf/user
7756b000-77575000 r-xp 00000000 08:06 531817     /usr/lib/i386-linux-gnu/gio/modules/libdconfsettings.so
77575000-77576000 r--p 00009000 08:06 531817     /usr/lib/i386-linux-gnu/gio/modules/libdconfsettings.so
77576000-77577000 rw-p 0000a000 08:06 531817     /usr/lib/i386-linux-gnu/gio/modules/libdconfsettings.so
77577000-7757a000 ---p 00000000 00:00 0 
7757a000-775c8000 rw-p 00000000 00:00 0          [stack:5719]
775c8000-775cb000 ---p 00000000 00:00 0 
775cb000-77619000 rw-p 00000000 00:00 0          [stack:5718]
77619000-7761c000 ---p 00000000 00:00 0 
7761c000-7766a000 rw-p 00000000 00:00 0          [stack:5717]
7766a000-776ad000 r-xp 00000000 08:06 950742     /usr/lib/jvm/java-7-openjdk-i386/jre/lib/i386/libfontmanager.so
776ad000-776ae000 r--p 00043000 08:06 950742     /usr/lib/jvm/java-7-openjdk-i386/jre/lib/i386/libfontmanager.so
776ae000-776af000 rw-p 00044000 08:06 950742     /usr/lib/jvm/java-7-openjdk-i386/jre/lib/i386/libfontmanager.so
776af000-776b2000 ---p 00000000 00:00 0 
776b2000-77700000 rw-p 00000000 00:00 0          [stack:5716]
77700000-777fe000 rw-p 00000000 00:00 0 
777fe000-77800000 ---p 00000000 00:00 0 
77800000-77801000 r--s 00000000 08:06 138085     /var/cache/fontconfig/1ac9eb803944fde146138c791f5cc56a-le32d4.cache-3
77801000-77806000 r-xp 00000000 08:06 533744     /usr/lib/i386-linux-gnu/gtk-2.0/modules/libcanberra-gtk-module.so
77806000-77807000 r--p 00004000 08:06 533744     /usr/lib/i386-linux-gnu/gtk-2.0/modules/libcanberra-gtk-module.so
77807000-77808000 rw-p 00005000 08:06 533744     /usr/lib/i386-linux-gnu/gtk-2.0/modules/libcanberra-gtk-module.so
77808000-7783d000 r-xp 00000000 08:06 655661     /usr/lib/i386-linux-gnu/gtk-2.0/2.10.0/engines/libmurrine.so
7783d000-7783e000 r--p 00034000 08:06 655661     /usr/lib/i386-linux-gnu/gtk-2.0/2.10.0/engines/libmurrine.so
7783e000-7783f000 rw-p 00035000 08:06 655661     /usr/lib/i386-linux-gnu/gtk-2.0/2.10.0/engines/libmurrine.so
7783f000-77842000 ---p 00000000 00:00 0 
77842000-77890000 rw-p 00000000 00:00 0          [stack:5715]
77890000-77893000 ---p 00000000 00:00 0 
77893000-778e1000 rw-p 00000000 00:00 0          [stack:5714]
778e1000-78a50000 r-xp 00000000 08:06 527198     /usr/lib/i386-linux-gnu/libicudata.so.48.1.1
78a50000-78a51000 r--p 0116e000 08:06 527198     /usr/lib/i386-linux-gnu/libicudata.so.48.1.1
78a51000-78a52000 rw-p 0116f000 08:06 527198     /usr/lib/i386-linux-gnu/libicudata.so.48.1.1
78a52000-78a55000 r-xp 00000000 08:06 787158     /lib/i386-linux-gnu/libgpg-error.so.0.8.0
78a55000-78a56000 r--p 00002000 08:06 787158     /lib/i386-linux-gnu/libgpg-error.so.0.8.0
78a56000-78a57000 rw-p 00003000 08:06 787158     /lib/i386-linux-gnu/libgpg-error.so.0.8.0
78a57000-78a59000 r-xp 00000000 08:06 786491     /lib/i386-linux-gnu/libkeyutils.so.1.4
78a59000-78a5a000 r--p 00002000 08:06 786491     /lib/i386-linux-gnu/libkeyutils.so.1.4
78a5a000-78a5b000 rw-p 00003000 08:06 786491     /lib/i386-linux-gnu/libkeyutils.so.1.4
78a5b000-78bb1000 r-xp 00000000 08:06 526802     /usr/lib/i386-linux-gnu/libicuuc.so.48.1.1
78bb1000-78bbb000 r--p 00155000 08:06 526802     /usr/lib/i386-linux-gnu/libicuuc.so.48.1.1
78bbb000-78bbc000 rw-p 0015f000 08:06 526802     /usr/lib/i386-linux-gnu/libicuuc.so.48.1.1
78bbc000-78bc0000 rw-p 00000000 00:00 0 
78bc0000-78bf3000 r-xp 00000000 08:06 526833     /usr/lib/i386-linux-gnu/libicule.so.48.1.1
78bf3000-78bf4000 ---p 00033000 08:06 526833     /usr/lib/i386-linux-gnu/libicule.so.48.1.1
78bf4000-78bf5000 r--p 00033000 08:06 526833     /usr/lib/i386-linux-gnu/libicule.so.48.1.1
78bf5000-78bf6000 rw-p 00034000 08:06 526833     /usr/lib/i386-linux-gnu/libicule.so.48.1.1
78bf6000-78c3e000 r-xp 00000000 08:06 787264     /lib/i386-linux-gnu/libdbus-1.so.3.7.2
78c3e000-78c3f000 r--p 00047000 08:06 787264     /lib/i386-linux-gnu/libdbus-1.so.3.7.2
78c3f000-78c40000 rw-p 00048000 08:06 787264     /lib/i386-linux-gnu/libdbus-1.so.3.7.2
78c40000-78c52000 r-xp 00000000 08:06 526889     /usr/lib/i386-linux-gnu/libp11-kit.so.0.0.0
78c52000-78c53000 r--p 00011000 08:06 526889     /usr/lib/i386-linux-gnu/libp11-kit.so.0.0.0
78c53000-78c54000 rw-p 00012000 08:06 526889     /usr/lib/i386-linux-gnu/libp11-kit.so.0.0.0
78c54000-78c64000 r-xp 00000000 08:06 526887     /usr/lib/i386-linux-gnu/libtasn1.so.3.2.0
78c64000-78c65000 r--p 0000f000 08:06 526887     /usr/lib/i386-linux-gnu/libtasn1.so.3.2.0
78c65000-78c66000 rw-p 00010000 08:06 526887     /usr/lib/i386-linux-gnu/libtasn1.so.3.2.0
78c66000-78ce7000 r-xp 00000000 08:06 786487     /lib/i386-linux-gnu/libgcrypt.so.11.7.0
78ce7000-78ce8000 r--p 00080000 08:06 786487     /lib/i386-linux-gnu/libgcrypt.so.11.7.0
78ce8000-78cea000 rw-p 00081000 08:06 786487     /lib/i386-linux-gnu/libgcrypt.so.11.7.0
78cea000-78cf1000 r-xp 00000000 08:06 531965     /usr/lib/i386-linux-gnu/libkrb5support.so.0.1
78cf1000-78cf2000 r--p 00006000 08:06 531965     /usr/lib/i386-linux-gnu/libkrb5support.so.0.1
78cf2000-78cf3000 rw-p 00007000 08:06 531965     /usr/lib/i386-linux-gnu/libkrb5support.so.0.1
78cf3000-78cf6000 r-xp 00000000 08:06 786489     /lib/i386-linux-gnu/libcom_err.so.2.1
78cf6000-78cf7000 r--p 00002000 08:06 786489     /lib/i386-linux-gnu/libcom_err.so.2.1
78cf7000-78cf8000 rw-p 00003000 08:06 786489     /lib/i386-linux-gnu/libcom_err.so.2.1
78cf8000-78d1e000 r-xp 00000000 08:06 564729     /usr/lib/i386-linux-gnu/libk5crypto.so.3.1
78d1e000-78d1f000 r--p 00026000 08:06 564729     /usr/lib/i386-linux-gnu/libk5crypto.so.3.1
78d1f000-78d20000 rw-p 00027000 08:06 564729     /usr/lib/i386-linux-gnu/libk5crypto.so.3.1
78d20000-78de7000 r-xp 00000000 08:06 531842     /usr/lib/i386-linux-gnu/libkrb5.so.3.3
78de7000-78ded000 r--p 000c6000 08:06 531842     /usr/lib/i386-linux-gnu/libkrb5.so.3.3
78ded000-78dee000 rw-p 000cc000 08:06 531842     /usr/lib/i386-linux-gnu/libkrb5.so.3.3
78dee000-78e86000 r-xp 00000000 08:06 524457     /usr/lib/i386-linux-gnu/libharfbuzz.so.0.913.0
78e86000-78e87000 ---p 00098000 08:06 524457     /usr/lib/i386-linux-gnu/libharfbuzz.so.0.913.0
78e87000-78e88000 r--p 00098000 08:06 524457     /usr/lib/i386-linux-gnu/libharfbuzz.so.0.913.0
78e88000-78e89000 rw-p 00099000 08:06 524457     /usr/lib/i386-linux-gnu/libharfbuzz.so.0.913.0
78e89000-78e91000 r-xp 00000000 08:06 530416     /usr/lib/i386-linux-gnu/libxcb-render.so.0.0.0
78e91000-78e92000 r--p 00008000 08:06 530416     /usr/lib/i386-linux-gnu/libxcb-render.so.0.0.0
78e92000-78e93000 rw-p 00009000 08:06 530416     /usr/lib/i386-linux-gnu/libxcb-render.so.0.0.0
78e93000-78e95000 r-xp 00000000 08:06 530420     /usr/lib/i386-linux-gnu/libxcb-shm.so.0.0.0
78e95000-78e96000 r--p 00001000 08:06 530420     /usr/lib/i386-linux-gnu/libxcb-shm.so.0.0.0
78e96000-78e97000 rw-p 00002000 08:06 530420     /usr/lib/i386-linux-gnu/libxcb-shm.so.0.0.0
78e97000-78ebe000 r-xp 00000000 08:06 787260     /lib/i386-linux-gnu/libpng12.so.0.49.0
78ebe000-78ebf000 r--p 00026000 08:06 787260     /lib/i386-linux-gnu/libpng12.so.0.49.0
78ebf000-78ec0000 rw-p 00027000 08:06 787260     /lib/i386-linux-gnu/libpng12.so.0.49.0
78ec0000-78f54000 r-xp 00000000 08:06 524446     /usr/lib/i386-linux-gnu/libpixman-1.so.0.28.2
78f54000-78f59000 r--p 00093000 08:06 524446     /usr/lib/i386-linux-gnu/libpixman-1.so.0.28.2
78f59000-78f5a000 rw-p 00098000 08:06 524446     /usr/lib/i386-linux-gnu/libpixman-1.so.0.28.2
78f5a000-78f5f000 r-xp 00000000 08:06 531535     /usr/lib/i386-linux-gnu/libXdmcp.so.6.0.0
78f5f000-78f60000 r--p 00004000 08:06 531535     /usr/lib/i386-linux-gnu/libXdmcp.so.6.0.0
78f60000-78f61000 rw-p 00005000 08:06 531535     /usr/lib/i386-linux-gnu/libXdmcp.so.6.0.0
78f61000-78f63000 r-xp 00000000 08:06 531524     /usr/lib/i386-linux-gnu/libXau.so.6.0.0
78f63000-78f64000 r--p 00001000 08:06 531524     /usr/lib/i386-linux-gnu/libXau.so.6.0.0
78f64000-78f65000 rw-p 00002000 08:06 531524     /usr/lib/i386-linux-gnu/libXau.so.6.0.0
78f65000-78f75000 r-xp 00000000 08:06 531606     /usr/lib/i386-linux-gnu/libavahi-client.so.3.2.9
78f75000-78f76000 r--p 0000f000 08:06 531606     /usr/lib/i386-linux-gnu/libavahi-client.so.3.2.9
78f76000-78f77000 rw-p 00010000 08:06 531606     /usr/lib/i386-linux-gnu/libavahi-client.so.3.2.9
78f77000-78f83000 r-xp 00000000 08:06 531096     /usr/lib/i386-linux-gnu/libavahi-common.so.3.5.3
78f83000-78f84000 r--p 0000b000 08:06 531096     /usr/lib/i386-linux-gnu/libavahi-common.so.3.5.3
78f84000-78f85000 rw-p 0000c000 08:06 531096     /usr/lib/i386-linux-gnu/libavahi-common.so.3.5.3
78f85000-79045000 r-xp 00000000 08:06 524707     /usr/lib/i386-linux-gnu/libgnutls.so.26.22.6
79045000-79049000 r--p 000bf000 08:06 524707     /usr/lib/i386-linux-gnu/libgnutls.so.26.22.6
79049000-7904a000 rw-p 000c3000 08:06 524707     /usr/lib/i386-linux-gnu/libgnutls.so.26.22.6
7904a000-79085000 r-xp 00000000 08:06 531959     /usr/lib/i386-linux-gnu/libgssapi_krb5.so.2.2
79085000-79086000 r--p 0003a000 08:06 531959     /usr/lib/i386-linux-gnu/libgssapi_krb5.so.2.2
79086000-79087000 rw-p 0003b000 08:06 531959     /usr/lib/i386-linux-gnu/libgssapi_krb5.so.2.2
79087000-790ac000 r-xp 00000000 08:06 787138     /lib/i386-linux-gnu/libexpat.so.1.6.0
790ac000-790ae000 r--p 00025000 08:06 787138     /lib/i386-linux-gnu/libexpat.so.1.6.0
790ae000-790af000 rw-p 00027000 08:06 787138     /lib/i386-linux-gnu/libexpat.so.1.6.0
790af000-79145000 r-xp 00000000 08:06 527327     /usr/lib/i386-linux-gnu/libfreetype.so.6.10.0
79145000-79149000 r--p 00095000 08:06 527327     /usr/lib/i386-linux-gnu/libfreetype.so.6.10.0
79149000-7914a000 rw-p 00099000 08:06 527327     /usr/lib/i386-linux-gnu/libfreetype.so.6.10.0
7914a000-7914c000 r-xp 00000000 08:06 531533     /usr/lib/i386-linux-gnu/libXdamage.so.1.1.0
7914c000-7914d000 r--p 00001000 08:06 531533     /usr/lib/i386-linux-gnu/libXdamage.so.1.1.0
7914d000-7914e000 rw-p 00002000 08:06 531533     /usr/lib/i386-linux-gnu/libXdamage.so.1.1.0
7914e000-79150000 r-xp 00000000 08:06 531529     /usr/lib/i386-linux-gnu/libXcomposite.so.1.0.0
79150000-79151000 r--p 00001000 08:06 531529     /usr/lib/i386-linux-gnu/libXcomposite.so.1.0.0
79151000-79152000 rw-p 00002000 08:06 531529     /usr/lib/i386-linux-gnu/libXcomposite.so.1.0.0
79152000-7915b000 r-xp 00000000 08:06 530623     /usr/lib/i386-linux-gnu/libXcursor.so.1.0.2
7915b000-7915c000 r--p 00008000 08:06 530623     /usr/lib/i386-linux-gnu/libXcursor.so.1.0.2
7915c000-7915d000 rw-p 00009000 08:06 530623     /usr/lib/i386-linux-gnu/libXcursor.so.1.0.2
7915d000-79166000 r-xp 00000000 08:06 531556     /usr/lib/i386-linux-gnu/libXrandr.so.2.2.0
79166000-79167000 r--p 00008000 08:06 531556     /usr/lib/i386-linux-gnu/libXrandr.so.2.2.0
79167000-79168000 rw-p 00009000 08:06 531556     /usr/lib/i386-linux-gnu/libXrandr.so.2.2.0
79168000-7916a000 r-xp 00000000 08:06 530630     /usr/lib/i386-linux-gnu/libXinerama.so.1.0.0
7916a000-7916b000 r--p 00001000 08:06 530630     /usr/lib/i386-linux-gnu/libXinerama.so.1.0.0
7916b000-7916c000 rw-p 00002000 08:06 530630     /usr/lib/i386-linux-gnu/libXinerama.so.1.0.0
7916c000-7917e000 r-xp 00000000 08:06 524470     /usr/lib/i386-linux-gnu/libpangoft2-1.0.so.0.3200.5
7917e000-7917f000 r--p 00011000 08:06 524470     /usr/lib/i386-linux-gnu/libpangoft2-1.0.so.0.3200.5
7917f000-79180000 rw-p 00012000 08:06 524470     /usr/lib/i386-linux-gnu/libpangoft2-1.0.so.0.3200.5
79180000-79293000 r-xp 00000000 08:06 532272     /usr/lib/i386-linux-gnu/libcairo.so.2.11200.14
79293000-79295000 r--p 00113000 08:06 532272     /usr/lib/i386-linux-gnu/libcairo.so.2.11200.14
79295000-79296000 rw-p 00115000 08:06 532272     /usr/lib/i386-linux-gnu/libcairo.so.2.11200.14
79296000-79297000 rw-p 00000000 00:00 0 
79297000-792b5000 r-xp 00000000 08:06 527074     /usr/lib/i386-linux-gnu/libatk-1.0.so.0.20809.1
792b5000-792b7000 r--p 0001d000 08:06 527074     /usr/lib/i386-linux-gnu/libatk-1.0.so.0.20809.1
792b7000-792b8000 rw-p 0001f000 08:06 527074     /usr/lib/i386-linux-gnu/libatk-1.0.so.0.20809.1
792b8000-792bd000 r-xp 00000000 08:06 531536     /usr/lib/i386-linux-gnu/libXfixes.so.3.1.0
792bd000-792be000 r--p 00004000 08:06 531536     /usr/lib/i386-linux-gnu/libXfixes.so.3.1.0
792be000-792bf000 rw-p 00005000 08:06 531536     /usr/lib/i386-linux-gnu/libXfixes.so.3.1.0
792bf000-792ca000 r-xp 00000000 08:06 530444     /usr/lib/i386-linux-gnu/libpangocairo-1.0.so.0.3200.5
792ca000-792cb000 r--p 0000a000 08:06 530444     /usr/lib/i386-linux-gnu/libpangocairo-1.0.so.0.3200.5
792cb000-792cc000 rw-p 0000b000 08:06 530444     /usr/lib/i386-linux-gnu/libpangocairo-1.0.so.0.3200.5
792cc000-792ec000 r-xp 00000000 08:06 551813     /usr/lib/i386-linux-gnu/libxcb.so.1.1.0
792ec000-792ed000 r--p 0001f000 08:06 551813     /usr/lib/i386-linux-gnu/libxcb.so.1.1.0
792ed000-792ee000 rw-p 00020000 08:06 551813     /usr/lib/i386-linux-gnu/libxcb.so.1.1.0
792ee000-79348000 r-xp 00000000 08:06 527444     /usr/lib/i386-linux-gnu/libcups.so.2
79348000-79349000 ---p 0005a000 08:06 527444     /usr/lib/i386-linux-gnu/libcups.so.2
79349000-7934c000 r--p 0005a000 08:06 527444     /usr/lib/i386-linux-gnu/libcups.so.2
7934c000-7934d000 rw-p 0005d000 08:06 527444     /usr/lib/i386-linux-gnu/libcups.so.2
7934d000-79384000 r-xp 00000000 08:06 528670     /usr/lib/i386-linux-gnu/libfontconfig.so.1.6.2
79384000-79385000 r--p 00036000 08:06 528670     /usr/lib/i386-linux-gnu/libfontconfig.so.1.6.2
79385000-79386000 rw-p 00037000 08:06 528670     /usr/lib/i386-linux-gnu/libfontconfig.so.1.6.2
79386000-793cf000 r-xp 00000000 08:06 530446     /usr/lib/i386-linux-gnu/libpango-1.0.so.0.3200.5
793cf000-793d0000 r--p 00049000 08:06 530446     /usr/lib/i386-linux-gnu/libpango-1.0.so.0.3200.5
793d0000-793d1000 rw-p 0004a000 08:06 530446     /usr/lib/i386-linux-gnu/libpango-1.0.so.0.3200.5
793d1000-793f1000 r-xp 00000000 08:06 564810     /usr/lib/i386-linux-gnu/libgdk_pixbuf-2.0.so.0.2800.0
793f1000-793f2000 ---p 00020000 08:06 564810     /usr/lib/i386-linux-gnu/libgdk_pixbuf-2.0.so.0.2800.0
793f2000-793f3000 r--p 00020000 08:06 564810     /usr/lib/i386-linux-gnu/libgdk_pixbuf-2.0.so.0.2800.0
793f3000-793f4000 rw-p 00021000 08:06 564810     /usr/lib/i386-linux-gnu/libgdk_pixbuf-2.0.so.0.2800.0
793f4000-7949f000 r-xp 00000000 08:06 528005     /usr/lib/i386-linux-gnu/libgdk-x11-2.0.so.0.2400.17
7949f000-794a1000 r--p 000ab000 08:06 528005     /usr/lib/i386-linux-gnu/libgdk-x11-2.0.so.0.2400.17
794a1000-794a2000 rw-p 000ad000 08:06 528005     /usr/lib/i386-linux-gnu/libgdk-x11-2.0.so.0.2400.17
794a2000-79903000 r-xp 00000000 08:06 559357     /usr/lib/i386-linux-gnu/libgtk-x11-2.0.so.0.2400.17
79903000-79907000 r--p 00461000 08:06 559357     /usr/lib/i386-linux-gnu/libgtk-x11-2.0.so.0.2400.17
79907000-79909000 rw-p 00465000 08:06 559357     /usr/lib/i386-linux-gnu/libgtk-x11-2.0.so.0.2400.17
79909000-7990b000 rw-p 00000000 00:00 0 
7990b000-79a3e000 r-xp 00000000 08:06 551926     /usr/lib/i386-linux-gnu/libX11.so.6.3.0
79a3e000-79a3f000 r--p 00132000 08:06 551926     /usr/lib/i386-linux-gnu/libX11.so.6.3.0
79a3f000-79a42000 rw-p 00133000 08:06 551926     /usr/lib/i386-linux-gnu/libX11.so.6.3.0
79a42000-79ad4000 r-xp 00000000 08:06 950710     /usr/lib/jvm/java-7-openjdk-i386/jre/lib/i386/libawt.so
79ad4000-79ad5000 r--p 00091000 08:06 950710     /usr/lib/jvm/java-7-openjdk-i386/jre/lib/i386/libawt.so
79ad5000-79adc000 rw-p 00092000 08:06 950710     /usr/lib/jvm/java-7-openjdk-i386/jre/lib/i386/libawt.so
79adc000-79b00000 rw-p 00000000 00:00 0 
79b00000-79c00000 rw-p 00000000 00:00 0 
79c00000-79cfb000 rw-p 00000000 00:00 0 
79cfb000-79d00000 ---p 00000000 00:00 0 
79d00000-79d01000 r--s 00000000 08:06 138083     /var/cache/fontconfig/dc05db6664285cc2f12bf69c139ae4c3-le32d4.cache-3
79d01000-79d02000 r--s 00000000 08:06 138081     /var/cache/fontconfig/4794a0821666d79190d59a36cb4f44b5-le32d4.cache-3
79d02000-79d03000 r--s 00000000 08:06 138078     /var/cache/fontconfig/56cf4f4769d0f4abc89a4895d7bd3ae1-le32d4.cache-3
79d03000-79d04000 r-xp 00000000 08:06 554918     /usr/lib/i386-linux-gnu/libgthread-2.0.so.0.3600.0
79d04000-79d05000 r--p 00000000 08:06 554918     /usr/lib/i386-linux-gnu/libgthread-2.0.so.0.3600.0
79d05000-79d06000 rw-p 00001000 08:06 554918     /usr/lib/i386-linux-gnu/libgthread-2.0.so.0.3600.0
79d06000-79d14000 r-xp 00000000 08:06 530628     /usr/lib/i386-linux-gnu/libXi.so.6.1.0
79d14000-79d15000 r--p 0000d000 08:06 530628     /usr/lib/i386-linux-gnu/libXi.so.6.1.0
79d15000-79d16000 rw-p 0000e000 08:06 530628     /usr/lib/i386-linux-gnu/libXi.so.6.1.0
79d16000-79d1b000 r-xp 00000000 08:06 531558     /usr/lib/i386-linux-gnu/libXtst.so.6.1.0
79d1b000-79d1c000 r--p 00004000 08:06 531558     /usr/lib/i386-linux-gnu/libXtst.so.6.1.0
79d1c000-79d1d000 rw-p 00005000 08:06 531558     /usr/lib/i386-linux-gnu/libXtst.so.6.1.0
79d1d000-79d25000 r-xp 00000000 08:06 531538     /usr/lib/i386-linux-gnu/libXrender.so.1.3.0
79d25000-79d26000 r--p 00008000 08:06 531538     /usr/lib/i386-linux-gnu/libXrender.so.1.3.0
79d26000-79d27000 rw-p 00009000 08:06 531538     /usr/lib/i386-linux-gnu/libXrender.so.1.3.0
79d27000-79d37000 r-xp 00000000 08:06 535459     /usr/lib/i386-linux-gnu/libXext.so.6.4.0
79d37000-79d38000 r--p 0000f000 08:06 535459     /usr/lib/i386-linux-gnu/libXext.so.6.4.0
79d38000-79d39000 rw-p 00010000 08:06 535459     /usr/lib/i386-linux-gnu/libXext.so.6.4.0
79d39000-79d3a000 r--s 00000000 08:06 138077     /var/cache/fontconfig/b9d506c9ac06c20b433354fa67a72993-le32d4.cache-3
79d3a000-79d3b000 r--s 00000000 08:06 138074     /var/cache/fontconfig/0c9eb80ebd1c36541ebe2852d3bb0c49-le32d4.cache-3
79d3b000-79d3c000 r--s 00000000 08:06 138098     /var/cache/fontconfig/e0aa53bcfa504e64f87823c16bc01eb6-le32d4.cache-3
79d3c000-79d3d000 r--s 00000000 08:06 138067     /var/cache/fontconfig/82f066bdc3ba9c347dd754c5318581b1-le32d4.cache-3
79d3d000-79d3e000 r--s 00000000 00:14 19472      /run/user/shekhar/dconf/user
79d3e000-79d4f000 r-xp 00000000 08:06 527415     /usr/lib/i386-linux-gnu/gtk-2.0/modules/liboverlay-scrollbar.so
79d4f000-79d50000 r--p 00010000 08:06 527415     /usr/lib/i386-linux-gnu/gtk-2.0/modules/liboverlay-scrollbar.so
79d50000-79d51000 rw-p 00011000 08:06 527415     /usr/lib/i386-linux-gnu/gtk-2.0/modules/liboverlay-scrollbar.so
79d51000-79da3000 r-xp 00000000 08:06 950676     /usr/lib/jvm/java-7-openjdk-i386/jre/lib/i386/xawt/libmawt.so
79da3000-79da4000 r--p 00051000 08:06 950676     /usr/lib/jvm/java-7-openjdk-i386/jre/lib/i386/xawt/libmawt.so
79da4000-79da6000 rw-p 00052000 08:06 950676     /usr/lib/jvm/java-7-openjdk-i386/jre/lib/i386/xawt/libmawt.so
79da6000-79da7000 rw-p 00000000 00:00 0 
79da7000-79db2000 r--s 001fb000 08:06 1062334    /usr/lib/jvm/java-7-openjdk-common/jre/lib/charsets.jar
79db2000-79dbd000 r--s 001fb000 08:06 1062334    /usr/lib/jvm/java-7-openjdk-common/jre/lib/charsets.jar
79dbd000-79dc9000 r--s 0006a000 08:07 2779052    /home/shekhar/Ubuntu One/workspace/JMeter/lib/xstream-1.4.2.jar
79dc9000-79dd3000 r--s 00075000 08:07 2779037    /home/shekhar/Ubuntu One/workspace/JMeter/lib/xmlgraphics-commons-1.3.1.jar
79dd3000-79ddb000 r--s 00028000 08:07 2779065    /home/shekhar/Ubuntu One/workspace/JMeter/lib/xml-apis-1.3.04.jar
79ddb000-79e00000 r--s 002e3000 08:07 2779073    /home/shekhar/Ubuntu One/workspace/JMeter/lib/xalan-2.7.1.jar
79e00000-79eff000 rw-p 00000000 00:00 0 
79eff000-79f00000 ---p 00000000 00:00 0 
79f00000-79f02000 r--s 00004000 08:07 2779087    /home/shekhar/Ubuntu One/workspace/JMeter/lib/junit/test.jar
79f02000-79f04000 r--s 00005000 08:07 2779040    /home/shekhar/Ubuntu One/workspace/JMeter/lib/xpp3_min-1.1.4c.jar
79f04000-79f05000 r--s 00001000 08:07 2779056    /home/shekhar/Ubuntu One/workspace/JMeter/lib/xmlpull-1.1.3.1.jar
79f05000-79f1d000 r--s 00115000 08:07 2779033    /home/shekhar/Ubuntu One/workspace/JMeter/lib/xercesImpl-2.9.1.jar
79f1d000-79f25000 r--s 0006f000 08:07 2779083    /home/shekhar/Ubuntu One/workspace/JMeter/lib/tika-parsers-1.3.jar
79f25000-79f2c000 r--s 0006e000 08:07 2779062    /home/shekhar/Ubuntu One/workspace/JMeter/lib/tika-core-1.3.jar
79f2c000-79f30000 r--s 00035000 08:07 2779041    /home/shekhar/Ubuntu One/workspace/JMeter/lib/soap-2.3.1.jar
79f30000-79f32000 r--s 00005000 08:07 2779058    /home/shekhar/Ubuntu One/workspace/JMeter/lib/slf4j-api-1.7.2.jar
79f32000-79f35000 r--s 00041000 08:07 2779070    /home/shekhar/Ubuntu One/workspace/JMeter/lib/serializer-2.7.1.jar
79f35000-79f42000 r--s 00109000 08:07 2779057    /home/shekhar/Ubuntu One/workspace/JMeter/lib/rhino-1.7R4.jar
79f42000-79f44000 r--s 0000e000 08:07 2779055    /home/shekhar/Ubuntu One/workspace/JMeter/lib/oro-2.0.8.jar
79f44000-79f4b000 r--s 00072000 08:07 2779029    /home/shekhar/Ubuntu One/workspace/JMeter/lib/mail-1.4.4.jar
79f4b000-79f4d000 r--s 00012000 08:07 2779060    /home/shekhar/Ubuntu One/workspace/JMeter/lib/logkit-2.0.jar
79f4d000-79f54000 r--s 00037000 08:07 2779079    /home/shekhar/Ubuntu One/workspace/JMeter/lib/junit-4.10.jar
79f54000-79f58000 r--s 0003a000 08:07 2779039    /home/shekhar/Ubuntu One/workspace/JMeter/lib/jtidy-r938.jar
79f58000-79f5d000 r--s 0003f000 08:07 2779061    /home/shekhar/Ubuntu One/workspace/JMeter/lib/jsoup-1.7.1.jar
79f5d000-79f60000 r--s 00019000 08:07 2779053    /home/shekhar/Ubuntu One/workspace/JMeter/lib/jorphan.jar
79f60000-79f64000 r--s 0001d000 08:07 2779031    /home/shekhar/Ubuntu One/workspace/JMeter/lib/jodd-lagarto-3.4.1.jar
79f64000-79f6a000 r--s 00060000 08:07 2779047    /home/shekhar/Ubuntu One/workspace/JMeter/lib/jodd-core-3.4.1.jar
79f6a000-79f77000 r--s 000ff000 08:07 2779035    /home/shekhar/Ubuntu One/workspace/JMeter/lib/jfreechart-1.0.2.jar
79f77000-79f7a000 r--s 00023000 08:07 2779050    /home/shekhar/Ubuntu One/workspace/JMeter/lib/jdom-1.1.2.jar
79f7a000-79f88000 r--s 0007e000 08:07 2779072    /home/shekhar/Ubuntu One/workspace/JMeter/lib/jdnc-0_6-all.jar
79f88000-79f8e000 r--s 00046000 08:07 2779063    /home/shekhar/Ubuntu One/workspace/JMeter/lib/jcommon-1.0.5.jar
79f8e000-79f92000 r--s 0001f000 08:07 2779046    /home/shekhar/Ubuntu One/workspace/JMeter/lib/jcharts-0.7.5.jar
79f92000-79f94000 r--s 00005000 08:07 2779077    /home/shekhar/Ubuntu One/workspace/JMeter/lib/httpmime-4.2.3.jar
79f94000-79f9a000 r--s 00032000 08:07 2779071    /home/shekhar/Ubuntu One/workspace/JMeter/lib/httpcore-4.2.3.jar
79f9a000-79fa3000 r--s 00061000 08:07 2779064    /home/shekhar/Ubuntu One/workspace/JMeter/lib/httpclient-4.2.3.jar
79fa3000-79fa6000 r--s 0001f000 08:07 2779076    /home/shekhar/Ubuntu One/workspace/JMeter/lib/htmlparser-2.1.jar
79fa6000-79fa8000 r--s 00010000 08:07 2779045    /home/shekhar/Ubuntu One/workspace/JMeter/lib/htmllexer-2.1.jar
79fa8000-79faa000 r--s 00006000 08:07 2779067    /home/shekhar/Ubuntu One/workspace/JMeter/lib/geronimo-jms_1.1_spec-1.1.1.jar
79faa000-79fab000 r--s 0000a000 08:07 2779075    /home/shekhar/Ubuntu One/workspace/JMeter/lib/excalibur-pool-1.2.jar
79fab000-79fad000 r--s 00011000 08:07 2779048    /home/shekhar/Ubuntu One/workspace/JMeter/lib/excalibur-logger-1.1.jar
79fad000-79faf000 r--s 00003000 08:07 2779030    /home/shekhar/Ubuntu One/workspace/JMeter/lib/excalibur-instrument-1.0.jar
79faf000-79fb1000 r--s 0000c000 08:07 2779066    /home/shekhar/Ubuntu One/workspace/JMeter/lib/excalibur-datasource-1.1.1.jar
79fb1000-79fb6000 r--s 0003e000 08:07 2779049    /home/shekhar/Ubuntu One/workspace/JMeter/lib/commons-net-3.1.jar
79fb6000-79fb8000 r--s 0000d000 08:07 2779051    /home/shekhar/Ubuntu One/workspace/JMeter/lib/commons-logging-1.1.1.jar
79fb8000-79fbe000 r--s 00048000 08:07 2779074    /home/shekhar/Ubuntu One/workspace/JMeter/lib/commons-lang3-3.1.jar
79fbe000-79fc3000 r--s 00041000 08:07 2779080    /home/shekhar/Ubuntu One/workspace/JMeter/lib/commons-lang-2.6.jar
79fc3000-79fc9000 r--s 0003c000 08:07 2779036    /home/shekhar/Ubuntu One/workspace/JMeter/lib/commons-jexl-2.1.1.jar
79fc9000-79fcd000 r--s 0001d000 08:07 2779078    /home/shekhar/Ubuntu One/workspace/JMeter/lib/commons-jexl-1.1.jar
79fcd000-79fd1000 r--s 00027000 08:07 2779069    /home/shekhar/Ubuntu One/workspace/JMeter/lib/commons-io-2.2.jar
79fd1000-79fd7000 r--s 00045000 08:07 2779032    /home/shekhar/Ubuntu One/workspace/JMeter/lib/commons-httpclient-3.1.jar
79fd7000-79fe5000 r--s 0007f000 08:07 2779034    /home/shekhar/Ubuntu One/workspace/JMeter/lib/commons-collections-3.2.1.jar
79fe5000-79feb000 r--s 00033000 08:07 2779059    /home/shekhar/Ubuntu One/workspace/JMeter/lib/commons-codec-1.6.jar
79feb000-79ff0000 r--s 00059000 08:07 2779038    /home/shekhar/Ubuntu One/workspace/JMeter/lib/bsh-2.0b5.jar
79ff0000-79ff3000 r--s 00019000 08:07 2779082    /home/shekhar/Ubuntu One/workspace/JMeter/lib/bsf-2.4.0.jar
79ff3000-79ff6000 r--s 0000f000 08:07 2779081    /home/shekhar/Ubuntu One/workspace/JMeter/lib/avalon-framework-4.1.4.jar
79ff6000-7a000000 r--s 00096000 08:07 2779090    /home/shekhar/Ubuntu One/workspace/JMeter/lib/ext/JMeterPlugins.jar
7a000000-7a0fb000 rw-p 00000000 00:00 0 
7a0fb000-7a100000 ---p 00000000 00:00 0 
7a100000-7a101000 r--s 00001000 08:07 2779054    /home/shekhar/Ubuntu One/workspace/JMeter/lib/bshclient.jar
7a101000-7a103000 r--s 0000f000 08:07 2779043    /home/shekhar/Ubuntu One/workspace/JMeter/lib/activation-1.1.1.jar
7a103000-7a104000 r--s 00004000 08:07 2779104    /home/shekhar/Ubuntu One/workspace/JMeter/lib/ext/StatAggVisualizer.jar
7a104000-7a105000 r--s 00002000 08:07 2779102    /home/shekhar/Ubuntu One/workspace/JMeter/lib/ext/CMDRunner.jar
7a105000-7a107000 r--s 00006000 08:07 2779103    /home/shekhar/Ubuntu One/workspace/JMeter/lib/ext/ApacheJMeter_tcp.jar
7a107000-7a10a000 r--s 0001d000 08:07 2779093    /home/shekhar/Ubuntu One/workspace/JMeter/lib/ext/ApacheJMeter_report.jar
7a10a000-7a10c000 r--s 0000b000 08:07 2779092    /home/shekhar/Ubuntu One/workspace/JMeter/lib/ext/ApacheJMeter_monitors.jar
7a10c000-7a10e000 r--s 00013000 08:07 2779096    /home/shekhar/Ubuntu One/workspace/JMeter/lib/ext/ApacheJMeter_mail.jar
7a10e000-7a110000 r--s 0000b000 08:07 2779095    /home/shekhar/Ubuntu One/workspace/JMeter/lib/ext/ApacheJMeter_ldap.jar
7a110000-7a135000 r--s 00172000 08:07 2779085    /home/shekhar/Ubuntu One/workspace/JMeter/lib/api/bcprov-jdk15-1.45.jar
7a135000-7a15a000 r--s 00172000 08:07 2775417    /home/shekhar/Ubuntu One/workspace/Jmeter/lib/api/bcprov-jdk15-1.45.jar
7a15a000-7a199000 r-xp 00000000 08:06 786498     /lib/i386-linux-gnu/libpcre.so.3.13.1
7a199000-7a19a000 r--p 0003f000 08:06 786498     /lib/i386-linux-gnu/libpcre.so.3.13.1
7a19a000-7a19b000 rw-p 00040000 08:06 786498     /lib/i386-linux-gnu/libpcre.so.3.13.1
7a19b000-7a29a000 r-xp 00000000 08:06 791447     /lib/i386-linux-gnu/libglib-2.0.so.0.3600.0
7a29a000-7a29b000 r--p 000fe000 08:06 791447     /lib/i386-linux-gnu/libglib-2.0.so.0.3600.0
7a29b000-7a29c000 rw-p 000ff000 08:06 791447     /lib/i386-linux-gnu/libglib-2.0.so.0.3600.0
7a29c000-7a3fc000 r-xp 00000000 08:06 530090     /usr/lib/i386-linux-gnu/libgio-2.0.so.0.3600.0
7a3fc000-7a3fe000 r--p 00160000 08:06 530090     /usr/lib/i386-linux-gnu/libgio-2.0.so.0.3600.0
7a3fe000-7a3ff000 rw-p 00162000 08:06 530090     /usr/lib/i386-linux-gnu/libgio-2.0.so.0.3600.0
7a3ff000-7a400000 rw-p 00000000 00:00 0 
7a400000-7a4ef000 rw-p 00000000 00:00 0 
7a4ef000-7a500000 ---p 00000000 00:00 0 
7a500000-7a5ff000 rw-p 00000000 00:00 0 
7a5ff000-7a600000 ---p 00000000 00:00 0 
7a600000-7a601000 r--s 00004000 08:07 2779097    /home/shekhar/Ubuntu One/workspace/JMeter/lib/ext/ApacheJMeter_native.jar
7a601000-7a603000 r--s 0000e000 08:07 2779094    /home/shekhar/Ubuntu One/workspace/JMeter/lib/ext/ApacheJMeter_jms.jar
7a603000-7a605000 r--s 0000b000 08:07 2779088    /home/shekhar/Ubuntu One/workspace/JMeter/lib/ext/ApacheJMeter_jdbc.jar
7a605000-7a60b000 r--s 0005f000 08:07 2779089    /home/shekhar/Ubuntu One/workspace/JMeter/lib/ext/ApacheJMeter_http.jar
7a60b000-7a61b000 r--s 000eb000 08:07 2779100    /home/shekhar/Ubuntu One/workspace/JMeter/lib/ext/ApacheJMeter_core.jar
7a61b000-7a624000 r--s 00072000 08:07 2779098    /home/shekhar/Ubuntu One/workspace/JMeter/lib/ext/ApacheJMeter_components.jar
7a624000-7a629000 r-xp 00000000 08:06 530486     /usr/lib/i386-linux-gnu/libffi.so.6.0.1
7a629000-7a62a000 r--p 00005000 08:06 530486     /usr/lib/i386-linux-gnu/libffi.so.6.0.1
7a62a000-7a62b000 rw-p 00006000 08:06 530486     /usr/lib/i386-linux-gnu/libffi.so.6.0.1
7a62b000-7a63e000 r-xp 00000000 08:06 814878     /lib/i386-linux-gnu/libresolv-2.17.so
7a63e000-7a63f000 r--p 00013000 08:06 814878     /lib/i386-linux-gnu/libresolv-2.17.so
7a63f000-7a640000 rw-p 00014000 08:06 814878     /lib/i386-linux-gnu/libresolv-2.17.so
7a640000-7a642000 rw-p 00000000 00:00 0 
7a642000-7a65f000 r-xp 00000000 08:06 787233     /lib/i386-linux-gnu/libselinux.so.1
7a65f000-7a660000 r--p 0001c000 08:06 787233     /lib/i386-linux-gnu/libselinux.so.1
7a660000-7a661000 rw-p 0001d000 08:06 787233     /lib/i386-linux-gnu/libselinux.so.1
7a661000-7a6af000 r-xp 00000000 08:06 554916     /usr/lib/i386-linux-gnu/libgobject-2.0.so.0.3600.0
7a6af000-7a6b0000 r--p 0004d000 08:06 554916     /usr/lib/i386-linux-gnu/libgobject-2.0.so.0.3600.0
7a6b0000-7a6b1000 rw-p 0004e000 08:06 554916     /usr/lib/i386-linux-gnu/libgobject-2.0.so.0.3600.0
7a6b1000-7a6b2000 r--s 00005000 08:07 2779099    /home/shekhar/Ubuntu One/workspace/JMeter/lib/ext/ApacheJMeter_junit.jar
7a6b2000-7a6b4000 r--s 00009000 08:07 2779106    /home/shekhar/Ubuntu One/workspace/JMeter/lib/ext/ApacheJMeter_java.jar
7a6b4000-7a6b6000 r--s 00012000 08:07 2779105    /home/shekhar/Ubuntu One/workspace/JMeter/lib/ext/ApacheJMeter_functions.jar
7a6b6000-7a6bb000 r--s 00033000 08:07 2779086    /home/shekhar/Ubuntu One/workspace/JMeter/lib/api/bcmail-jdk15-1.45.jar
7a6bb000-7a6c0000 r--s 00033000 08:07 2775418    /home/shekhar/Ubuntu One/workspace/Jmeter/lib/api/bcmail-jdk15-1.45.jar
7a6c0000-7a6c9000 r--s 000bc000 08:06 1062348    /usr/lib/jvm/java-7-openjdk-common/jre/lib/resources.jar
7a6c9000-7a6df000 r-xp 00000000 08:06 950739     /usr/lib/jvm/java-7-openjdk-i386/jre/lib/i386/libnet.so
7a6df000-7a6e0000 r--p 00015000 08:06 950739     /usr/lib/jvm/java-7-openjdk-i386/jre/lib/i386/libnet.so
7a6e0000-7a6e1000 rw-p 00016000 08:06 950739     /usr/lib/jvm/java-7-openjdk-i386/jre/lib/i386/libnet.so
7a6e1000-7a6f2000 r-xp 00000000 08:06 950711     /usr/lib/jvm/java-7-openjdk-i386/jre/lib/i386/libnio.so
7a6f2000-7a6f3000 r--p 00010000 08:06 950711     /usr/lib/jvm/java-7-openjdk-i386/jre/lib/i386/libnio.so
7a6f3000-7a6f4000 rw-p 00011000 08:06 950711     /usr/lib/jvm/java-7-openjdk-i386/jre/lib/i386/libnio.so
7a6f4000-7a700000 r--s 0006a000 08:07 2775384    /home/shekhar/Ubuntu One/workspace/Jmeter/lib/xstream-1.4.2.jar
7a700000-7a800000 rw-p 00000000 00:00 0 
7a800000-7a803000 r-xp 00000000 08:06 530088     /usr/lib/i386-linux-gnu/libgmodule-2.0.so.0.3600.0
7a803000-7a804000 r--p 00002000 08:06 530088     /usr/lib/i386-linux-gnu/libgmodule-2.0.so.0.3600.0
7a804000-7a805000 rw-p 00003000 08:06 530088     /usr/lib/i386-linux-gnu/libgmodule-2.0.so.0.3600.0
7a805000-7a808000 r--s 00019000 08:07 2775385    /home/shekhar/Ubuntu One/workspace/Jmeter/lib/jorphan.jar
7a808000-7a80a000 r--s 00005000 08:07 2775372    /home/shekhar/Ubuntu One/workspace/Jmeter/lib/xpp3_min-1.1.4c.jar
7a80a000-7a814000 r--s 00075000 08:07 2775369    /home/shekhar/Ubuntu One/workspace/Jmeter/lib/xmlgraphics-commons-1.3.1.jar
7a814000-7a82c000 r--s 00115000 08:07 2775365    /home/shekhar/Ubuntu One/workspace/Jmeter/lib/xercesImpl-2.9.1.jar
7a82c000-7a82d000 ---p 00000000 00:00 0 
7a82d000-7a8ad000 rw-p 00000000 00:00 0          [stack:5713]
7a8ad000-7a8b0000 ---p 00000000 00:00 0 
7a8b0000-7a8fe000 rw-p 00000000 00:00 0          [stack:5712]
7a8fe000-7a901000 ---p 00000000 00:00 0 
7a901000-7a97f000 rw-p 00000000 00:00 0          [stack:5711]
7a97f000-7a982000 ---p 00000000 00:00 0 
7a982000-7aa00000 rw-p 00000000 00:00 0          [stack:5710]
7aa00000-7ac00000 r--p 00000000 08:06 527148     /usr/lib/locale/locale-archive
7ac00000-7ac21000 rw-p 00000000 00:00 0 
7ac21000-7ad00000 ---p 00000000 00:00 0 
7ad00000-7ae00000 rw-p 00000000 00:00 0 
7ae00000-7aeff000 rw-p 00000000 00:00 0 
7aeff000-7af00000 ---p 00000000 00:00 0 
7af00000-7af01000 r--s 00003000 08:07 2779091    /home/shekhar/Ubuntu One/workspace/JMeter/lib/ext/ApacheJMeter_ftp.jar
7af01000-7af09000 r--s 00028000 08:07 2775397    /home/shekhar/Ubuntu One/workspace/Jmeter/lib/xml-apis-1.3.04.jar
7af09000-7af2e000 r--s 002e3000 08:07 2775405    /home/shekhar/Ubuntu One/workspace/Jmeter/lib/xalan-2.7.1.jar
7af2e000-7af31000 ---p 00000000 00:00 0 
7af31000-7af7f000 rw-p 00000000 00:00 0          [stack:5709]
7af7f000-7af80000 ---p 00000000 00:00 0 
7af80000-7b000000 rw-p 00000000 00:00 0          [stack:5706]
7b000000-7b0ff000 rw-p 00000000 00:00 0 
7b0ff000-7b100000 ---p 00000000 00:00 0 
7b100000-7b101000 r--s 00001000 08:07 2775388    /home/shekhar/Ubuntu One/workspace/Jmeter/lib/xmlpull-1.1.3.1.jar
7b101000-7b109000 r--s 0006f000 08:07 2775415    /home/shekhar/Ubuntu One/workspace/Jmeter/lib/tika-parsers-1.3.jar
7b109000-7b110000 r--s 0006e000 08:07 2775394    /home/shekhar/Ubuntu One/workspace/Jmeter/lib/tika-core-1.3.jar
7b110000-7b113000 ---p 00000000 00:00 0 
7b113000-7b161000 rw-p 00000000 00:00 0          [stack:5708]
7b161000-7b30e000 r--s 01cde000 08:06 950743     /usr/lib/jvm/java-7-openjdk-i386/jre/lib/rt.jar
7b30e000-7d600000 rw-p 00000000 00:00 0 
7d600000-7d6fc000 rw-p 00000000 00:00 0 
7d6fc000-7d700000 ---p 00000000 00:00 0 
7d700000-7d704000 r--s 0003a000 08:07 2775371    /home/shekhar/Ubuntu One/workspace/Jmeter/lib/jtidy-r938.jar
7d704000-7d708000 r--s 00035000 08:07 2775373    /home/shekhar/Ubuntu One/workspace/Jmeter/lib/soap-2.3.1.jar
7d708000-7d70a000 r--s 00005000 08:07 2775390    /home/shekhar/Ubuntu One/workspace/Jmeter/lib/slf4j-api-1.7.2.jar
7d70a000-7d70d000 r--s 00041000 08:07 2775402    /home/shekhar/Ubuntu One/workspace/Jmeter/lib/serializer-2.7.1.jar
7d70d000-7d70f000 r--s 00012000 08:07 2775392    /home/shekhar/Ubuntu One/workspace/Jmeter/lib/logkit-2.0.jar
7d70f000-7d716000 r--s 00037000 08:07 2775411    /home/shekhar/Ubuntu One/workspace/Jmeter/lib/junit-4.10.jar
7d716000-7d71b000 r--s 0003f000 08:07 2775393    /home/shekhar/Ubuntu One/workspace/Jmeter/lib/jsoup-1.7.1.jar
7d71b000-7d721000 r--s 00060000 08:07 2775379    /home/shekhar/Ubuntu One/workspace/Jmeter/lib/jodd-core-3.4.1.jar
7d721000-7d72e000 r--s 00109000 08:07 2775389    /home/shekhar/Ubuntu One/workspace/Jmeter/lib/rhino-1.7R4.jar
7d72e000-7d731000 ---p 00000000 00:00 0 
7d731000-7d77f000 rw-p 00000000 00:00 0          [stack:5707]
7d77f000-7d780000 ---p 00000000 00:00 0 
7d780000-7d800000 rw-p 00000000 00:00 0          [stack:5702]
7d800000-7d821000 rw-p 00000000 00:00 0 
7d821000-7d900000 ---p 00000000 00:00 0 
7d900000-7d921000 rw-p 00000000 00:00 0 
7d921000-7da00000 ---p 00000000 00:00 0 
7da00000-7da04000 r--s 0001d000 08:07 2775363    /home/shekhar/Ubuntu One/workspace/Jmeter/lib/jodd-lagarto-3.4.1.jar
7da04000-7da06000 r--s 00006000 08:07 2775399    /home/shekhar/Ubuntu One/workspace/Jmeter/lib/geronimo-jms_1.1_spec-1.1.1.jar
7da06000-7da09000 r--s 00023000 08:07 2775382    /home/shekhar/Ubuntu One/workspace/Jmeter/lib/jdom-1.1.2.jar
7da09000-7da0d000 r--s 0001f000 08:07 2775378    /home/shekhar/Ubuntu One/workspace/Jmeter/lib/jcharts-0.7.5.jar
7da0d000-7da14000 r--s 00072000 08:07 2775361    /home/shekhar/Ubuntu One/workspace/Jmeter/lib/mail-1.4.4.jar
7da14000-7da16000 r--s 0000e000 08:07 2775387    /home/shekhar/Ubuntu One/workspace/Jmeter/lib/oro-2.0.8.jar
7da16000-7da18000 r--s 00005000 08:07 2775409    /home/shekhar/Ubuntu One/workspace/Jmeter/lib/httpmime-4.2.3.jar
7da18000-7da1e000 r--s 00032000 08:07 2775403    /home/shekhar/Ubuntu One/workspace/Jmeter/lib/httpcore-4.2.3.jar
7da1e000-7da27000 r--s 00061000 08:07 2775396    /home/shekhar/Ubuntu One/workspace/Jmeter/lib/httpclient-4.2.3.jar
7da27000-7da2a000 r--s 0001f000 08:07 2775408    /home/shekhar/Ubuntu One/workspace/Jmeter/lib/htmlparser-2.1.jar
7da2a000-7da2c000 r--s 00010000 08:07 2775377    /home/shekhar/Ubuntu One/workspace/Jmeter/lib/htmllexer-2.1.jar
7da2c000-7da2e000 r--s 00011000 08:07 2775380    /home/shekhar/Ubuntu One/workspace/Jmeter/lib/excalibur-logger-1.1.jar
7da2e000-7da30000 r--s 00003000 08:07 2775362    /home/shekhar/Ubuntu One/workspace/Jmeter/lib/excalibur-instrument-1.0.jar
7da30000-7da32000 r--s 0000c000 08:07 2775398    /home/shekhar/Ubuntu One/workspace/Jmeter/lib/excalibur-datasource-1.1.1.jar
7da32000-7da37000 r--s 0003e000 08:07 2775381    /home/shekhar/Ubuntu One/workspace/Jmeter/lib/commons-net-3.1.jar
7da37000-7da7f000 rw-p 00000000 00:00 0 
7da7f000-7da80000 ---p 00000000 00:00 0 
7da80000-7db00000 rw-p 00000000 00:00 0          [stack:5701]
7db00000-7db21000 rw-p 00000000 00:00 0 
7db21000-7dc00000 ---p 00000000 00:00 0 
7dc00000-7dc02000 r--s 0000d000 08:07 2775383    /home/shekhar/Ubuntu One/workspace/Jmeter/lib/commons-logging-1.1.1.jar
7dc02000-7dc08000 r--s 00048000 08:07 2775406    /home/shekhar/Ubuntu One/workspace/Jmeter/lib/commons-lang3-3.1.jar
7dc08000-7dc0e000 r--s 0003c000 08:07 2775368    /home/shekhar/Ubuntu One/workspace/Jmeter/lib/commons-jexl-2.1.1.jar
7dc0e000-7dc12000 r--s 0001d000 08:07 2775410    /home/shekhar/Ubuntu One/workspace/Jmeter/lib/commons-jexl-1.1.jar
7dc12000-7dc18000 r--s 00045000 08:07 2775364    /home/shekhar/Ubuntu One/workspace/Jmeter/lib/commons-httpclient-3.1.jar
7dc18000-7dc26000 r--s 0007f000 08:07 2775366    /home/shekhar/Ubuntu One/workspace/Jmeter/lib/commons-collections-3.2.1.jar
7dc26000-7dc2c000 r--s 00033000 08:07 2775391    /home/shekhar/Ubuntu One/workspace/Jmeter/lib/commons-codec-1.6.jar
7dc2c000-7dc31000 r--s 00059000 08:07 2775370    /home/shekhar/Ubuntu One/workspace/Jmeter/lib/bsh-2.0b5.jar
7dc31000-7dc32000 ---p 00000000 00:00 0 
7dc32000-7dcb2000 rw-p 00000000 00:00 0          [stack:5700]
7dcb2000-7dcb3000 ---p 00000000 00:00 0 
7dcb3000-7dd3b000 rw-p 00000000 00:00 0          [stack:5699]
7dd3b000-7dd73000 rw-p 00000000 00:00 0 
7dd73000-7dd83000 rw-p 00000000 00:00 0 
7dd83000-7de65000 rw-p 00000000 00:00 0 
7de65000-7de6d000 rw-p 00000000 00:00 0 
7de6d000-7dea5000 rw-p 00000000 00:00 0 
7dea5000-7deb5000 rw-p 00000000 00:00 0 
7deb5000-7df96000 rw-p 00000000 00:00 0 
7df96000-7dfaf000 rw-p 00000000 00:00 0 
7dfaf000-7e00f000 rw-p 00000000 00:00 0 
7e00f000-7f010000 rw-p 00000000 00:00 0 
7f010000-86010000 rw-p 00000000 00:00 0 
86010000-87e30000 rw-p 00000000 00:00 0 
87e30000-a42c0000 rw-p 00000000 00:00 0 
a42c0000-a73c0000 rw-p 00000000 00:00 0 
a73c0000-b3410000 rw-p 00000000 00:00 0 
b3410000-b3414000 r--s 00027000 08:07 2775401    /home/shekhar/Ubuntu One/workspace/Jmeter/lib/commons-io-2.2.jar
b3414000-b3417000 r--s 0000f000 08:07 2775413    /home/shekhar/Ubuntu One/workspace/Jmeter/lib/avalon-framework-4.1.4.jar
b3417000-b341a000 r--s 00019000 08:07 2775414    /home/shekhar/Ubuntu One/workspace/Jmeter/lib/bsf-2.4.0.jar
b341a000-b3423000 rw-p 00000000 00:00 0 
b3423000-b34da000 rw-p 00000000 00:00 0 
b34da000-b371a000 rwxp 00000000 00:00 0 
b371a000-b64da000 rw-p 00000000 00:00 0 
b64da000-b64e5000 r-xp 00000000 08:06 801076     /lib/i386-linux-gnu/libnss_files-2.17.so
b64e5000-b64e6000 r--p 0000a000 08:06 801076     /lib/i386-linux-gnu/libnss_files-2.17.so
b64e6000-b64e7000 rw-p 0000b000 08:06 801076     /lib/i386-linux-gnu/libnss_files-2.17.so
b64e7000-b64fc000 r-xp 00000000 08:06 814881     /lib/i386-linux-gnu/libnsl-2.17.so
b64fc000-b64fd000 r--p 00014000 08:06 814881     /lib/i386-linux-gnu/libnsl-2.17.so
b64fd000-b64fe000 rw-p 00015000 08:06 814881     /lib/i386-linux-gnu/libnsl-2.17.so
b64fe000-b6500000 rw-p 00000000 00:00 0 
b6500000-b6600000 rw-p 00000000 00:00 0 
b6600000-b6602000 r--s 0000f000 08:07 2775375    /home/shekhar/Ubuntu One/workspace/Jmeter/lib/activation-1.1.1.jar
b6602000-b6606000 r--s 00085000 08:06 1062341    /usr/lib/jvm/java-7-openjdk-common/jre/lib/ext/localedata.jar
b6606000-b6609000 r--s 00032000 08:06 1062342    /usr/lib/jvm/java-7-openjdk-common/jre/lib/ext/sunjce_provider.jar
b6609000-b6613000 r-xp 00000000 08:06 814872     /lib/i386-linux-gnu/libnss_nis-2.17.so
b6613000-b6614000 r--p 00009000 08:06 814872     /lib/i386-linux-gnu/libnss_nis-2.17.so
b6614000-b6615000 rw-p 0000a000 08:06 814872     /lib/i386-linux-gnu/libnss_nis-2.17.so
b6615000-b661c000 r-xp 00000000 08:06 787311     /lib/i386-linux-gnu/libnss_compat-2.17.so
b661c000-b661d000 r--p 00006000 08:06 787311     /lib/i386-linux-gnu/libnss_compat-2.17.so
b661d000-b661e000 rw-p 00007000 08:06 787311     /lib/i386-linux-gnu/libnss_compat-2.17.so
b661e000-b6621000 r--s 0000f000 08:06 1062345    /usr/lib/jvm/java-7-openjdk-common/jre/lib/ext/pulse-java.jar
b6621000-b6624000 r--s 0003c000 08:06 1062340    /usr/lib/jvm/java-7-openjdk-common/jre/lib/ext/sunpkcs11.jar
b6624000-b662c000 r-xp 00000000 08:06 950712     /usr/lib/jvm/java-7-openjdk-i386/jre/lib/i386/libzip.so
b662c000-b662d000 r--p 00007000 08:06 950712     /usr/lib/jvm/java-7-openjdk-i386/jre/lib/i386/libzip.so
b662d000-b662e000 rw-p 00008000 08:06 950712     /usr/lib/jvm/java-7-openjdk-i386/jre/lib/i386/libzip.so
b662e000-b6636000 rw-s 00000000 08:06 10467      /tmp/hsperfdata_shekhar/5695
b6636000-b665d000 r-xp 00000000 08:06 950707     /usr/lib/jvm/java-7-openjdk-i386/jre/lib/i386/libjava.so
b665d000-b665e000 r--p 00026000 08:06 950707     /usr/lib/jvm/java-7-openjdk-i386/jre/lib/i386/libjava.so
b665e000-b665f000 rw-p 00027000 08:06 950707     /usr/lib/jvm/java-7-openjdk-i386/jre/lib/i386/libjava.so
b665f000-b6666000 r-xp 00000000 08:06 787308     /lib/i386-linux-gnu/librt-2.17.so
b6666000-b6667000 r--p 00006000 08:06 787308     /lib/i386-linux-gnu/librt-2.17.so
b6667000-b6668000 rw-p 00007000 08:06 787308     /lib/i386-linux-gnu/librt-2.17.so
b6668000-b666b000 ---p 00000000 00:00 0 
b666b000-b66b9000 rw-p 00000000 00:00 0          [stack:5698]
b66b9000-b66d4000 r-xp 00000000 08:06 787120     /lib/i386-linux-gnu/libgcc_s.so.1
b66d4000-b66d5000 r--p 0001a000 08:06 787120     /lib/i386-linux-gnu/libgcc_s.so.1
b66d5000-b66d6000 rw-p 0001b000 08:06 787120     /lib/i386-linux-gnu/libgcc_s.so.1
b66d6000-b6717000 r-xp 00000000 08:06 787312     /lib/i386-linux-gnu/libm-2.17.so
b6717000-b6718000 r--p 00040000 08:06 787312     /lib/i386-linux-gnu/libm-2.17.so
b6718000-b6719000 rw-p 00041000 08:06 787312     /lib/i386-linux-gnu/libm-2.17.so
b6719000-b67f5000 r-xp 00000000 08:06 551191     /usr/lib/i386-linux-gnu/libstdc++.so.6.0.17
b67f5000-b67f6000 ---p 000dc000 08:06 551191     /usr/lib/i386-linux-gnu/libstdc++.so.6.0.17
b67f6000-b67fa000 r--p 000dc000 08:06 551191     /usr/lib/i386-linux-gnu/libstdc++.so.6.0.17
b67fa000-b67fb000 rw-p 000e0000 08:06 551191     /usr/lib/i386-linux-gnu/libstdc++.so.6.0.17
b67fb000-b6802000 rw-p 00000000 00:00 0 
b6802000-b70f7000 r-xp 00000000 08:06 950724     /usr/lib/jvm/java-7-openjdk-i386/jre/lib/i386/server/libjvm.so
b70f7000-b713e000 r--p 008f4000 08:06 950724     /usr/lib/jvm/java-7-openjdk-i386/jre/lib/i386/server/libjvm.so
b713e000-b7152000 rw-p 0093b000 08:06 950724     /usr/lib/jvm/java-7-openjdk-i386/jre/lib/i386/server/libjvm.so
b7152000-b7570000 rw-p 00000000 00:00 0 
b7570000-b7587000 r-xp 00000000 08:06 787146     /lib/i386-linux-gnu/libz.so.1.2.7
b7587000-b7588000 r--p 00016000 08:06 787146     /lib/i386-linux-gnu/libz.so.1.2.7
b7588000-b7589000 rw-p 00017000 08:06 787146     /lib/i386-linux-gnu/libz.so.1.2.7
b7589000-b75a0000 r-xp 00000000 08:06 814871     /lib/i386-linux-gnu/libpthread-2.17.so
b75a0000-b75a1000 r--p 00016000 08:06 814871     /lib/i386-linux-gnu/libpthread-2.17.so
b75a1000-b75a2000 rw-p 00017000 08:06 814871     /lib/i386-linux-gnu/libpthread-2.17.so
b75a2000-b75a4000 rw-p 00000000 00:00 0 
b75a4000-b75a7000 r-xp 00000000 08:06 814876     /lib/i386-linux-gnu/libdl-2.17.so
b75a7000-b75a8000 r--p 00002000 08:06 814876     /lib/i386-linux-gnu/libdl-2.17.so
b75a8000-b75a9000 rw-p 00003000 08:06 814876     /lib/i386-linux-gnu/libdl-2.17.so
b75a9000-b7756000 r-xp 00000000 08:06 814867     /lib/i386-linux-gnu/libc-2.17.so
b7756000-b7758000 r--p 001ad000 08:06 814867     /lib/i386-linux-gnu/libc-2.17.so
b7758000-b7759000 rw-p 001af000 08:06 814867     /lib/i386-linux-gnu/libc-2.17.so
b7759000-b775c000 rw-p 00000000 00:00 0 
b775c000-b775d000 r--s 0000a000 08:07 2775407    /home/shekhar/Ubuntu One/workspace/Jmeter/lib/excalibur-pool-1.2.jar
b775d000-b775f000 r--s 00012000 08:06 1062344    /usr/lib/jvm/java-7-openjdk-common/jre/lib/ext/zipfs.jar
b775f000-b7760000 r--s 00002000 08:06 1062343    /usr/lib/jvm/java-7-openjdk-common/jre/lib/ext/dnsns.jar
b7760000-b7762000 r--s 00006000 08:06 1072683    /usr/share/java/java-atk-wrapper.jar
b7762000-b7763000 r--p 002c0000 08:06 527148     /usr/lib/locale/locale-archive
b7763000-b7764000 rw-p 00000000 00:00 0 
b7764000-b7765000 r--p 00000000 00:00 0 
b7765000-b7772000 r-xp 00000000 08:06 950730     /usr/lib/jvm/java-7-openjdk-i386/jre/lib/i386/libverify.so
b7772000-b7773000 r--p 0000d000 08:06 950730     /usr/lib/jvm/java-7-openjdk-i386/jre/lib/i386/libverify.so
b7773000-b7774000 rw-p 0000e000 08:06 950730     /usr/lib/jvm/java-7-openjdk-i386/jre/lib/i386/libverify.so
b7774000-b7781000 r-xp 00000000 08:06 950715     /usr/lib/jvm/java-7-openjdk-i386/jre/lib/i386/jli/libjli.so
b7781000-b7782000 r--p 0000c000 08:06 950715     /usr/lib/jvm/java-7-openjdk-i386/jre/lib/i386/jli/libjli.so
b7782000-b7783000 rw-p 0000d000 08:06 950715     /usr/lib/jvm/java-7-openjdk-i386/jre/lib/i386/jli/libjli.so
b7783000-b7786000 rw-p 00000000 00:00 0 
b7786000-b7787000 r-xp 00000000 00:00 0          [vdso]
b7787000-b77a7000 r-xp 00000000 08:06 814880     /lib/i386-linux-gnu/ld-2.17.so
b77a7000-b77a8000 r--p 0001f000 08:06 814880     /lib/i386-linux-gnu/ld-2.17.so
b77a8000-b77a9000 rw-p 00020000 08:06 814880     /lib/i386-linux-gnu/ld-2.17.so
bfaf0000-bfb13000 rw-p 00000000 00:00 0          [stack]

VM Arguments:
jvm_args: -Dfile.encoding=UTF-8 
java_command: org.apache.jmeter.NewDriver
Launcher Type: SUN_STANDARD

Environment Variables:
PATH=/usr/lib/lightdm/lightdm:/usr/local/sbin:/usr/local/bin:/usr/sbin:/usr/bin:/sbin:/bin:/usr/games:/usr/local/games
LD_LIBRARY_PATH=/usr/lib/jvm/java-7-openjdk-i386/jre/lib/i386/server:/usr/lib/jvm/java-7-openjdk-i386/jre/lib/i386:/usr/lib/jvm/java-7-openjdk-i386/jre/../lib/i386:/usr/lib/jvm/java-7-openjdk-i386/jre/lib/i386/client:/usr/lib/jvm/java-7-openjdk-i386/jre/lib/i386:
SHELL=/bin/bash
DISPLAY=:0.0

Signal Handlers:
SIGSEGV: [libjvm.so+0x7598c0], sa_mask[0]=0x7ffbfeff, sa_flags=0x10000004
SIGBUS: [libjvm.so+0x7598c0], sa_mask[0]=0x7ffbfeff, sa_flags=0x10000004
SIGFPE: [libjvm.so+0x5f54f0], sa_mask[0]=0x7ffbfeff, sa_flags=0x10000004
SIGPIPE: SIG_IGN, sa_mask[0]=0x00001000, sa_flags=0x10000000
SIGXFSZ: [libjvm.so+0x5f54f0], sa_mask[0]=0x7ffbfeff, sa_flags=0x10000004
SIGILL: [libjvm.so+0x5f54f0], sa_mask[0]=0x7ffbfeff, sa_flags=0x10000004
SIGUSR1: SIG_DFL, sa_mask[0]=0x00000000, sa_flags=0x00000000
SIGUSR2: [libjvm.so+0x5f53a0], sa_mask[0]=0x00000004, sa_flags=0x10000004
SIGHUP: [libjvm.so+0x5f5930], sa_mask[0]=0x7ffbfeff, sa_flags=0x10000004
SIGINT: [libjvm.so+0x5f5930], sa_mask[0]=0x7ffbfeff, sa_flags=0x10000004
SIGTERM: [libjvm.so+0x5f5930], sa_mask[0]=0x7ffbfeff, sa_flags=0x10000004
SIGQUIT: [libjvm.so+0x5f5930], sa_mask[0]=0x7ffbfeff, sa_flags=0x10000004


---------------  S Y S T E M  ---------------

OS:Ubuntu 13.04 (raring)
uname:Linux 3.8.0-23-generic #34-Ubuntu SMP Wed May 29 20:24:54 UTC 2013 i686
libc:glibc 2.17 NPTL 2.17 
rlimit: STACK 8192k, CORE 0k, NPROC 23005, NOFILE 4096, AS infinity
load average:0.37 0.28 0.24

/proc/meminfo:
MemTotal:        2961112 kB
MemFree:          605376 kB
Buffers:          186656 kB
Cached:          1158204 kB
SwapCached:            0 kB
Active:          1287840 kB
Inactive:         919996 kB
Active(anon):     864048 kB
Inactive(anon):   147756 kB
Active(file):     423792 kB
Inactive(file):   772240 kB
Unevictable:          76 kB
Mlocked:              76 kB
HighTotal:       2088968 kB
HighFree:          77936 kB
LowTotal:         872144 kB
LowFree:          527440 kB
SwapTotal:       2928636 kB
SwapFree:        2928636 kB
Dirty:               416 kB
Writeback:             0 kB
AnonPages:        863304 kB
Mapped:           181352 kB
Shmem:            148652 kB
Slab:             118304 kB
SReclaimable:      94904 kB
SUnreclaim:        23400 kB
KernelStack:        3984 kB
PageTables:         8036 kB
NFS_Unstable:          0 kB
Bounce:                0 kB
WritebackTmp:          0 kB
CommitLimit:     4409192 kB
Committed_AS:    3308848 kB
VmallocTotal:     122880 kB
VmallocUsed:       15392 kB
VmallocChunk:     103892 kB
HardwareCorrupted:     0 kB
AnonHugePages:         0 kB
HugePages_Total:       0
HugePages_Free:        0
HugePages_Rsvd:        0
HugePages_Surp:        0
Hugepagesize:       2048 kB
DirectMap4k:       10232 kB
DirectMap2M:      903168 kB


CPU:total 4 (2 cores per cpu, 2 threads per core) family 6 model 37 stepping 2, cmov, cx8, fxsr, mmx, sse, sse2, sse3, ssse3, sse4.1, sse4.2, popcnt, ht, tsc, tscinvbit

/proc/cpuinfo:
processor	: 0
vendor_id	: GenuineIntel
cpu family	: 6
model		: 37
model name	: Intel(R) Core(TM) i3 CPU       M 350  @ 2.27GHz
stepping	: 2
microcode	: 0x9
cpu MHz		: 2133.000
cache size	: 3072 KB
physical id	: 0
siblings	: 4
core id		: 0
cpu cores	: 2
apicid		: 0
initial apicid	: 0
fdiv_bug	: no
hlt_bug		: no
f00f_bug	: no
coma_bug	: no
fpu		: yes
fpu_exception	: yes
cpuid level	: 11
wp		: yes
flags		: fpu vme de pse tsc msr pae mce cx8 apic sep mtrr pge mca cmov pat pse36 clflush dts acpi mmx fxsr sse sse2 ss ht tm pbe nx rdtscp lm constant_tsc arch_perfmon pebs bts xtopology nonstop_tsc aperfmperf pni dtes64 monitor ds_cpl vmx est tm2 ssse3 cx16 xtpr pdcm sse4_1 sse4_2 popcnt lahf_lm arat dtherm tpr_shadow vnmi flexpriority ept vpid
bogomips	: 4522.59
clflush size	: 64
cache_alignment	: 64
address sizes	: 36 bits physical, 48 bits virtual
power management:

processor	: 1
vendor_id	: GenuineIntel
cpu family	: 6
model		: 37
model name	: Intel(R) Core(TM) i3 CPU       M 350  @ 2.27GHz
stepping	: 2
microcode	: 0x9
cpu MHz		: 2266.000
cache size	: 3072 KB
physical id	: 0
siblings	: 4
core id		: 2
cpu cores	: 2
apicid		: 4
initial apicid	: 4
fdiv_bug	: no
hlt_bug		: no
f00f_bug	: no
coma_bug	: no
fpu		: yes
fpu_exception	: yes
cpuid level	: 11
wp		: yes
flags		: fpu vme de pse tsc msr pae mce cx8 apic sep mtrr pge mca cmov pat pse36 clflush dts acpi mmx fxsr sse sse2 ss ht tm pbe nx rdtscp lm constant_tsc arch_perfmon pebs bts xtopology nonstop_tsc aperfmperf pni dtes64 monitor ds_cpl vmx est tm2 ssse3 cx16 xtpr pdcm sse4_1 sse4_2 popcnt lahf_lm arat dtherm tpr_shadow vnmi flexpriority ept vpid
bogomips	: 4522.59
clflush size	: 64
cache_alignment	: 64
address sizes	: 36 bits physical, 48 bits virtual
power management:

processor	: 2
vendor_id	: GenuineIntel
cpu family	: 6
model		: 37
model name	: Intel(R) Core(TM) i3 CPU       M 350  @ 2.27GHz
stepping	: 2
microcode	: 0x9
cpu MHz		: 1199.000
cache size	: 3072 KB
physical id	: 0
siblings	: 4
core id		: 0
cpu cores	: 2
apicid		: 1
initial apicid	: 1
fdiv_bug	: no
hlt_bug		: no
f00f_bug	: no
coma_bug	: no
fpu		: yes
fpu_exception	: yes
cpuid level	: 11
wp		: yes
flags		: fpu vme de pse tsc msr pae mce cx8 apic sep mtrr pge mca cmov pat pse36 clflush dts acpi mmx fxsr sse sse2 ss ht tm pbe nx rdtscp lm constant_tsc arch_perfmon pebs bts xtopology nonstop_tsc aperfmperf pni dtes64 monitor ds_cpl vmx est tm2 ssse3 cx16 xtpr pdcm sse4_1 sse4_2 popcnt lahf_lm arat dtherm tpr_shadow vnmi flexpriority ept vpid
bogomips	: 4522.59
clflush size	: 64
cache_alignment	: 64
address sizes	: 36 bits physical, 48 bits virtual
power management:

processor	: 3
vendor_id	: GenuineIntel
cpu family	: 6
model		: 37
model name	: Intel(R) Core(TM) i3 CPU       M 350  @ 2.27GHz
stepping	: 2
microcode	: 0x9
cpu MHz		: 2266.000
cache size	: 3072 KB
physical id	: 0
siblings	: 4
core id		: 2
cpu cores	: 2
apicid		: 5
initial apicid	: 5
fdiv_bug	: no
hlt_bug		: no
f00f_bug	: no
coma_bug	: no
fpu		: yes
fpu_exception	: yes
cpuid level	: 11
wp		: yes
flags		: fpu vme de pse tsc msr pae mce cx8 apic sep mtrr pge mca cmov pat pse36 clflush dts acpi mmx fxsr sse sse2 ss ht tm pbe nx rdtscp lm constant_tsc arch_perfmon pebs bts xtopology nonstop_tsc aperfmperf pni dtes64 monitor ds_cpl vmx est tm2 ssse3 cx16 xtpr pdcm sse4_1 sse4_2 popcnt lahf_lm arat dtherm tpr_shadow vnmi flexpriority ept vpid
bogomips	: 4522.59
clflush size	: 64
cache_alignment	: 64
address sizes	: 36 bits physical, 48 bits virtual
power management:



Memory: 4k page, physical 2961112k(605376k free), swap 2928636k(2928636k free)

vm_info: OpenJDK Server VM (23.7-b01) for linux-x86 JRE (1.7.0_21-b02), built on Apr 22 2013 07:41:32 by "buildd" with gcc 4.7.3

time: Tue Jun 11 15:09:48 2013
elapsed time: 3 seconds

