#
# A fatal error has been detected by the Java Runtime Environment:
#
#  SIGBUS (0x7) at pc=0xb64ca232, pid=16395, tid=2003217216
#
# JRE version: 7.0_21-b02
# Java VM: OpenJDK Server VM (23.7-b01 mixed mode linux-x86 )
# Problematic frame:
# C  [libzip.so+0x5232]  Java_java_util_zip_ZipFile_getZipMessage+0x1592
#
# Failed to write core dump. Core dumps have been disabled. To enable core dumping, try "ulimit -c unlimited" before starting Java again
#
# If you would like to submit a bug report, please include
# instructions on how to reproduce the bug and visit:
#   https://bugs.launchpad.net/ubuntu/+source/openjdk-7/
# The crash happened outside the Java Virtual Machine in native code.
# See problematic frame for where to report the bug.
#

---------------  T H R E A D  ---------------

Current thread (0x77526400):  JavaThread "AWT-EventQueue-0" [_thread_in_native, id=16429, stack(0x7761a000,0x7766b000)]

siginfo:si_signo=SIGBUS: si_errno=0, si_code=2 (BUS_ADRERR), si_addr=0x7a70107c

Registers:
EAX=0x7a5d6228, EBX=0xb64ce000, ECX=0x7d700010, EDX=0x7a70105f
ESP=0x776690c0, EBP=0x77669148, ESI=0x7a5d6544, EDI=0x7a5d6540
EIP=0xb64ca232, EFLAGS=0x00210206, CR2=0x7a70107c

Top of Stack: (sp=0x776690c0)
0x776690c0:   00000034 6a2f6c6f 732f736d 6c706d61
0x776690d0:   532f7265 63736275 65626972 b6cb5ee4
0x776690e0:   72656c70 00000000 7d7cd828 77526400
0x776690f0:   77526400 00000000 b6d7c739 b70ef000
0x77669100:   7a5d6228 000001e0 77669148 7a5d6228
0x77669110:   7a5d62f8 7ec9d088 7d7cc7e8 7d700010
0x77669120:   b6bfe577 b6c21ed6 b64ce000 b64caae0
0x77669130:   7a5d62f8 00000006 b64ca1bd b64ce000 

Instructions: (pc=0xb64ca232)
0xb64ca212:   00 00 8b 06 8b 56 04 89 04 24 8b 45 c4 89 54 24
0xb64ca222:   04 e8 f8 eb ff ff 89 c2 85 d2 0f 84 c6 02 00 00
0xb64ca232:   0f b6 4a 1d 0f b6 42 1c 0f b6 72 0e c7 45 b0 00
0xb64ca242:   00 00 00 c1 e1 08 09 c1 0f b6 42 0d 89 4d c8 0f 

Register to memory mapping:

EAX=0x7a5d6228 is an unknown value
EBX=0xb64ce000: <offset 0x9000> in /usr/lib/jvm/java-7-openjdk-i386/jre/lib/i386/libzip.so at 0xb64c5000
ECX=0x7d700010 is an unknown value
EDX=0x7a70105f is an unknown value
ESP=0x776690c0 is pointing into the stack for thread: 0x77526400
EBP=0x77669148 is pointing into the stack for thread: 0x77526400
ESI=0x7a5d6544 is an unknown value
EDI=0x7a5d6540 is an unknown value


Stack: [0x7761a000,0x7766b000],  sp=0x776690c0,  free space=316k
Native frames: (J=compiled Java code, j=interpreted, Vv=VM code, C=native code)
C  [libzip.so+0x5232]  Java_java_util_zip_ZipFile_getZipMessage+0x1592
C  [libzip.so+0x5b6a]  ZIP_GetNextEntry+0x4a
C  [libzip.so+0x3754]  Java_java_util_zip_ZipFile_getNextEntry+0x24
j  java.util.zip.ZipFile.getNextEntry(JI)J+0
j  java.util.zip.ZipFile.access$500(JI)J+2
j  java.util.zip.ZipFile$1.nextElement()Ljava/util/zip/ZipEntry;+54
j  java.util.zip.ZipFile$1.nextElement()Ljava/lang/Object;+1
j  org.apache.jorphan.reflect.ClassFinder.findClassesInOnePath(Ljava/lang/String;Ljava/util/Set;)V+61
j  org.apache.jorphan.reflect.ClassFinder.findClassesInPaths(Ljava/util/List;Ljava/util/Set;)V+28
j  org.apache.jorphan.reflect.ClassFinder.findClassesThatExtend([Ljava/lang/String;[Ljava/lang/Class;ZLjava/lang/String;Ljava/lang/String;Z)Ljava/util/List;+289
j  org.apache.jorphan.reflect.ClassFinder.findClassesThatExtend([Ljava/lang/String;[Ljava/lang/Class;ZLjava/lang/String;Ljava/lang/String;)Ljava/util/List;+7
j  org.apache.jorphan.reflect.ClassFinder.findClassesThatExtend([Ljava/lang/String;[Ljava/lang/Class;Z)Ljava/util/List;+5
j  org.apache.jorphan.reflect.ClassFinder.findClassesThatExtend([Ljava/lang/String;[Ljava/lang/Class;)Ljava/util/List;+3
j  org.apache.jmeter.gui.util.MenuFactory.initializeMenus()V+19
j  org.apache.jmeter.gui.util.MenuFactory.<clinit>()V+444
v  ~StubRoutines::call_stub
V  [libjvm.so+0x42b06c]  JavaCalls::call_helper(JavaValue*, methodHandle*, JavaCallArguments*, Thread*)+0x39c

Java frames: (J=compiled Java code, j=interpreted, Vv=VM code)
j  java.util.zip.ZipFile.getNextEntry(JI)J+0
j  java.util.zip.ZipFile.access$500(JI)J+2
j  java.util.zip.ZipFile$1.nextElement()Ljava/util/zip/ZipEntry;+54
j  java.util.zip.ZipFile$1.nextElement()Ljava/lang/Object;+1
j  org.apache.jorphan.reflect.ClassFinder.findClassesInOnePath(Ljava/lang/String;Ljava/util/Set;)V+61
j  org.apache.jorphan.reflect.ClassFinder.findClassesInPaths(Ljava/util/List;Ljava/util/Set;)V+28
j  org.apache.jorphan.reflect.ClassFinder.findClassesThatExtend([Ljava/lang/String;[Ljava/lang/Class;ZLjava/lang/String;Ljava/lang/String;Z)Ljava/util/List;+289
j  org.apache.jorphan.reflect.ClassFinder.findClassesThatExtend([Ljava/lang/String;[Ljava/lang/Class;ZLjava/lang/String;Ljava/lang/String;)Ljava/util/List;+7
j  org.apache.jorphan.reflect.ClassFinder.findClassesThatExtend([Ljava/lang/String;[Ljava/lang/Class;Z)Ljava/util/List;+5
j  org.apache.jorphan.reflect.ClassFinder.findClassesThatExtend([Ljava/lang/String;[Ljava/lang/Class;)Ljava/util/List;+3
j  org.apache.jmeter.gui.util.MenuFactory.initializeMenus()V+19
j  org.apache.jmeter.gui.util.MenuFactory.<clinit>()V+444
v  ~StubRoutines::call_stub
j  org.apache.jmeter.control.gui.WorkBenchGui.createPopupMenu()Ljavax/swing/JPopupMenu;+68
j  org.apache.jmeter.gui.tree.JMeterTreeNode.createPopupMenu()Ljavax/swing/JPopupMenu;+10
j  org.apache.jmeter.gui.action.EditCommand.doAction(Ljava/awt/event/ActionEvent;)V+31
j  org.apache.jmeter.gui.action.ActionRouter.performAction(Ljava/awt/event/ActionEvent;)V+105
j  org.apache.jmeter.gui.action.ActionRouter.access$0(Lorg/apache/jmeter/gui/action/ActionRouter;Ljava/awt/event/ActionEvent;)V+2
j  org.apache.jmeter.gui.action.ActionRouter$1.run()V+8
j  java.awt.event.InvocationEvent.dispatch()V+47
j  java.awt.EventQueue.dispatchEventImpl(Ljava/awt/AWTEvent;Ljava/lang/Object;)V+21
j  java.awt.EventQueue.access$200(Ljava/awt/EventQueue;Ljava/awt/AWTEvent;Ljava/lang/Object;)V+3
j  java.awt.EventQueue$3.run()Ljava/lang/Void;+12
j  java.awt.EventQueue$3.run()Ljava/lang/Object;+1
v  ~StubRoutines::call_stub
j  java.security.AccessController.doPrivileged(Ljava/security/PrivilegedAction;Ljava/security/AccessControlContext;)Ljava/lang/Object;+0
j  java.security.ProtectionDomain$1.doIntersectionPrivilege(Ljava/security/PrivilegedAction;Ljava/security/AccessControlContext;Ljava/security/AccessControlContext;)Ljava/lang/Object;+28
j  java.awt.EventQueue.dispatchEvent(Ljava/awt/AWTEvent;)V+46
j  java.awt.EventDispatchThread.pumpOneEventForFilters(I)V+245
j  java.awt.EventDispatchThread.pumpEventsForFilter(ILjava/awt/Conditional;Ljava/awt/EventFilter;)V+35
j  java.awt.EventDispatchThread.pumpEventsForHierarchy(ILjava/awt/Conditional;Ljava/awt/Component;)V+11
j  java.awt.EventDispatchThread.pumpEvents(ILjava/awt/Conditional;)V+4
j  java.awt.EventDispatchThread.pumpEvents(Ljava/awt/Conditional;)V+3
j  java.awt.EventDispatchThread.run()V+9
v  ~StubRoutines::call_stub

---------------  P R O C E S S  ---------------

Java Threads: ( => current thread )
  0xb650a800 JavaThread "DestroyJavaVM" [_thread_blocked, id=16397, stack(0xb6619000,0xb666a000)]
  0x7d708c00 JavaThread "TimerQueue" daemon [_thread_blocked, id=16494, stack(0x76f6c000,0x76fbd000)]
  0x771a8400 JavaThread "Timer-0" daemon [_thread_blocked, id=16438, stack(0x774af000,0x77500000)]
=>0x77526400 JavaThread "AWT-EventQueue-0" [_thread_in_native, id=16429, stack(0x7761a000,0x7766b000)]
  0x77525000 JavaThread "AWT-Shutdown" [_thread_blocked, id=16428, stack(0x7766b000,0x776bc000)]
  0x77855000 JavaThread "Image Fetcher 3" daemon [_thread_blocked, id=16427, stack(0x776bc000,0x7770d000)]
  0x77854000 JavaThread "Image Fetcher 1" daemon [_thread_blocked, id=16426, stack(0x7770d000,0x7775e000)]
  0x77850000 JavaThread "Image Fetcher 2" daemon [_thread_blocked, id=16425, stack(0x7775e000,0x777af000)]
  0x7784a800 JavaThread "AWT-XAWT" daemon [_thread_in_native, id=16424, stack(0x777af000,0x77800000)]
  0x77828800 JavaThread "Java2D Disposer" daemon [_thread_blocked, id=16423, stack(0x77946000,0x77997000)]
  0x7ac01400 JavaThread "Service Thread" daemon [_thread_blocked, id=16413, stack(0x7b010000,0x7b061000)]
  0x7affe800 JavaThread "C2 CompilerThread1" daemon [_thread_blocked, id=16412, stack(0x7a7fe000,0x7a87f000)]
  0x7affc800 JavaThread "C2 CompilerThread0" daemon [_thread_blocked, id=16411, stack(0x7a87f000,0x7a900000)]
  0x7affac00 JavaThread "Signal Dispatcher" daemon [_thread_blocked, id=16410, stack(0x7d62e000,0x7d67f000)]
  0x7afb8c00 JavaThread "Finalizer" daemon [_thread_blocked, id=16409, stack(0x7d82e000,0x7d87f000)]
  0x7afb6c00 JavaThread "Reference Handler" daemon [_thread_blocked, id=16408, stack(0x7da2e000,0x7da7f000)]

Other Threads:
  0x7afb0800 VMThread [stack: 0x7ae7f000,0x7af00000] [id=16406]
  0x7ac03000 WatcherThread [stack: 0x7a77d000,0x7a7fe000] [id=16414]

VM state:not at safepoint (normal execution)

VM Mutex/Monitor currently owned by a thread: None

Heap
 PSYoungGen      total 48256K, used 4576K [0xa4270000, 0xa7370000, 0xb33c0000)
  eden space 46336K, 5% used [0xa4270000,0xa450be98,0xa6fb0000)
  from space 1920K, 99% used [0xa7190000,0xa736c2a8,0xa7370000)
  to   space 1920K, 0% used [0xa6fb0000,0xa6fb0000,0xa7190000)
 ParOldGen       total 30848K, used 7562K [0x85fc0000, 0x87de0000, 0xa4270000)
  object space 30848K, 24% used [0x85fc0000,0x867228d8,0x87de0000)
 PSPermGen       total 16384K, used 16356K [0x7dfc0000, 0x7efc0000, 0x85fc0000)
  object space 16384K, 99% used [0x7dfc0000,0x7efb91c0,0x7efc0000)

Card table byte_map: [0x7de15000,0x7dfc0000] byte_map_base: 0x7da25200

Polling page: 0xb7715000

Code Cache  [0xb348d000, 0xb36cd000, 0xb648d000)
 total_blobs=440 nmethods=199 adapters=193 free_code_cache=48380Kb largest_free_block=49507328

Compilation events (10 events):
Event: 4.156 Thread 0x7affe800 nmethod 192 0xb3541fc8 code [0xb35420c0, 0xb3542310]
Event: 4.167 Thread 0x7affe800  194             java.lang.String::<init> (105 bytes)
Event: 4.191 Thread 0x7affe800 nmethod 194 0xb3545208 code [0xb3545320, 0xb35457f0]
Event: 4.196 Thread 0x7affc800 nmethod 193 0xb35543c8 code [0xb35545e0, 0xb3555580]
Event: 4.215 Thread 0x7affe800  195             java.util.zip.ZStreamRef::address (5 bytes)
Event: 4.215 Thread 0x7affe800 nmethod 195 0xb352d608 code [0xb352d6e0, 0xb352d730]
Event: 4.328 Thread 0x7affe800  196             java.net.URL::getPath (5 bytes)
Event: 4.328 Thread 0x7affe800 nmethod 196 0xb3542408 code [0xb35424e0, 0xb3542530]
Event: 4.365 Thread 0x7affc800  197             java.net.URL::getAuthority (5 bytes)
Event: 4.366 Thread 0x7affc800 nmethod 197 0xb3545088 code [0xb3545160, 0xb35451b0]

GC Heap History (8 events):
Event: 1.437 GC heap before
{Heap before GC invocations=1 (full 0):
 PSYoungGen      total 13504K, used 11584K [0xa4270000, 0xa5180000, 0xb33c0000)
  eden space 11584K, 100% used [0xa4270000,0xa4dc0000,0xa4dc0000)
  from space 1920K, 0% used [0xa4fa0000,0xa4fa0000,0xa5180000)
  to   space 1920K, 0% used [0xa4dc0000,0xa4dc0000,0xa4fa0000)
 ParOldGen       total 30848K, used 0K [0x85fc0000, 0x87de0000, 0xa4270000)
  object space 30848K, 0% used [0x85fc0000,0x85fc0000,0x87de0000)
 PSPermGen       total 16384K, used 8658K [0x7dfc0000, 0x7efc0000, 0x85fc0000)
  object space 16384K, 52% used [0x7dfc0000,0x7e834ad0,0x7efc0000)
Event: 1.460 GC heap after
Heap after GC invocations=1 (full 0):
 PSYoungGen      total 13504K, used 1913K [0xa4270000, 0xa5cd0000, 0xb33c0000)
  eden space 11584K, 0% used [0xa4270000,0xa4270000,0xa4dc0000)
  from space 1920K, 99% used [0xa4dc0000,0xa4f9e6c8,0xa4fa0000)
  to   space 1920K, 0% used [0xa5af0000,0xa5af0000,0xa5cd0000)
 ParOldGen       total 30848K, used 838K [0x85fc0000, 0x87de0000, 0xa4270000)
  object space 30848K, 2% used [0x85fc0000,0x860919d8,0x87de0000)
 PSPermGen       total 16384K, used 8658K [0x7dfc0000, 0x7efc0000, 0x85fc0000)
  object space 16384K, 52% used [0x7dfc0000,0x7e834ad0,0x7efc0000)
}
Event: 1.936 GC heap before
{Heap before GC invocations=2 (full 0):
 PSYoungGen      total 13504K, used 13497K [0xa4270000, 0xa5cd0000, 0xb33c0000)
  eden space 11584K, 100% used [0xa4270000,0xa4dc0000,0xa4dc0000)
  from space 1920K, 99% used [0xa4dc0000,0xa4f9e6c8,0xa4fa0000)
  to   space 1920K, 0% used [0xa5af0000,0xa5af0000,0xa5cd0000)
 ParOldGen       total 30848K, used 838K [0x85fc0000, 0x87de0000, 0xa4270000)
  object space 30848K, 2% used [0x85fc0000,0x860919d8,0x87de0000)
 PSPermGen       total 16384K, used 9623K [0x7dfc0000, 0x7efc0000, 0x85fc0000)
  object space 16384K, 58% used [0x7dfc0000,0x7e925f30,0x7efc0000)
Event: 1.964 GC heap after
Heap after GC invocations=2 (full 0):
 PSYoungGen      total 25088K, used 1905K [0xa4270000, 0xa5cd0000, 0xb33c0000)
  eden space 23168K, 0% used [0xa4270000,0xa4270000,0xa5910000)
  from space 1920K, 99% used [0xa5af0000,0xa5ccc6d8,0xa5cd0000)
  to   space 1920K, 0% used [0xa5910000,0xa5910000,0xa5af0000)
 ParOldGen       total 30848K, used 1669K [0x85fc0000, 0x87de0000, 0xa4270000)
  object space 30848K, 5% used [0x85fc0000,0x861617f0,0x87de0000)
 PSPermGen       total 16384K, used 9623K [0x7dfc0000, 0x7efc0000, 0x85fc0000)
  object space 16384K, 58% used [0x7dfc0000,0x7e925f30,0x7efc0000)
}
Event: 3.585 GC heap before
{Heap before GC invocations=3 (full 0):
 PSYoungGen      total 25088K, used 25073K [0xa4270000, 0xa5cd0000, 0xb33c0000)
  eden space 23168K, 100% used [0xa4270000,0xa5910000,0xa5910000)
  from space 1920K, 99% used [0xa5af0000,0xa5ccc6d8,0xa5cd0000)
  to   space 1920K, 0% used [0xa5910000,0xa5910000,0xa5af0000)
 ParOldGen       total 30848K, used 1669K [0x85fc0000, 0x87de0000, 0xa4270000)
  object space 30848K, 5% used [0x85fc0000,0x861617f0,0x87de0000)
 PSPermGen       total 16384K, used 13386K [0x7dfc0000, 0x7efc0000, 0x85fc0000)
  object space 16384K, 81% used [0x7dfc0000,0x7ecd2918,0x7efc0000)
Event: 3.601 GC heap after
Heap after GC invocations=3 (full 0):
 PSYoungGen      total 25088K, used 1913K [0xa4270000, 0xa7370000, 0xb33c0000)
  eden space 23168K, 0% used [0xa4270000,0xa4270000,0xa5910000)
  from space 1920K, 99% used [0xa5910000,0xa5aee688,0xa5af0000)
  to   space 1920K, 0% used [0xa7190000,0xa7190000,0xa7370000)
 ParOldGen       total 30848K, used 5068K [0x85fc0000, 0x87de0000, 0xa4270000)
  object space 30848K, 16% used [0x85fc0000,0x864b31e0,0x87de0000)
 PSPermGen       total 16384K, used 13386K [0x7dfc0000, 0x7efc0000, 0x85fc0000)
  object space 16384K, 81% used [0x7dfc0000,0x7ecd2918,0x7efc0000)
}
Event: 4.307 GC heap before
{Heap before GC invocations=4 (full 0):
 PSYoungGen      total 25088K, used 25081K [0xa4270000, 0xa7370000, 0xb33c0000)
  eden space 23168K, 100% used [0xa4270000,0xa5910000,0xa5910000)
  from space 1920K, 99% used [0xa5910000,0xa5aee688,0xa5af0000)
  to   space 1920K, 0% used [0xa7190000,0xa7190000,0xa7370000)
 ParOldGen       total 30848K, used 5068K [0x85fc0000, 0x87de0000, 0xa4270000)
  object space 30848K, 16% used [0x85fc0000,0x864b31e0,0x87de0000)
 PSPermGen       total 16384K, used 16166K [0x7dfc0000, 0x7efc0000, 0x85fc0000)
  object space 16384K, 98% used [0x7dfc0000,0x7ef89bf8,0x7efc0000)
Event: 4.324 GC heap after
Heap after GC invocations=4 (full 0):
 PSYoungGen      total 48256K, used 1904K [0xa4270000, 0xa7370000, 0xb33c0000)
  eden space 46336K, 0% used [0xa4270000,0xa4270000,0xa6fb0000)
  from space 1920K, 99% used [0xa7190000,0xa736c2a8,0xa7370000)
  to   space 1920K, 0% used [0xa6fb0000,0xa6fb0000,0xa7190000)
 ParOldGen       total 30848K, used 7562K [0x85fc0000, 0x87de0000, 0xa4270000)
  object space 30848K, 24% used [0x85fc0000,0x867228d8,0x87de0000)
 PSPermGen       total 16384K, used 16166K [0x7dfc0000, 0x7efc0000, 0x85fc0000)
  object space 16384K, 98% used [0x7dfc0000,0x7ef89bf8,0x7efc0000)
}

Deoptimization events (10 events):
Event: 2.346 Thread 0xb650a800 Uncommon trap -34 fr.pc 0xb34ef49c
Event: 2.863 Thread 0xb650a800 Uncommon trap 22 fr.pc 0xb350734c
Event: 2.885 Thread 0xb650a800 Uncommon trap 22 fr.pc 0xb35168a4
Event: 3.084 Thread 0xb650a800 Uncommon trap 56 fr.pc 0xb3513370
Event: 3.681 Thread 0x77526400 Uncommon trap -83 fr.pc 0xb351a814
Event: 3.700 Thread 0x77526400 Uncommon trap -34 fr.pc 0xb3511ab0
Event: 3.700 Thread 0x77526400 Uncommon trap -34 fr.pc 0xb3511ab0
Event: 3.700 Thread 0x77526400 Uncommon trap -34 fr.pc 0xb3511ab0
Event: 3.700 Thread 0x77526400 Uncommon trap -34 fr.pc 0xb3511ab0
Event: 4.276 Thread 0x77526400 Uncommon trap -12 fr.pc 0xb3555440

Internal exceptions (10 events):
Event: 4.354 Thread 0x77526400 Threw 0xa440aea8 at /build/buildd/openjdk-7-7u21-2.3.9/build/openjdk/hotspot/src/share/vm/prims/jvm.cpp:1166
Event: 4.356 Thread 0x77526400 Threw 0xa441c8b0 at /build/buildd/openjdk-7-7u21-2.3.9/build/openjdk/hotspot/src/share/vm/prims/jvm.cpp:1166
Event: 4.357 Thread 0x77526400 Threw 0xa442b628 at /build/buildd/openjdk-7-7u21-2.3.9/build/openjdk/hotspot/src/share/vm/prims/jvm.cpp:1166
Event: 4.358 Thread 0x77526400 Threw 0xa44388b8 at /build/buildd/openjdk-7-7u21-2.3.9/build/openjdk/hotspot/src/share/vm/prims/jvm.cpp:1166
Event: 4.358 Thread 0x77526400 Threw 0xa4442c60 at /build/buildd/openjdk-7-7u21-2.3.9/build/openjdk/hotspot/src/share/vm/prims/jvm.cpp:1166
Event: 4.360 Thread 0x77526400 Threw 0xa445ba10 at /build/buildd/openjdk-7-7u21-2.3.9/build/openjdk/hotspot/src/share/vm/prims/jvm.cpp:1166
Event: 4.361 Thread 0x77526400 Threw 0xa4468288 at /build/buildd/openjdk-7-7u21-2.3.9/build/openjdk/hotspot/src/share/vm/prims/jvm.cpp:1166
Event: 4.362 Thread 0x77526400 Threw 0xa4473238 at /build/buildd/openjdk-7-7u21-2.3.9/build/openjdk/hotspot/src/share/vm/prims/jvm.cpp:1166
Event: 4.363 Thread 0x77526400 Threw 0xa44876a0 at /build/buildd/openjdk-7-7u21-2.3.9/build/openjdk/hotspot/src/share/vm/prims/jvm.cpp:1166
Event: 4.365 Thread 0x77526400 Threw 0xa4494810 at /build/buildd/openjdk-7-7u21-2.3.9/build/openjdk/hotspot/src/share/vm/prims/jvm.cpp:1166

Events (10 events):
Event: 4.360 loading class 0x7d7cb510
Event: 4.360 loading class 0x7d7cb510 done
Event: 4.361 loading class 0x7d7cd5a0
Event: 4.361 loading class 0x7d7cd5a0 done
Event: 4.362 loading class 0x7d7c7148
Event: 4.362 loading class 0x7d7c7148 done
Event: 4.363 loading class 0x7d7d0a78
Event: 4.363 loading class 0x7d7d0a78 done
Event: 4.365 loading class 0x7d7c9a50
Event: 4.365 loading class 0x7d7c9a50 done


Dynamic libraries:
08048000-08049000 r-xp 00000000 08:06 950270     /usr/lib/jvm/java-7-openjdk-i386/jre/bin/java
08049000-0804a000 r--p 00000000 08:06 950270     /usr/lib/jvm/java-7-openjdk-i386/jre/bin/java
0804a000-0804b000 rw-p 00001000 08:06 950270     /usr/lib/jvm/java-7-openjdk-i386/jre/bin/java
08fb1000-0900b000 rw-p 00000000 00:00 0          [heap]
7431c000-74500000 rw-p 00000000 00:00 0 
74500000-745ee000 rw-p 00000000 00:00 0 
745ee000-74600000 ---p 00000000 00:00 0 
74600000-7466c000 rw-p 00000000 00:00 0 
7466c000-74700000 ---p 00000000 00:00 0 
74700000-7478b000 rw-p 00000000 00:00 0 
7478b000-74800000 ---p 00000000 00:00 0 
74883000-74884000 ---p 00000000 00:00 0 
74884000-75084000 rw-p 00000000 00:00 0          [stack:16485]
75084000-750b6000 r-xp 00000000 08:06 531359     /usr/lib/i386-linux-gnu/gvfs/libgvfscommon.so
750b6000-750b7000 ---p 00032000 08:06 531359     /usr/lib/i386-linux-gnu/gvfs/libgvfscommon.so
750b7000-750b9000 r--p 00032000 08:06 531359     /usr/lib/i386-linux-gnu/gvfs/libgvfscommon.so
750b9000-750ba000 rw-p 00034000 08:06 531359     /usr/lib/i386-linux-gnu/gvfs/libgvfscommon.so
750c3000-750dd000 r-xp 00000000 08:06 534173     /usr/lib/i386-linux-gnu/libdbusmenu-glib.so.4.0.12
750dd000-750de000 ---p 0001a000 08:06 534173     /usr/lib/i386-linux-gnu/libdbusmenu-glib.so.4.0.12
750de000-750df000 r--p 0001a000 08:06 534173     /usr/lib/i386-linux-gnu/libdbusmenu-glib.so.4.0.12
750df000-750e0000 rw-p 0001b000 08:06 534173     /usr/lib/i386-linux-gnu/libdbusmenu-glib.so.4.0.12
750e0000-750f1000 r-xp 00000000 08:06 526869     /usr/lib/i386-linux-gnu/libdbusmenu-gtk.so.4.0.12
750f1000-750f2000 r--p 00010000 08:06 526869     /usr/lib/i386-linux-gnu/libdbusmenu-gtk.so.4.0.12
750f2000-750f3000 rw-p 00011000 08:06 526869     /usr/lib/i386-linux-gnu/libdbusmenu-gtk.so.4.0.12
7510b000-75110000 r-xp 00000000 08:06 526878     /usr/lib/i386-linux-gnu/gtk-2.0/2.10.0/menuproxies/libappmenu.so
75110000-75111000 r--p 00004000 08:06 526878     /usr/lib/i386-linux-gnu/gtk-2.0/2.10.0/menuproxies/libappmenu.so
75111000-75112000 rw-p 00005000 08:06 526878     /usr/lib/i386-linux-gnu/gtk-2.0/2.10.0/menuproxies/libappmenu.so
75112000-75155000 r-xp 00000000 08:06 531450     /usr/lib/i386-linux-gnu/libibus-1.0.so.0.402.0
75155000-75156000 r--p 00043000 08:06 531450     /usr/lib/i386-linux-gnu/libibus-1.0.so.0.402.0
75156000-75157000 rw-p 00044000 08:06 531450     /usr/lib/i386-linux-gnu/libibus-1.0.so.0.402.0
75157000-751a9000 r--p 00000000 08:06 12730      /usr/share/fonts/truetype/ttf-dejavu/DejaVuSansMono.ttf
751a9000-75200000 r--p 00000000 08:06 5007       /usr/share/fonts/truetype/ubuntu-font-family/Ubuntu-R.ttf
75200000-752fa000 rw-p 00000000 00:00 0 
752fa000-75300000 ---p 00000000 00:00 0 
75300000-753fe000 rw-p 00000000 00:00 0 
753fe000-75400000 ---p 00000000 00:00 0 
75400000-754fa000 rw-p 00000000 00:00 0 
754fa000-75500000 ---p 00000000 00:00 0 
75504000-75514000 r-xp 00000000 08:06 811724     /lib/i386-linux-gnu/libudev.so.1.2.2
75514000-75515000 r--p 0000f000 08:06 811724     /lib/i386-linux-gnu/libudev.so.1.2.2
75515000-75516000 rw-p 00010000 08:06 811724     /lib/i386-linux-gnu/libudev.so.1.2.2
75516000-75546000 r-xp 00000000 08:06 527561     /usr/lib/i386-linux-gnu/gio/modules/libgvfsdbus.so
75546000-75547000 r--p 0002f000 08:06 527561     /usr/lib/i386-linux-gnu/gio/modules/libgvfsdbus.so
75547000-75548000 rw-p 00030000 08:06 527561     /usr/lib/i386-linux-gnu/gio/modules/libgvfsdbus.so
75548000-7554e000 r-xp 00000000 08:06 661996     /usr/lib/i386-linux-gnu/gtk-2.0/2.10.0/immodules/im-ibus.so
7554e000-7554f000 r--p 00005000 08:06 661996     /usr/lib/i386-linux-gnu/gtk-2.0/2.10.0/immodules/im-ibus.so
7554f000-75550000 rw-p 00006000 08:06 661996     /usr/lib/i386-linux-gnu/gtk-2.0/2.10.0/immodules/im-ibus.so
75550000-75562000 r--s 00000000 08:06 5071       /usr/share/fonts/type1/gsfonts/n019044l.pfb
75562000-7556b000 r--s 00000000 08:06 5116       /usr/share/fonts/type1/gsfonts/s050000l.pfb
7556b000-7557b000 r--s 00000000 08:06 5020       /usr/share/fonts/type1/gsfonts/a010015l.pfb
7557b000-7558c000 r--s 00000000 08:06 5074       /usr/share/fonts/type1/gsfonts/n019063l.pfb
7558c000-755a8000 r--s 00000000 08:06 5113       /usr/share/fonts/type1/gsfonts/p052024l.pfb
755a8000-755c1000 r--s 00000000 08:06 5029       /usr/share/fonts/type1/gsfonts/b018012l.pfb
755c1000-755d3000 r--s 00000000 08:06 5068       /usr/share/fonts/type1/gsfonts/n019043l.pfb
755d3000-755ea000 r--s 00000000 08:06 5119       /usr/share/fonts/type1/gsfonts/z003034l.pfb
755ea000-75602000 r--s 00000000 08:06 5050       /usr/share/fonts/type1/gsfonts/c059036l.pfb
75602000-7561d000 r--s 00000000 08:06 5107       /usr/share/fonts/type1/gsfonts/p052004l.pfb
7561d000-75637000 r--s 00000000 08:06 5041       /usr/share/fonts/type1/gsfonts/c059013l.pfb
75637000-75649000 r--s 00000000 08:06 5038       /usr/share/fonts/type1/gsfonts/b018035l.pfb
75649000-7565c000 r--s 00000000 08:06 5032       /usr/share/fonts/type1/gsfonts/b018015l.pfb
7565c000-7566c000 r--s 00000000 08:06 5017       /usr/share/fonts/type1/gsfonts/a010013l.pfb
7566c000-75684000 r--s 00000000 08:06 5047       /usr/share/fonts/type1/gsfonts/c059033l.pfb
75684000-75690000 r--s 00000000 08:06 5053       /usr/share/fonts/type1/gsfonts/d050000l.pfb
75690000-756a0000 r--s 00000000 08:06 5023       /usr/share/fonts/type1/gsfonts/a010033l.pfb
756a0000-756bb000 r--s 00000000 08:06 5104       /usr/share/fonts/type1/gsfonts/p052003l.pfb
756bb000-756ce000 r--s 00000000 08:06 5077       /usr/share/fonts/type1/gsfonts/n019064l.pfb
756ce000-756df000 r--s 00000000 08:06 5026       /usr/share/fonts/type1/gsfonts/a010035l.pfb
756df000-756fa000 r--s 00000000 08:06 5110       /usr/share/fonts/type1/gsfonts/p052023l.pfb
756fa000-75715000 r--s 00000000 08:06 5044       /usr/share/fonts/type1/gsfonts/c059016l.pfb
75715000-7572a000 r--s 00000000 08:06 5035       /usr/share/fonts/type1/gsfonts/b018032l.pfb
7572a000-7574a000 r--s 00000000 08:06 930032     /usr/share/texmf/fonts/type1/public/lm/lmssqo8.pfb
7574a000-75769000 r--s 00000000 08:06 930007     /usr/share/texmf/fonts/type1/public/lm/lmvtk10.pfb
75784000-757a1000 r--s 00000000 08:06 930057     /usr/share/texmf/fonts/type1/public/lm/lmssdc10.pfb
757ab000-757c8000 r--s 00000000 08:06 930023     /usr/share/texmf/fonts/type1/public/lm/lmvtt10.pfb
757ef000-75810000 r--s 00000000 08:06 929985     /usr/share/texmf/fonts/type1/public/lm/lmvtto10.pfb
75810000-7582c000 r--s 00000000 08:06 929979     /usr/share/texmf/fonts/type1/public/lm/lmtt10.pfb
7584b000-7586a000 r--s 00000000 08:06 929980     /usr/share/texmf/fonts/type1/public/lm/lmtto10.pfb
75892000-758af000 r--s 00000000 08:06 930033     /usr/share/texmf/fonts/type1/public/lm/lmssqbx8.pfb
758db000-758e4000 r--s 00000000 08:06 4347       /usr/share/fonts/X11/Type1/c0649bt_.pfb
758e4000-75909000 r--s 00000000 08:06 930017     /usr/share/texmf/fonts/type1/public/lm/lmvtko10.pfb
75909000-75923000 r--s 00000000 08:06 929994     /usr/share/texmf/fonts/type1/public/lm/lmtl10.pfb
75947000-75968000 r--s 00000000 08:06 930003     /usr/share/texmf/fonts/type1/public/lm/lmro10.pfb
75968000-75971000 r--s 00000000 08:06 4343       /usr/share/fonts/X11/Type1/c0633bt_.pfb
759d3000-759f6000 r--s 00000000 08:06 930025     /usr/share/texmf/fonts/type1/public/lm/lmtko10.pfb
759f6000-75a18000 r--s 00000000 08:06 930043     /usr/share/texmf/fonts/type1/public/lm/lmbxo10.pfb
75a34000-75a53000 r--s 00000000 08:06 930066     /usr/share/texmf/fonts/type1/public/lm/lmssqbo8.pfb
75a6f000-75a88000 r--s 00000000 08:06 930034     /usr/share/texmf/fonts/type1/public/lm/lmtti10.pfb
75a88000-75aa7000 r--s 00000000 08:06 930053     /usr/share/texmf/fonts/type1/public/lm/lmtlo10.pfb
75aa7000-75ac2000 r--s 00000000 08:06 930004     /usr/share/texmf/fonts/type1/public/lm/lmtcsc10.pfb
75ac2000-75ae4000 r--s 00000000 08:06 929978     /usr/share/texmf/fonts/type1/public/lm/lmssdo10.pfb
75b00000-75c00000 rw-p 00000000 00:00 0 
75c00000-75c02000 r-xp 00000000 08:06 682416     /usr/lib/i386-linux-gnu/pango/1.8.0/modules/pango-basic-fc.so
75c02000-75c03000 r--p 00002000 08:06 682416     /usr/lib/i386-linux-gnu/pango/1.8.0/modules/pango-basic-fc.so
75c03000-75c04000 rw-p 00003000 08:06 682416     /usr/lib/i386-linux-gnu/pango/1.8.0/modules/pango-basic-fc.so
75c0e000-75c17000 r--s 00000000 08:06 4341       /usr/share/fonts/X11/Type1/c0632bt_.pfb
75c17000-75c35000 r--s 00000000 08:06 930019     /usr/share/texmf/fonts/type1/public/lm/lmssbx10.pfb
75c35000-75c52000 r--s 00000000 08:06 930045     /usr/share/texmf/fonts/type1/public/lm/lmtk10.pfb
75c52000-75c74000 r--s 00000000 08:06 930048     /usr/share/texmf/fonts/type1/public/lm/lmssbo10.pfb
75c74000-75c92000 r--s 00000000 08:06 930000     /usr/share/texmf/fonts/type1/public/lm/lmvtl10.pfb
75c92000-75cb4000 r--s 00000000 08:06 930062     /usr/share/texmf/fonts/type1/public/lm/lmvtlo10.pfb
75cb4000-75ccc000 r--s 00000000 08:06 930021     /usr/share/texmf/fonts/type1/public/lm/lmss10.pfb
75cea000-75cf3000 r--s 00000000 08:06 4345       /usr/share/fonts/X11/Type1/c0648bt_.pfb
75cf3000-75d13000 r--s 00000000 08:06 930060     /usr/share/texmf/fonts/type1/public/lm/lmtcso10.pfb
75d13000-75d2e000 r--s 00000000 08:06 930030     /usr/share/texmf/fonts/type1/public/lm/lmsso10.pfb
75d2e000-75d4b000 r--s 00000000 08:06 930011     /usr/share/texmf/fonts/type1/public/lm/lmssq8.pfb
75d4b000-75d4c000 r--s 00000000 08:06 132005     /var/cache/fontconfig/c05880de57d1f5e948fdfacc138775d9-le32d4.cache-3
75d4c000-75d52000 r--s 00000000 08:06 132004     /var/cache/fontconfig/945677eb7aeaf62f1d50efc3fb3ec7d8-le32d4.cache-3
75d52000-75d54000 r--s 00000000 08:06 154860     /var/cache/fontconfig/99e8ed0e538f840c565b6ed5dad60d56-le32d4.cache-3
75d54000-75d57000 r--s 00000000 08:06 132001     /var/cache/fontconfig/2cd17615ca594fa2959ae173292e504c-le32d4.cache-3
75d57000-75d5b000 r--s 00000000 08:06 131999     /var/cache/fontconfig/6eb3985aa4124903f6ff08ba781cd364-le32d4.cache-3
75d5b000-75d5f000 r--s 00000000 08:06 131997     /var/cache/fontconfig/a755afe4a08bf5b97852ceb7400b47bc-le32d4.cache-3
75d5f000-75d66000 r--s 00000000 08:06 132822     /var/cache/fontconfig/6d41288fd70b0be22e8c3a91e032eec0-le32d4.cache-3
75d66000-75d71000 r--s 00000000 08:06 133843     /var/cache/fontconfig/04aabc0a78ac019cf9454389977116d2-le32d4.cache-3
75d71000-75d74000 r--s 00000000 08:06 132160     /var/cache/fontconfig/385c0604a188198f04d133e54aba7fe7-le32d4.cache-3
75d74000-75d81000 r--s 00000000 08:06 131984     /var/cache/fontconfig/d52a8644073d54c13679302ca1180695-le32d4.cache-3
75d81000-75d89000 r--s 00000000 08:06 132472     /var/cache/fontconfig/e13b20fdb08344e0e664864cc2ede53d-le32d4.cache-3
75d89000-75d95000 r--s 00000000 08:06 131981     /var/cache/fontconfig/7ef2298fde41cc6eeb7af42e48b7d293-le32d4.cache-3
75d95000-75da6000 r--s 00000000 08:06 134639     /var/cache/fontconfig/467c019e582ee353435ea5c21d137ef6-le32d4.cache-3
75da7000-75dec000 r-xp 00000000 08:06 531954     /usr/lib/i386-linux-gnu/libjpeg.so.8.0.2
75dec000-75ded000 r--p 00044000 08:06 531954     /usr/lib/i386-linux-gnu/libjpeg.so.8.0.2
75ded000-75dee000 rw-p 00045000 08:06 531954     /usr/lib/i386-linux-gnu/libjpeg.so.8.0.2
75dee000-75dfe000 rw-p 00000000 00:00 0 
75dfe000-75dff000 ---p 00000000 00:00 0 
75dff000-765ff000 rw-p 00000000 00:00 0          [stack:16478]
765ff000-76600000 ---p 00000000 00:00 0 
76600000-76e00000 rw-p 00000000 00:00 0          [stack:16477]
76e00000-76f00000 rw-p 00000000 00:00 0 
76f00000-76f01000 r--s 00000000 08:06 132000     /var/cache/fontconfig/e7071f4a29fa870f4323321c154eba04-le32d4.cache-3
76f01000-76f02000 r--s 00000000 08:06 131998     /var/cache/fontconfig/0d8c3b2ac0904cb8a57a757ad11a4a08-le32d4.cache-3
76f02000-76f04000 r--s 00000000 08:06 131991     /var/cache/fontconfig/767a8244fc0220cfb567a839d0392e0b-le32d4.cache-3
76f04000-76f07000 r--s 00000000 08:06 132162     /var/cache/fontconfig/8801497958630a81b71ace7c5f9b32a8-le32d4.cache-3
76f5f000-76f61000 rw-p 00000000 00:00 0 
76f61000-76f6a000 r-xp 00000000 08:06 950741     /usr/lib/jvm/java-7-openjdk-i386/jre/lib/i386/libjavajpeg.so
76f6a000-76f6b000 r--p 00008000 08:06 950741     /usr/lib/jvm/java-7-openjdk-i386/jre/lib/i386/libjavajpeg.so
76f6b000-76f6c000 rw-p 00009000 08:06 950741     /usr/lib/jvm/java-7-openjdk-i386/jre/lib/i386/libjavajpeg.so
76f6c000-76f6f000 ---p 00000000 00:00 0 
76f6f000-76fbd000 rw-p 00000000 00:00 0          [stack:16494]
76fbd000-76ff8000 r--p 00000000 08:06 919022     /usr/share/glib-2.0/schemas/gschemas.compiled
76ff8000-76ffe000 r-xp 00000000 08:06 532040     /usr/lib/i386-linux-gnu/libogg.so.0.8.0
76ffe000-76fff000 r--p 00005000 08:06 532040     /usr/lib/i386-linux-gnu/libogg.so.0.8.0
76fff000-77000000 rw-p 00006000 08:06 532040     /usr/lib/i386-linux-gnu/libogg.so.0.8.0
77000000-770fe000 rw-p 00000000 00:00 0 
770fe000-77100000 ---p 00000000 00:00 0 
77100000-77200000 rw-p 00000000 00:00 0 
77200000-772fd000 rw-p 00000000 00:00 0 
772fd000-77300000 ---p 00000000 00:00 0 
77300000-773fb000 rw-p 00000000 00:00 0 
773fb000-77400000 ---p 00000000 00:00 0 
77400000-77401000 r--s 00000000 08:06 131994     /var/cache/fontconfig/1ac9eb803944fde146138c791f5cc56a-le32d4.cache-3
77401000-77405000 r--s 00000000 08:06 131988     /var/cache/fontconfig/3047814df9a2f067bd2d96a2b9c36e5a-le32d4.cache-3
77405000-7742e000 r-xp 00000000 08:06 532246     /usr/lib/i386-linux-gnu/libvorbis.so.0.4.5
7742e000-7742f000 ---p 00029000 08:06 532246     /usr/lib/i386-linux-gnu/libvorbis.so.0.4.5
7742f000-77430000 r--p 00029000 08:06 532246     /usr/lib/i386-linux-gnu/libvorbis.so.0.4.5
77430000-77431000 rw-p 0002a000 08:06 532246     /usr/lib/i386-linux-gnu/libvorbis.so.0.4.5
77431000-7743a000 r-xp 00000000 08:06 551955     /usr/lib/i386-linux-gnu/libltdl.so.7.3.0
7743a000-7743b000 r--p 00008000 08:06 551955     /usr/lib/i386-linux-gnu/libltdl.so.7.3.0
7743b000-7743c000 rw-p 00009000 08:06 551955     /usr/lib/i386-linux-gnu/libltdl.so.7.3.0
7743c000-7744d000 r-xp 00000000 08:06 532188     /usr/lib/i386-linux-gnu/libtdb.so.1.2.10
7744d000-7744e000 r--p 00010000 08:06 532188     /usr/lib/i386-linux-gnu/libtdb.so.1.2.10
7744e000-7744f000 rw-p 00011000 08:06 532188     /usr/lib/i386-linux-gnu/libtdb.so.1.2.10
7744f000-7745e000 r-xp 00000000 08:06 525786     /usr/lib/i386-linux-gnu/libcanberra.so.0.2.5
7745e000-7745f000 r--p 0000e000 08:06 525786     /usr/lib/i386-linux-gnu/libcanberra.so.0.2.5
7745f000-77460000 rw-p 0000f000 08:06 525786     /usr/lib/i386-linux-gnu/libcanberra.so.0.2.5
77460000-77461000 r--s 00000000 08:06 131992     /var/cache/fontconfig/dc05db6664285cc2f12bf69c139ae4c3-le32d4.cache-3
77461000-77465000 r--s 00000000 08:06 132156     /var/cache/fontconfig/b47c4e1ecd0709278f4910c18777a504-le32d4.cache-3
77465000-7746c000 r--p 00000000 08:07 2368099    /home/shekhar/.config/dconf/user
7746c000-77476000 r-xp 00000000 08:06 531817     /usr/lib/i386-linux-gnu/gio/modules/libdconfsettings.so
77476000-77477000 r--p 00009000 08:06 531817     /usr/lib/i386-linux-gnu/gio/modules/libdconfsettings.so
77477000-77478000 rw-p 0000a000 08:06 531817     /usr/lib/i386-linux-gnu/gio/modules/libdconfsettings.so
77478000-774ad000 r-xp 00000000 08:06 655661     /usr/lib/i386-linux-gnu/gtk-2.0/2.10.0/engines/libmurrine.so
774ad000-774ae000 r--p 00034000 08:06 655661     /usr/lib/i386-linux-gnu/gtk-2.0/2.10.0/engines/libmurrine.so
774ae000-774af000 rw-p 00035000 08:06 655661     /usr/lib/i386-linux-gnu/gtk-2.0/2.10.0/engines/libmurrine.so
774af000-774b2000 ---p 00000000 00:00 0 
774b2000-77500000 rw-p 00000000 00:00 0          [stack:16438]
77500000-775fb000 rw-p 00000000 00:00 0 
775fb000-77600000 ---p 00000000 00:00 0 
77600000-77601000 r--s 00000000 08:06 132114     /var/cache/fontconfig/4794a0821666d79190d59a36cb4f44b5-le32d4.cache-3
77601000-77602000 r--s 00000000 08:06 131987     /var/cache/fontconfig/56cf4f4769d0f4abc89a4895d7bd3ae1-le32d4.cache-3
77602000-77603000 r--s 00000000 08:06 131986     /var/cache/fontconfig/b9d506c9ac06c20b433354fa67a72993-le32d4.cache-3
77603000-7760b000 r-xp 00000000 08:06 532250     /usr/lib/i386-linux-gnu/libvorbisfile.so.3.3.4
7760b000-7760c000 r--p 00007000 08:06 532250     /usr/lib/i386-linux-gnu/libvorbisfile.so.3.3.4
7760c000-7760d000 rw-p 00008000 08:06 532250     /usr/lib/i386-linux-gnu/libvorbisfile.so.3.3.4
7760d000-77611000 r-xp 00000000 08:06 526903     /usr/lib/i386-linux-gnu/libcanberra-gtk.so.0.1.9
77611000-77612000 r--p 00003000 08:06 526903     /usr/lib/i386-linux-gnu/libcanberra-gtk.so.0.1.9
77612000-77613000 rw-p 00004000 08:06 526903     /usr/lib/i386-linux-gnu/libcanberra-gtk.so.0.1.9
77613000-77618000 r-xp 00000000 08:06 533744     /usr/lib/i386-linux-gnu/gtk-2.0/modules/libcanberra-gtk-module.so
77618000-77619000 r--p 00004000 08:06 533744     /usr/lib/i386-linux-gnu/gtk-2.0/modules/libcanberra-gtk-module.so
77619000-7761a000 rw-p 00005000 08:06 533744     /usr/lib/i386-linux-gnu/gtk-2.0/modules/libcanberra-gtk-module.so
7761a000-7761d000 ---p 00000000 00:00 0 
7761d000-7766b000 rw-p 00000000 00:00 0          [stack:16429]
7766b000-7766e000 ---p 00000000 00:00 0 
7766e000-776bc000 rw-p 00000000 00:00 0          [stack:16428]
776bc000-776bf000 ---p 00000000 00:00 0 
776bf000-7770d000 rw-p 00000000 00:00 0          [stack:16427]
7770d000-77710000 ---p 00000000 00:00 0 
77710000-7775e000 rw-p 00000000 00:00 0          [stack:16426]
7775e000-77761000 ---p 00000000 00:00 0 
77761000-777af000 rw-p 00000000 00:00 0          [stack:16425]
777af000-777b2000 ---p 00000000 00:00 0 
777b2000-77800000 rw-p 00000000 00:00 0          [stack:16424]
77800000-778fd000 rw-p 00000000 00:00 0 
778fd000-77900000 ---p 00000000 00:00 0 
77900000-77901000 r--s 00000000 08:06 131982     /var/cache/fontconfig/0c9eb80ebd1c36541ebe2852d3bb0c49-le32d4.cache-3
77901000-77944000 r-xp 00000000 08:06 950742     /usr/lib/jvm/java-7-openjdk-i386/jre/lib/i386/libfontmanager.so
77944000-77945000 r--p 00043000 08:06 950742     /usr/lib/jvm/java-7-openjdk-i386/jre/lib/i386/libfontmanager.so
77945000-77946000 rw-p 00044000 08:06 950742     /usr/lib/jvm/java-7-openjdk-i386/jre/lib/i386/libfontmanager.so
77946000-77949000 ---p 00000000 00:00 0 
77949000-77997000 rw-p 00000000 00:00 0          [stack:16423]
77997000-78b06000 r-xp 00000000 08:06 527198     /usr/lib/i386-linux-gnu/libicudata.so.48.1.1
78b06000-78b07000 r--p 0116e000 08:06 527198     /usr/lib/i386-linux-gnu/libicudata.so.48.1.1
78b07000-78b08000 rw-p 0116f000 08:06 527198     /usr/lib/i386-linux-gnu/libicudata.so.48.1.1
78b08000-78b0b000 r-xp 00000000 08:06 787158     /lib/i386-linux-gnu/libgpg-error.so.0.8.0
78b0b000-78b0c000 r--p 00002000 08:06 787158     /lib/i386-linux-gnu/libgpg-error.so.0.8.0
78b0c000-78b0d000 rw-p 00003000 08:06 787158     /lib/i386-linux-gnu/libgpg-error.so.0.8.0
78b0d000-78b0f000 r-xp 00000000 08:06 786491     /lib/i386-linux-gnu/libkeyutils.so.1.4
78b0f000-78b10000 r--p 00002000 08:06 786491     /lib/i386-linux-gnu/libkeyutils.so.1.4
78b10000-78b11000 rw-p 00003000 08:06 786491     /lib/i386-linux-gnu/libkeyutils.so.1.4
78b11000-78c67000 r-xp 00000000 08:06 526802     /usr/lib/i386-linux-gnu/libicuuc.so.48.1.1
78c67000-78c71000 r--p 00155000 08:06 526802     /usr/lib/i386-linux-gnu/libicuuc.so.48.1.1
78c71000-78c72000 rw-p 0015f000 08:06 526802     /usr/lib/i386-linux-gnu/libicuuc.so.48.1.1
78c72000-78c76000 rw-p 00000000 00:00 0 
78c76000-78ca9000 r-xp 00000000 08:06 526833     /usr/lib/i386-linux-gnu/libicule.so.48.1.1
78ca9000-78caa000 ---p 00033000 08:06 526833     /usr/lib/i386-linux-gnu/libicule.so.48.1.1
78caa000-78cab000 r--p 00033000 08:06 526833     /usr/lib/i386-linux-gnu/libicule.so.48.1.1
78cab000-78cac000 rw-p 00034000 08:06 526833     /usr/lib/i386-linux-gnu/libicule.so.48.1.1
78cac000-78cf4000 r-xp 00000000 08:06 787264     /lib/i386-linux-gnu/libdbus-1.so.3.7.2
78cf4000-78cf5000 r--p 00047000 08:06 787264     /lib/i386-linux-gnu/libdbus-1.so.3.7.2
78cf5000-78cf6000 rw-p 00048000 08:06 787264     /lib/i386-linux-gnu/libdbus-1.so.3.7.2
78cf6000-78d08000 r-xp 00000000 08:06 526889     /usr/lib/i386-linux-gnu/libp11-kit.so.0.0.0
78d08000-78d09000 r--p 00011000 08:06 526889     /usr/lib/i386-linux-gnu/libp11-kit.so.0.0.0
78d09000-78d0a000 rw-p 00012000 08:06 526889     /usr/lib/i386-linux-gnu/libp11-kit.so.0.0.0
78d0a000-78d1a000 r-xp 00000000 08:06 526887     /usr/lib/i386-linux-gnu/libtasn1.so.3.2.0
78d1a000-78d1b000 r--p 0000f000 08:06 526887     /usr/lib/i386-linux-gnu/libtasn1.so.3.2.0
78d1b000-78d1c000 rw-p 00010000 08:06 526887     /usr/lib/i386-linux-gnu/libtasn1.so.3.2.0
78d1c000-78d9d000 r-xp 00000000 08:06 786487     /lib/i386-linux-gnu/libgcrypt.so.11.7.0
78d9d000-78d9e000 r--p 00080000 08:06 786487     /lib/i386-linux-gnu/libgcrypt.so.11.7.0
78d9e000-78da0000 rw-p 00081000 08:06 786487     /lib/i386-linux-gnu/libgcrypt.so.11.7.0
78da0000-78da7000 r-xp 00000000 08:06 531965     /usr/lib/i386-linux-gnu/libkrb5support.so.0.1
78da7000-78da8000 r--p 00006000 08:06 531965     /usr/lib/i386-linux-gnu/libkrb5support.so.0.1
78da8000-78da9000 rw-p 00007000 08:06 531965     /usr/lib/i386-linux-gnu/libkrb5support.so.0.1
78da9000-78dac000 r-xp 00000000 08:06 786489     /lib/i386-linux-gnu/libcom_err.so.2.1
78dac000-78dad000 r--p 00002000 08:06 786489     /lib/i386-linux-gnu/libcom_err.so.2.1
78dad000-78dae000 rw-p 00003000 08:06 786489     /lib/i386-linux-gnu/libcom_err.so.2.1
78dae000-78dd4000 r-xp 00000000 08:06 564729     /usr/lib/i386-linux-gnu/libk5crypto.so.3.1
78dd4000-78dd5000 r--p 00026000 08:06 564729     /usr/lib/i386-linux-gnu/libk5crypto.so.3.1
78dd5000-78dd6000 rw-p 00027000 08:06 564729     /usr/lib/i386-linux-gnu/libk5crypto.so.3.1
78dd6000-78e9d000 r-xp 00000000 08:06 531842     /usr/lib/i386-linux-gnu/libkrb5.so.3.3
78e9d000-78ea3000 r--p 000c6000 08:06 531842     /usr/lib/i386-linux-gnu/libkrb5.so.3.3
78ea3000-78ea4000 rw-p 000cc000 08:06 531842     /usr/lib/i386-linux-gnu/libkrb5.so.3.3
78ea4000-78f3c000 r-xp 00000000 08:06 524457     /usr/lib/i386-linux-gnu/libharfbuzz.so.0.913.0
78f3c000-78f3d000 ---p 00098000 08:06 524457     /usr/lib/i386-linux-gnu/libharfbuzz.so.0.913.0
78f3d000-78f3e000 r--p 00098000 08:06 524457     /usr/lib/i386-linux-gnu/libharfbuzz.so.0.913.0
78f3e000-78f3f000 rw-p 00099000 08:06 524457     /usr/lib/i386-linux-gnu/libharfbuzz.so.0.913.0
78f3f000-78f47000 r-xp 00000000 08:06 531519     /usr/lib/i386-linux-gnu/libxcb-render.so.0.0.0
78f47000-78f48000 r--p 00008000 08:06 531519     /usr/lib/i386-linux-gnu/libxcb-render.so.0.0.0
78f48000-78f49000 rw-p 00009000 08:06 531519     /usr/lib/i386-linux-gnu/libxcb-render.so.0.0.0
78f49000-78f4b000 r-xp 00000000 08:06 532268     /usr/lib/i386-linux-gnu/libxcb-shm.so.0.0.0
78f4b000-78f4c000 r--p 00001000 08:06 532268     /usr/lib/i386-linux-gnu/libxcb-shm.so.0.0.0
78f4c000-78f4d000 rw-p 00002000 08:06 532268     /usr/lib/i386-linux-gnu/libxcb-shm.so.0.0.0
78f4d000-78f74000 r-xp 00000000 08:06 787260     /lib/i386-linux-gnu/libpng12.so.0.49.0
78f74000-78f75000 r--p 00026000 08:06 787260     /lib/i386-linux-gnu/libpng12.so.0.49.0
78f75000-78f76000 rw-p 00027000 08:06 787260     /lib/i386-linux-gnu/libpng12.so.0.49.0
78f76000-7900a000 r-xp 00000000 08:06 524446     /usr/lib/i386-linux-gnu/libpixman-1.so.0.28.2
7900a000-7900f000 r--p 00093000 08:06 524446     /usr/lib/i386-linux-gnu/libpixman-1.so.0.28.2
7900f000-79010000 rw-p 00098000 08:06 524446     /usr/lib/i386-linux-gnu/libpixman-1.so.0.28.2
79010000-79015000 r-xp 00000000 08:06 531535     /usr/lib/i386-linux-gnu/libXdmcp.so.6.0.0
79015000-79016000 r--p 00004000 08:06 531535     /usr/lib/i386-linux-gnu/libXdmcp.so.6.0.0
79016000-79017000 rw-p 00005000 08:06 531535     /usr/lib/i386-linux-gnu/libXdmcp.so.6.0.0
79017000-79019000 r-xp 00000000 08:06 531524     /usr/lib/i386-linux-gnu/libXau.so.6.0.0
79019000-7901a000 r--p 00001000 08:06 531524     /usr/lib/i386-linux-gnu/libXau.so.6.0.0
7901a000-7901b000 rw-p 00002000 08:06 531524     /usr/lib/i386-linux-gnu/libXau.so.6.0.0
7901b000-7902b000 r-xp 00000000 08:06 531606     /usr/lib/i386-linux-gnu/libavahi-client.so.3.2.9
7902b000-7902c000 r--p 0000f000 08:06 531606     /usr/lib/i386-linux-gnu/libavahi-client.so.3.2.9
7902c000-7902d000 rw-p 00010000 08:06 531606     /usr/lib/i386-linux-gnu/libavahi-client.so.3.2.9
7902d000-79039000 r-xp 00000000 08:06 531096     /usr/lib/i386-linux-gnu/libavahi-common.so.3.5.3
79039000-7903a000 r--p 0000b000 08:06 531096     /usr/lib/i386-linux-gnu/libavahi-common.so.3.5.3
7903a000-7903b000 rw-p 0000c000 08:06 531096     /usr/lib/i386-linux-gnu/libavahi-common.so.3.5.3
7903b000-790fb000 r-xp 00000000 08:06 532190     /usr/lib/i386-linux-gnu/libgnutls.so.26.22.6
790fb000-790ff000 r--p 000bf000 08:06 532190     /usr/lib/i386-linux-gnu/libgnutls.so.26.22.6
790ff000-79100000 rw-p 000c3000 08:06 532190     /usr/lib/i386-linux-gnu/libgnutls.so.26.22.6
79100000-7913b000 r-xp 00000000 08:06 531959     /usr/lib/i386-linux-gnu/libgssapi_krb5.so.2.2
7913b000-7913c000 r--p 0003a000 08:06 531959     /usr/lib/i386-linux-gnu/libgssapi_krb5.so.2.2
7913c000-7913d000 rw-p 0003b000 08:06 531959     /usr/lib/i386-linux-gnu/libgssapi_krb5.so.2.2
7913d000-79162000 r-xp 00000000 08:06 787138     /lib/i386-linux-gnu/libexpat.so.1.6.0
79162000-79164000 r--p 00025000 08:06 787138     /lib/i386-linux-gnu/libexpat.so.1.6.0
79164000-79165000 rw-p 00027000 08:06 787138     /lib/i386-linux-gnu/libexpat.so.1.6.0
79165000-791fb000 r-xp 00000000 08:06 527327     /usr/lib/i386-linux-gnu/libfreetype.so.6.10.0
791fb000-791ff000 r--p 00095000 08:06 527327     /usr/lib/i386-linux-gnu/libfreetype.so.6.10.0
791ff000-79200000 rw-p 00099000 08:06 527327     /usr/lib/i386-linux-gnu/libfreetype.so.6.10.0
79200000-79202000 r-xp 00000000 08:06 531533     /usr/lib/i386-linux-gnu/libXdamage.so.1.1.0
79202000-79203000 r--p 00001000 08:06 531533     /usr/lib/i386-linux-gnu/libXdamage.so.1.1.0
79203000-79204000 rw-p 00002000 08:06 531533     /usr/lib/i386-linux-gnu/libXdamage.so.1.1.0
79204000-79206000 r-xp 00000000 08:06 531529     /usr/lib/i386-linux-gnu/libXcomposite.so.1.0.0
79206000-79207000 r--p 00001000 08:06 531529     /usr/lib/i386-linux-gnu/libXcomposite.so.1.0.0
79207000-79208000 rw-p 00002000 08:06 531529     /usr/lib/i386-linux-gnu/libXcomposite.so.1.0.0
79208000-79211000 r-xp 00000000 08:06 531531     /usr/lib/i386-linux-gnu/libXcursor.so.1.0.2
79211000-79212000 r--p 00008000 08:06 531531     /usr/lib/i386-linux-gnu/libXcursor.so.1.0.2
79212000-79213000 rw-p 00009000 08:06 531531     /usr/lib/i386-linux-gnu/libXcursor.so.1.0.2
79213000-7921c000 r-xp 00000000 08:06 532186     /usr/lib/i386-linux-gnu/libXrandr.so.2.2.0
7921c000-7921d000 r--p 00008000 08:06 532186     /usr/lib/i386-linux-gnu/libXrandr.so.2.2.0
7921d000-7921e000 rw-p 00009000 08:06 532186     /usr/lib/i386-linux-gnu/libXrandr.so.2.2.0
7921e000-79220000 r-xp 00000000 08:06 531545     /usr/lib/i386-linux-gnu/libXinerama.so.1.0.0
79220000-79221000 r--p 00001000 08:06 531545     /usr/lib/i386-linux-gnu/libXinerama.so.1.0.0
79221000-79222000 rw-p 00002000 08:06 531545     /usr/lib/i386-linux-gnu/libXinerama.so.1.0.0
79222000-79234000 r-xp 00000000 08:06 524470     /usr/lib/i386-linux-gnu/libpangoft2-1.0.so.0.3200.5
79234000-79235000 r--p 00011000 08:06 524470     /usr/lib/i386-linux-gnu/libpangoft2-1.0.so.0.3200.5
79235000-79236000 rw-p 00012000 08:06 524470     /usr/lib/i386-linux-gnu/libpangoft2-1.0.so.0.3200.5
79236000-79349000 r-xp 00000000 08:06 532272     /usr/lib/i386-linux-gnu/libcairo.so.2.11200.14
79349000-7934b000 r--p 00113000 08:06 532272     /usr/lib/i386-linux-gnu/libcairo.so.2.11200.14
7934b000-7934c000 rw-p 00115000 08:06 532272     /usr/lib/i386-linux-gnu/libcairo.so.2.11200.14
7934c000-7934d000 rw-p 00000000 00:00 0 
7934d000-7936b000 r-xp 00000000 08:06 527074     /usr/lib/i386-linux-gnu/libatk-1.0.so.0.20809.1
7936b000-7936d000 r--p 0001d000 08:06 527074     /usr/lib/i386-linux-gnu/libatk-1.0.so.0.20809.1
7936d000-7936e000 rw-p 0001f000 08:06 527074     /usr/lib/i386-linux-gnu/libatk-1.0.so.0.20809.1
7936e000-79373000 r-xp 00000000 08:06 531539     /usr/lib/i386-linux-gnu/libXfixes.so.3.1.0
79373000-79374000 r--p 00004000 08:06 531539     /usr/lib/i386-linux-gnu/libXfixes.so.3.1.0
79374000-79375000 rw-p 00005000 08:06 531539     /usr/lib/i386-linux-gnu/libXfixes.so.3.1.0
79375000-79380000 r-xp 00000000 08:06 530444     /usr/lib/i386-linux-gnu/libpangocairo-1.0.so.0.3200.5
79380000-79381000 r--p 0000a000 08:06 530444     /usr/lib/i386-linux-gnu/libpangocairo-1.0.so.0.3200.5
79381000-79382000 rw-p 0000b000 08:06 530444     /usr/lib/i386-linux-gnu/libpangocairo-1.0.so.0.3200.5
79382000-793a2000 r-xp 00000000 08:06 565001     /usr/lib/i386-linux-gnu/libxcb.so.1.1.0
793a2000-793a3000 r--p 0001f000 08:06 565001     /usr/lib/i386-linux-gnu/libxcb.so.1.1.0
793a3000-793a4000 rw-p 00020000 08:06 565001     /usr/lib/i386-linux-gnu/libxcb.so.1.1.0
793a4000-793fe000 r-xp 00000000 08:06 527444     /usr/lib/i386-linux-gnu/libcups.so.2
793fe000-793ff000 ---p 0005a000 08:06 527444     /usr/lib/i386-linux-gnu/libcups.so.2
793ff000-79402000 r--p 0005a000 08:06 527444     /usr/lib/i386-linux-gnu/libcups.so.2
79402000-79403000 rw-p 0005d000 08:06 527444     /usr/lib/i386-linux-gnu/libcups.so.2
79403000-7943a000 r-xp 00000000 08:06 528670     /usr/lib/i386-linux-gnu/libfontconfig.so.1.6.2
7943a000-7943b000 r--p 00036000 08:06 528670     /usr/lib/i386-linux-gnu/libfontconfig.so.1.6.2
7943b000-7943c000 rw-p 00037000 08:06 528670     /usr/lib/i386-linux-gnu/libfontconfig.so.1.6.2
7943c000-79485000 r-xp 00000000 08:06 530446     /usr/lib/i386-linux-gnu/libpango-1.0.so.0.3200.5
79485000-79486000 r--p 00049000 08:06 530446     /usr/lib/i386-linux-gnu/libpango-1.0.so.0.3200.5
79486000-79487000 rw-p 0004a000 08:06 530446     /usr/lib/i386-linux-gnu/libpango-1.0.so.0.3200.5
79487000-794a7000 r-xp 00000000 08:06 564810     /usr/lib/i386-linux-gnu/libgdk_pixbuf-2.0.so.0.2800.0
794a7000-794a8000 ---p 00020000 08:06 564810     /usr/lib/i386-linux-gnu/libgdk_pixbuf-2.0.so.0.2800.0
794a8000-794a9000 r--p 00020000 08:06 564810     /usr/lib/i386-linux-gnu/libgdk_pixbuf-2.0.so.0.2800.0
794a9000-794aa000 rw-p 00021000 08:06 564810     /usr/lib/i386-linux-gnu/libgdk_pixbuf-2.0.so.0.2800.0
794aa000-79555000 r-xp 00000000 08:06 528005     /usr/lib/i386-linux-gnu/libgdk-x11-2.0.so.0.2400.17
79555000-79557000 r--p 000ab000 08:06 528005     /usr/lib/i386-linux-gnu/libgdk-x11-2.0.so.0.2400.17
79557000-79558000 rw-p 000ad000 08:06 528005     /usr/lib/i386-linux-gnu/libgdk-x11-2.0.so.0.2400.17
79558000-799b9000 r-xp 00000000 08:06 559357     /usr/lib/i386-linux-gnu/libgtk-x11-2.0.so.0.2400.17
799b9000-799bd000 r--p 00461000 08:06 559357     /usr/lib/i386-linux-gnu/libgtk-x11-2.0.so.0.2400.17
799bd000-799bf000 rw-p 00465000 08:06 559357     /usr/lib/i386-linux-gnu/libgtk-x11-2.0.so.0.2400.17
799bf000-799c1000 rw-p 00000000 00:00 0 
799c1000-799cf000 r-xp 00000000 08:06 536757     /usr/lib/i386-linux-gnu/libXi.so.6.1.0
799cf000-799d0000 r--p 0000d000 08:06 536757     /usr/lib/i386-linux-gnu/libXi.so.6.1.0
799d0000-799d1000 rw-p 0000e000 08:06 536757     /usr/lib/i386-linux-gnu/libXi.so.6.1.0
799d1000-799d6000 r-xp 00000000 08:06 531561     /usr/lib/i386-linux-gnu/libXtst.so.6.1.0
799d6000-799d7000 r--p 00004000 08:06 531561     /usr/lib/i386-linux-gnu/libXtst.so.6.1.0
799d7000-799d8000 rw-p 00005000 08:06 531561     /usr/lib/i386-linux-gnu/libXtst.so.6.1.0
799d8000-799e0000 r-xp 00000000 08:06 531557     /usr/lib/i386-linux-gnu/libXrender.so.1.3.0
799e0000-799e1000 r--p 00007000 08:06 531557     /usr/lib/i386-linux-gnu/libXrender.so.1.3.0
799e1000-799e2000 rw-p 00008000 08:06 531557     /usr/lib/i386-linux-gnu/libXrender.so.1.3.0
799e2000-79b14000 r-xp 00000000 08:06 535458     /usr/lib/i386-linux-gnu/libX11.so.6.3.0
79b14000-79b15000 r--p 00132000 08:06 535458     /usr/lib/i386-linux-gnu/libX11.so.6.3.0
79b15000-79b18000 rw-p 00133000 08:06 535458     /usr/lib/i386-linux-gnu/libX11.so.6.3.0
79b18000-79b28000 r-xp 00000000 08:06 531537     /usr/lib/i386-linux-gnu/libXext.so.6.4.0
79b28000-79b29000 r--p 0000f000 08:06 531537     /usr/lib/i386-linux-gnu/libXext.so.6.4.0
79b29000-79b2a000 rw-p 00010000 08:06 531537     /usr/lib/i386-linux-gnu/libXext.so.6.4.0
79b2a000-79b2b000 r--s 00000000 08:06 134640     /var/cache/fontconfig/e0aa53bcfa504e64f87823c16bc01eb6-le32d4.cache-3
79b2b000-79b2c000 r--s 00000000 08:07 2368770    /home/shekhar/.cache/fontconfig/82f066bdc3ba9c347dd754c5318581b1-le32d4.cache-3
79b2c000-79b2d000 r--s 00000000 00:14 336327     /run/user/shekhar/dconf/user
79b2d000-79b3e000 r-xp 00000000 08:06 527415     /usr/lib/i386-linux-gnu/gtk-2.0/modules/liboverlay-scrollbar.so
79b3e000-79b3f000 r--p 00010000 08:06 527415     /usr/lib/i386-linux-gnu/gtk-2.0/modules/liboverlay-scrollbar.so
79b3f000-79b40000 rw-p 00011000 08:06 527415     /usr/lib/i386-linux-gnu/gtk-2.0/modules/liboverlay-scrollbar.so
79b40000-79b42000 r--s 00004000 08:07 2779087    /home/shekhar/Ubuntu One/workspace/JMeter/lib/junit/test.jar
79b42000-79bd4000 r-xp 00000000 08:06 950710     /usr/lib/jvm/java-7-openjdk-i386/jre/lib/i386/libawt.so
79bd4000-79bd5000 r--p 00091000 08:06 950710     /usr/lib/jvm/java-7-openjdk-i386/jre/lib/i386/libawt.so
79bd5000-79bdc000 rw-p 00092000 08:06 950710     /usr/lib/jvm/java-7-openjdk-i386/jre/lib/i386/libawt.so
79bdc000-79c00000 rw-p 00000000 00:00 0 
79c00000-79d00000 rw-p 00000000 00:00 0 
79d00000-79df9000 rw-p 00000000 00:00 0 
79df9000-79e00000 ---p 00000000 00:00 0 
79e00000-79e01000 r-xp 00000000 08:06 554918     /usr/lib/i386-linux-gnu/libgthread-2.0.so.0.3600.0
79e01000-79e02000 r--p 00000000 08:06 554918     /usr/lib/i386-linux-gnu/libgthread-2.0.so.0.3600.0
79e02000-79e03000 rw-p 00001000 08:06 554918     /usr/lib/i386-linux-gnu/libgthread-2.0.so.0.3600.0
79e03000-79e55000 r-xp 00000000 08:06 950676     /usr/lib/jvm/java-7-openjdk-i386/jre/lib/i386/xawt/libmawt.so
79e55000-79e56000 r--p 00051000 08:06 950676     /usr/lib/jvm/java-7-openjdk-i386/jre/lib/i386/xawt/libmawt.so
79e56000-79e58000 rw-p 00052000 08:06 950676     /usr/lib/jvm/java-7-openjdk-i386/jre/lib/i386/xawt/libmawt.so
79e58000-79e59000 rw-p 00000000 00:00 0 
79e59000-79e64000 r--s 001fb000 08:06 1062334    /usr/lib/jvm/java-7-openjdk-common/jre/lib/charsets.jar
79e64000-79e6f000 r--s 001fb000 08:06 1062334    /usr/lib/jvm/java-7-openjdk-common/jre/lib/charsets.jar
79e6f000-79e7b000 r--s 0006a000 08:07 2779052    /home/shekhar/Ubuntu One/workspace/JMeter/lib/xstream-1.4.2.jar
79e7b000-79e7d000 r--s 00005000 08:07 2779040    /home/shekhar/Ubuntu One/workspace/JMeter/lib/xpp3_min-1.1.4c.jar
79e7d000-79e7e000 r--s 00001000 08:07 2779056    /home/shekhar/Ubuntu One/workspace/JMeter/lib/xmlpull-1.1.3.1.jar
79e7e000-79e88000 r--s 00075000 08:07 2779037    /home/shekhar/Ubuntu One/workspace/JMeter/lib/xmlgraphics-commons-1.3.1.jar
79e88000-79e90000 r--s 00028000 08:07 2779065    /home/shekhar/Ubuntu One/workspace/JMeter/lib/xml-apis-1.3.04.jar
79e90000-79ea8000 r--s 00115000 08:07 2779033    /home/shekhar/Ubuntu One/workspace/JMeter/lib/xercesImpl-2.9.1.jar
79ea8000-79ecd000 r--s 002e3000 08:07 2779073    /home/shekhar/Ubuntu One/workspace/JMeter/lib/xalan-2.7.1.jar
79ecd000-79ed5000 r--s 0006f000 08:07 2779083    /home/shekhar/Ubuntu One/workspace/JMeter/lib/tika-parsers-1.3.jar
79ed5000-79edc000 r--s 0006e000 08:07 2779062    /home/shekhar/Ubuntu One/workspace/JMeter/lib/tika-core-1.3.jar
79edc000-79ee0000 r--s 00035000 08:07 2779041    /home/shekhar/Ubuntu One/workspace/JMeter/lib/soap-2.3.1.jar
79ee0000-79ee2000 r--s 00005000 08:07 2779058    /home/shekhar/Ubuntu One/workspace/JMeter/lib/slf4j-api-1.7.2.jar
79ee2000-79ee5000 r--s 00041000 08:07 2779070    /home/shekhar/Ubuntu One/workspace/JMeter/lib/serializer-2.7.1.jar
79ee5000-79ef2000 r--s 00109000 08:07 2779057    /home/shekhar/Ubuntu One/workspace/JMeter/lib/rhino-1.7R4.jar
79ef2000-79ef9000 r--s 00072000 08:07 2779029    /home/shekhar/Ubuntu One/workspace/JMeter/lib/mail-1.4.4.jar
79ef9000-79f00000 r--s 00037000 08:07 2779079    /home/shekhar/Ubuntu One/workspace/JMeter/lib/junit-4.10.jar
79f00000-79fff000 rw-p 00000000 00:00 0 
79fff000-7a000000 ---p 00000000 00:00 0 
7a000000-7a002000 r--s 0000e000 08:07 2779055    /home/shekhar/Ubuntu One/workspace/JMeter/lib/oro-2.0.8.jar
7a002000-7a004000 r--s 00012000 08:07 2779060    /home/shekhar/Ubuntu One/workspace/JMeter/lib/logkit-2.0.jar
7a004000-7a008000 r--s 0003a000 08:07 2779039    /home/shekhar/Ubuntu One/workspace/JMeter/lib/jtidy-r938.jar
7a008000-7a00d000 r--s 0003f000 08:07 2779061    /home/shekhar/Ubuntu One/workspace/JMeter/lib/jsoup-1.7.1.jar
7a00d000-7a010000 r--s 00019000 08:07 2779053    /home/shekhar/Ubuntu One/workspace/JMeter/lib/jorphan.jar
7a010000-7a014000 r--s 0001d000 08:07 2779031    /home/shekhar/Ubuntu One/workspace/JMeter/lib/jodd-lagarto-3.4.1.jar
7a014000-7a01a000 r--s 00060000 08:07 2779047    /home/shekhar/Ubuntu One/workspace/JMeter/lib/jodd-core-3.4.1.jar
7a01a000-7a027000 r--s 000ff000 08:07 2779035    /home/shekhar/Ubuntu One/workspace/JMeter/lib/jfreechart-1.0.2.jar
7a027000-7a02a000 r--s 00023000 08:07 2779050    /home/shekhar/Ubuntu One/workspace/JMeter/lib/jdom-1.1.2.jar
7a02a000-7a038000 r--s 0007e000 08:07 2779072    /home/shekhar/Ubuntu One/workspace/JMeter/lib/jdnc-0_6-all.jar
7a038000-7a03e000 r--s 00046000 08:07 2779063    /home/shekhar/Ubuntu One/workspace/JMeter/lib/jcommon-1.0.5.jar
7a03e000-7a042000 r--s 0001f000 08:07 2779046    /home/shekhar/Ubuntu One/workspace/JMeter/lib/jcharts-0.7.5.jar
7a042000-7a044000 r--s 00005000 08:07 2779077    /home/shekhar/Ubuntu One/workspace/JMeter/lib/httpmime-4.2.3.jar
7a044000-7a04a000 r--s 00032000 08:07 2779071    /home/shekhar/Ubuntu One/workspace/JMeter/lib/httpcore-4.2.3.jar
7a04a000-7a053000 r--s 00061000 08:07 2779064    /home/shekhar/Ubuntu One/workspace/JMeter/lib/httpclient-4.2.3.jar
7a053000-7a056000 r--s 0001f000 08:07 2779076    /home/shekhar/Ubuntu One/workspace/JMeter/lib/htmlparser-2.1.jar
7a056000-7a058000 r--s 00010000 08:07 2779045    /home/shekhar/Ubuntu One/workspace/JMeter/lib/htmllexer-2.1.jar
7a058000-7a05a000 r--s 00006000 08:07 2779067    /home/shekhar/Ubuntu One/workspace/JMeter/lib/geronimo-jms_1.1_spec-1.1.1.jar
7a05a000-7a05b000 r--s 0000a000 08:07 2779075    /home/shekhar/Ubuntu One/workspace/JMeter/lib/excalibur-pool-1.2.jar
7a05b000-7a05d000 r--s 00011000 08:07 2779048    /home/shekhar/Ubuntu One/workspace/JMeter/lib/excalibur-logger-1.1.jar
7a05d000-7a05f000 r--s 00003000 08:07 2779030    /home/shekhar/Ubuntu One/workspace/JMeter/lib/excalibur-instrument-1.0.jar
7a05f000-7a061000 r--s 0000c000 08:07 2779066    /home/shekhar/Ubuntu One/workspace/JMeter/lib/excalibur-datasource-1.1.1.jar
7a061000-7a066000 r--s 0003e000 08:07 2779049    /home/shekhar/Ubuntu One/workspace/JMeter/lib/commons-net-3.1.jar
7a066000-7a068000 r--s 0000d000 08:07 2779051    /home/shekhar/Ubuntu One/workspace/JMeter/lib/commons-logging-1.1.1.jar
7a068000-7a06e000 r--s 00048000 08:07 2779074    /home/shekhar/Ubuntu One/workspace/JMeter/lib/commons-lang3-3.1.jar
7a06e000-7a073000 r--s 00041000 08:07 2779080    /home/shekhar/Ubuntu One/workspace/JMeter/lib/commons-lang-2.6.jar
7a073000-7a079000 r--s 0003c000 08:07 2779036    /home/shekhar/Ubuntu One/workspace/JMeter/lib/commons-jexl-2.1.1.jar
7a079000-7a07d000 r--s 0001d000 08:07 2779078    /home/shekhar/Ubuntu One/workspace/JMeter/lib/commons-jexl-1.1.jar
7a07d000-7a081000 r--s 00027000 08:07 2779069    /home/shekhar/Ubuntu One/workspace/JMeter/lib/commons-io-2.2.jar
7a081000-7a087000 r--s 00045000 08:07 2779032    /home/shekhar/Ubuntu One/workspace/JMeter/lib/commons-httpclient-3.1.jar
7a087000-7a095000 r--s 0007f000 08:07 2779034    /home/shekhar/Ubuntu One/workspace/JMeter/lib/commons-collections-3.2.1.jar
7a095000-7a09b000 r--s 00033000 08:07 2779059    /home/shekhar/Ubuntu One/workspace/JMeter/lib/commons-codec-1.6.jar
7a09b000-7a09c000 r--s 00001000 08:07 2779054    /home/shekhar/Ubuntu One/workspace/JMeter/lib/bshclient.jar
7a09c000-7a0a1000 r--s 00059000 08:07 2779038    /home/shekhar/Ubuntu One/workspace/JMeter/lib/bsh-2.0b5.jar
7a0a1000-7a0a4000 r--s 00019000 08:07 2779082    /home/shekhar/Ubuntu One/workspace/JMeter/lib/bsf-2.4.0.jar
7a0a4000-7a0a7000 r--s 0000f000 08:07 2779081    /home/shekhar/Ubuntu One/workspace/JMeter/lib/avalon-framework-4.1.4.jar
7a0a7000-7a0a9000 r--s 0000f000 08:07 2779043    /home/shekhar/Ubuntu One/workspace/JMeter/lib/activation-1.1.1.jar
7a0a9000-7a0aa000 r--s 00004000 08:07 2779104    /home/shekhar/Ubuntu One/workspace/JMeter/lib/ext/StatAggVisualizer.jar
7a0aa000-7a0b4000 r--s 00096000 08:07 2779090    /home/shekhar/Ubuntu One/workspace/JMeter/lib/ext/JMeterPlugins.jar
7a0b4000-7a0b6000 r--s 00006000 08:07 2779103    /home/shekhar/Ubuntu One/workspace/JMeter/lib/ext/ApacheJMeter_tcp.jar
7a0b6000-7a0b9000 r--s 0001d000 08:07 2779093    /home/shekhar/Ubuntu One/workspace/JMeter/lib/ext/ApacheJMeter_report.jar
7a0b9000-7a0bb000 r--s 0000b000 08:07 2779092    /home/shekhar/Ubuntu One/workspace/JMeter/lib/ext/ApacheJMeter_monitors.jar
7a0bb000-7a0be000 r--s 0000f000 08:07 2779096    /home/shekhar/Ubuntu One/workspace/JMeter/lib/ext/ApacheJMeter_mail.jar
7a0be000-7a0c0000 r--s 0000b000 08:07 2779095    /home/shekhar/Ubuntu One/workspace/JMeter/lib/ext/ApacheJMeter_ldap.jar
7a0c0000-7a0e5000 r--s 00172000 08:07 2779085    /home/shekhar/Ubuntu One/workspace/JMeter/lib/api/bcprov-jdk15-1.45.jar
7a0e5000-7a10a000 r--s 00172000 08:07 2775417    /home/shekhar/Ubuntu One/workspace/Jmeter/lib/api/bcprov-jdk15-1.45.jar
7a10a000-7a149000 r-xp 00000000 08:06 786498     /lib/i386-linux-gnu/libpcre.so.3.13.1
7a149000-7a14a000 r--p 0003f000 08:06 786498     /lib/i386-linux-gnu/libpcre.so.3.13.1
7a14a000-7a14b000 rw-p 00040000 08:06 786498     /lib/i386-linux-gnu/libpcre.so.3.13.1
7a14b000-7a24a000 r-xp 00000000 08:06 791447     /lib/i386-linux-gnu/libglib-2.0.so.0.3600.0
7a24a000-7a24b000 r--p 000fe000 08:06 791447     /lib/i386-linux-gnu/libglib-2.0.so.0.3600.0
7a24b000-7a24c000 rw-p 000ff000 08:06 791447     /lib/i386-linux-gnu/libglib-2.0.so.0.3600.0
7a24c000-7a29a000 r-xp 00000000 08:06 554916     /usr/lib/i386-linux-gnu/libgobject-2.0.so.0.3600.0
7a29a000-7a29b000 r--p 0004d000 08:06 554916     /usr/lib/i386-linux-gnu/libgobject-2.0.so.0.3600.0
7a29b000-7a29c000 rw-p 0004e000 08:06 554916     /usr/lib/i386-linux-gnu/libgobject-2.0.so.0.3600.0
7a29c000-7a3fc000 r-xp 00000000 08:06 530090     /usr/lib/i386-linux-gnu/libgio-2.0.so.0.3600.0
7a3fc000-7a3fe000 r--p 00160000 08:06 530090     /usr/lib/i386-linux-gnu/libgio-2.0.so.0.3600.0
7a3fe000-7a3ff000 rw-p 00162000 08:06 530090     /usr/lib/i386-linux-gnu/libgio-2.0.so.0.3600.0
7a3ff000-7a400000 rw-p 00000000 00:00 0 
7a400000-7a5ff000 rw-p 00000000 00:00 0 
7a5ff000-7a600000 ---p 00000000 00:00 0 
7a600000-7a6fb000 rw-p 00000000 00:00 0 
7a6fb000-7a700000 ---p 00000000 00:00 0 
7a700000-7a702000 r--s 0000e000 08:07 2779094    /home/shekhar/Ubuntu One/workspace/JMeter/lib/ext/ApacheJMeter_jms.jar
7a702000-7a707000 r--s 0005f000 08:07 2779089    /home/shekhar/Ubuntu One/workspace/JMeter/lib/ext/ApacheJMeter_http.jar
7a707000-7a717000 r--s 000eb000 08:07 2779100    /home/shekhar/Ubuntu One/workspace/JMeter/lib/ext/ApacheJMeter_core.jar
7a717000-7a72a000 r-xp 00000000 08:06 814878     /lib/i386-linux-gnu/libresolv-2.17.so
7a72a000-7a72b000 r--p 00013000 08:06 814878     /lib/i386-linux-gnu/libresolv-2.17.so
7a72b000-7a72c000 rw-p 00014000 08:06 814878     /lib/i386-linux-gnu/libresolv-2.17.so
7a72c000-7a72e000 rw-p 00000000 00:00 0 
7a72e000-7a74b000 r-xp 00000000 08:06 787233     /lib/i386-linux-gnu/libselinux.so.1
7a74b000-7a74c000 r--p 0001c000 08:06 787233     /lib/i386-linux-gnu/libselinux.so.1
7a74c000-7a74d000 rw-p 0001d000 08:06 787233     /lib/i386-linux-gnu/libselinux.so.1
7a74d000-7a74f000 r--s 0000b000 08:07 2779088    /home/shekhar/Ubuntu One/workspace/JMeter/lib/ext/ApacheJMeter_jdbc.jar
7a74f000-7a751000 r--s 00009000 08:07 2779106    /home/shekhar/Ubuntu One/workspace/JMeter/lib/ext/ApacheJMeter_java.jar
7a751000-7a75b000 r--s 00071000 08:07 2779098    /home/shekhar/Ubuntu One/workspace/JMeter/lib/ext/ApacheJMeter_components.jar
7a75b000-7a760000 r--s 00033000 08:07 2779086    /home/shekhar/Ubuntu One/workspace/JMeter/lib/api/bcmail-jdk15-1.45.jar
7a760000-7a765000 r--s 00033000 08:07 2775418    /home/shekhar/Ubuntu One/workspace/Jmeter/lib/api/bcmail-jdk15-1.45.jar
7a765000-7a77b000 r-xp 00000000 08:06 950739     /usr/lib/jvm/java-7-openjdk-i386/jre/lib/i386/libnet.so
7a77b000-7a77c000 r--p 00015000 08:06 950739     /usr/lib/jvm/java-7-openjdk-i386/jre/lib/i386/libnet.so
7a77c000-7a77d000 rw-p 00016000 08:06 950739     /usr/lib/jvm/java-7-openjdk-i386/jre/lib/i386/libnet.so
7a77d000-7a77e000 ---p 00000000 00:00 0 
7a77e000-7a7fe000 rw-p 00000000 00:00 0          [stack:16414]
7a7fe000-7a801000 ---p 00000000 00:00 0 
7a801000-7a87f000 rw-p 00000000 00:00 0          [stack:16412]
7a87f000-7a882000 ---p 00000000 00:00 0 
7a882000-7a900000 rw-p 00000000 00:00 0          [stack:16411]
7a900000-7ab00000 r--p 00000000 08:06 527148     /usr/lib/locale/locale-archive
7ab00000-7ab39000 rw-p 00000000 00:00 0 
7ab39000-7ac00000 ---p 00000000 00:00 0 
7ac00000-7ad00000 rw-p 00000000 00:00 0 
7ad00000-7adf9000 rw-p 00000000 00:00 0 
7adf9000-7ae00000 ---p 00000000 00:00 0 
7ae00000-7ae01000 r--s 00002000 08:07 2779102    /home/shekhar/Ubuntu One/workspace/JMeter/lib/ext/CMDRunner.jar
7ae01000-7ae0a000 r--s 000bc000 08:06 1062348    /usr/lib/jvm/java-7-openjdk-common/jre/lib/resources.jar
7ae0a000-7ae0f000 r-xp 00000000 08:06 530486     /usr/lib/i386-linux-gnu/libffi.so.6.0.1
7ae0f000-7ae10000 r--p 00005000 08:06 530486     /usr/lib/i386-linux-gnu/libffi.so.6.0.1
7ae10000-7ae11000 rw-p 00006000 08:06 530486     /usr/lib/i386-linux-gnu/libffi.so.6.0.1
7ae11000-7ae14000 r-xp 00000000 08:06 530088     /usr/lib/i386-linux-gnu/libgmodule-2.0.so.0.3600.0
7ae14000-7ae15000 r--p 00002000 08:06 530088     /usr/lib/i386-linux-gnu/libgmodule-2.0.so.0.3600.0
7ae15000-7ae16000 rw-p 00003000 08:06 530088     /usr/lib/i386-linux-gnu/libgmodule-2.0.so.0.3600.0
7ae16000-7ae27000 r-xp 00000000 08:06 950711     /usr/lib/jvm/java-7-openjdk-i386/jre/lib/i386/libnio.so
7ae27000-7ae28000 r--p 00010000 08:06 950711     /usr/lib/jvm/java-7-openjdk-i386/jre/lib/i386/libnio.so
7ae28000-7ae29000 rw-p 00011000 08:06 950711     /usr/lib/jvm/java-7-openjdk-i386/jre/lib/i386/libnio.so
7ae29000-7ae2c000 r--s 00019000 08:07 2775385    /home/shekhar/Ubuntu One/workspace/Jmeter/lib/jorphan.jar
7ae2c000-7ae38000 r--s 0006a000 08:07 2775384    /home/shekhar/Ubuntu One/workspace/Jmeter/lib/xstream-1.4.2.jar
7ae38000-7ae42000 r--s 00075000 08:07 2775369    /home/shekhar/Ubuntu One/workspace/Jmeter/lib/xmlgraphics-commons-1.3.1.jar
7ae42000-7ae5a000 r--s 00115000 08:07 2775365    /home/shekhar/Ubuntu One/workspace/Jmeter/lib/xercesImpl-2.9.1.jar
7ae5a000-7ae7f000 r--s 002e3000 08:07 2775405    /home/shekhar/Ubuntu One/workspace/Jmeter/lib/xalan-2.7.1.jar
7ae7f000-7ae80000 ---p 00000000 00:00 0 
7ae80000-7af00000 rw-p 00000000 00:00 0          [stack:16406]
7af00000-7afff000 rw-p 00000000 00:00 0 
7afff000-7b000000 ---p 00000000 00:00 0 
7b000000-7b008000 r--s 00028000 08:07 2775397    /home/shekhar/Ubuntu One/workspace/Jmeter/lib/xml-apis-1.3.04.jar
7b008000-7b010000 r--s 0006f000 08:07 2775415    /home/shekhar/Ubuntu One/workspace/Jmeter/lib/tika-parsers-1.3.jar
7b010000-7b013000 ---p 00000000 00:00 0 
7b013000-7b061000 rw-p 00000000 00:00 0          [stack:16413]
7b061000-7b20e000 r--s 01cde000 08:06 950743     /usr/lib/jvm/java-7-openjdk-i386/jre/lib/rt.jar
7b20e000-7d500000 rw-p 00000000 00:00 0 
7d500000-7d5f8000 rw-p 00000000 00:00 0 
7d5f8000-7d600000 ---p 00000000 00:00 0 
7d600000-7d602000 r--s 00012000 08:07 2779105    /home/shekhar/Ubuntu One/workspace/JMeter/lib/ext/ApacheJMeter_functions.jar
7d602000-7d604000 r--s 00005000 08:07 2775372    /home/shekhar/Ubuntu One/workspace/Jmeter/lib/xpp3_min-1.1.4c.jar
7d604000-7d60b000 r--s 0006e000 08:07 2775394    /home/shekhar/Ubuntu One/workspace/Jmeter/lib/tika-core-1.3.jar
7d60b000-7d60f000 r--s 0003a000 08:07 2775371    /home/shekhar/Ubuntu One/workspace/Jmeter/lib/jtidy-r938.jar
7d60f000-7d613000 r--s 00035000 08:07 2775373    /home/shekhar/Ubuntu One/workspace/Jmeter/lib/soap-2.3.1.jar
7d613000-7d615000 r--s 00005000 08:07 2775390    /home/shekhar/Ubuntu One/workspace/Jmeter/lib/slf4j-api-1.7.2.jar
7d615000-7d618000 r--s 00041000 08:07 2775402    /home/shekhar/Ubuntu One/workspace/Jmeter/lib/serializer-2.7.1.jar
7d618000-7d61f000 r--s 00037000 08:07 2775411    /home/shekhar/Ubuntu One/workspace/Jmeter/lib/junit-4.10.jar
7d61f000-7d624000 r--s 0003f000 08:07 2775393    /home/shekhar/Ubuntu One/workspace/Jmeter/lib/jsoup-1.7.1.jar
7d624000-7d628000 r--s 0001d000 08:07 2775363    /home/shekhar/Ubuntu One/workspace/Jmeter/lib/jodd-lagarto-3.4.1.jar
7d628000-7d62e000 r--s 00060000 08:07 2775379    /home/shekhar/Ubuntu One/workspace/Jmeter/lib/jodd-core-3.4.1.jar
7d62e000-7d631000 ---p 00000000 00:00 0 
7d631000-7d67f000 rw-p 00000000 00:00 0          [stack:16410]
7d67f000-7d680000 ---p 00000000 00:00 0 
7d680000-7d700000 rw-p 00000000 00:00 0          [stack:16402]
7d700000-7d7d6000 rw-p 00000000 00:00 0 
7d7d6000-7d800000 ---p 00000000 00:00 0 
7d800000-7d802000 r--s 00012000 08:07 2775392    /home/shekhar/Ubuntu One/workspace/Jmeter/lib/logkit-2.0.jar
7d802000-7d80f000 r--s 00109000 08:07 2775389    /home/shekhar/Ubuntu One/workspace/Jmeter/lib/rhino-1.7R4.jar
7d80f000-7d811000 r--s 00006000 08:07 2775399    /home/shekhar/Ubuntu One/workspace/Jmeter/lib/geronimo-jms_1.1_spec-1.1.1.jar
7d811000-7d814000 r--s 00023000 08:07 2775382    /home/shekhar/Ubuntu One/workspace/Jmeter/lib/jdom-1.1.2.jar
7d814000-7d818000 r--s 0001f000 08:07 2775378    /home/shekhar/Ubuntu One/workspace/Jmeter/lib/jcharts-0.7.5.jar
7d818000-7d81f000 r--s 00072000 08:07 2775361    /home/shekhar/Ubuntu One/workspace/Jmeter/lib/mail-1.4.4.jar
7d81f000-7d825000 r--s 00032000 08:07 2775403    /home/shekhar/Ubuntu One/workspace/Jmeter/lib/httpcore-4.2.3.jar
7d825000-7d82e000 r--s 00061000 08:07 2775396    /home/shekhar/Ubuntu One/workspace/Jmeter/lib/httpclient-4.2.3.jar
7d82e000-7d831000 ---p 00000000 00:00 0 
7d831000-7d87f000 rw-p 00000000 00:00 0          [stack:16409]
7d87f000-7d880000 ---p 00000000 00:00 0 
7d880000-7d900000 rw-p 00000000 00:00 0          [stack:16401]
7d900000-7d921000 rw-p 00000000 00:00 0 
7d921000-7da00000 ---p 00000000 00:00 0 
7da00000-7da02000 r--s 0000e000 08:07 2775387    /home/shekhar/Ubuntu One/workspace/Jmeter/lib/oro-2.0.8.jar
7da02000-7da04000 r--s 00005000 08:07 2775409    /home/shekhar/Ubuntu One/workspace/Jmeter/lib/httpmime-4.2.3.jar
7da04000-7da07000 r--s 0001f000 08:07 2775408    /home/shekhar/Ubuntu One/workspace/Jmeter/lib/htmlparser-2.1.jar
7da07000-7da09000 r--s 00010000 08:07 2775377    /home/shekhar/Ubuntu One/workspace/Jmeter/lib/htmllexer-2.1.jar
7da09000-7da0b000 r--s 00011000 08:07 2775380    /home/shekhar/Ubuntu One/workspace/Jmeter/lib/excalibur-logger-1.1.jar
7da0b000-7da0d000 r--s 00003000 08:07 2775362    /home/shekhar/Ubuntu One/workspace/Jmeter/lib/excalibur-instrument-1.0.jar
7da0d000-7da0f000 r--s 0000c000 08:07 2775398    /home/shekhar/Ubuntu One/workspace/Jmeter/lib/excalibur-datasource-1.1.1.jar
7da0f000-7da14000 r--s 0003e000 08:07 2775381    /home/shekhar/Ubuntu One/workspace/Jmeter/lib/commons-net-3.1.jar
7da14000-7da1a000 r--s 00048000 08:07 2775406    /home/shekhar/Ubuntu One/workspace/Jmeter/lib/commons-lang3-3.1.jar
7da1a000-7da20000 r--s 0003c000 08:07 2775368    /home/shekhar/Ubuntu One/workspace/Jmeter/lib/commons-jexl-2.1.1.jar
7da20000-7da24000 r--s 0001d000 08:07 2775410    /home/shekhar/Ubuntu One/workspace/Jmeter/lib/commons-jexl-1.1.jar
7da24000-7da28000 r--s 00027000 08:07 2775401    /home/shekhar/Ubuntu One/workspace/Jmeter/lib/commons-io-2.2.jar
7da28000-7da2e000 r--s 00045000 08:07 2775364    /home/shekhar/Ubuntu One/workspace/Jmeter/lib/commons-httpclient-3.1.jar
7da2e000-7da31000 ---p 00000000 00:00 0 
7da31000-7da7f000 rw-p 00000000 00:00 0          [stack:16408]
7da7f000-7da80000 ---p 00000000 00:00 0 
7da80000-7db00000 rw-p 00000000 00:00 0          [stack:16400]
7db00000-7db21000 rw-p 00000000 00:00 0 
7db21000-7dc00000 ---p 00000000 00:00 0 
7dc00000-7dc01000 r--s 00004000 08:07 2779097    /home/shekhar/Ubuntu One/workspace/JMeter/lib/ext/ApacheJMeter_native.jar
7dc01000-7dc0f000 r--s 0007f000 08:07 2775366    /home/shekhar/Ubuntu One/workspace/Jmeter/lib/commons-collections-3.2.1.jar
7dc0f000-7dc15000 r--s 00033000 08:07 2775391    /home/shekhar/Ubuntu One/workspace/Jmeter/lib/commons-codec-1.6.jar
7dc15000-7dc1a000 r--s 00059000 08:07 2775370    /home/shekhar/Ubuntu One/workspace/Jmeter/lib/bsh-2.0b5.jar
7dc1a000-7dc62000 rw-p 00000000 00:00 0 
7dc62000-7dc63000 ---p 00000000 00:00 0 
7dc63000-7dceb000 rw-p 00000000 00:00 0          [stack:16399]
7dceb000-7dd23000 rw-p 00000000 00:00 0 
7dd23000-7dd33000 rw-p 00000000 00:00 0 
7dd33000-7de15000 rw-p 00000000 00:00 0 
7de15000-7de1d000 rw-p 00000000 00:00 0 
7de1d000-7de55000 rw-p 00000000 00:00 0 
7de55000-7de65000 rw-p 00000000 00:00 0 
7de65000-7df46000 rw-p 00000000 00:00 0 
7df46000-7df5f000 rw-p 00000000 00:00 0 
7df5f000-7dfbf000 rw-p 00000000 00:00 0 
7dfbf000-7efc0000 rw-p 00000000 00:00 0 
7efc0000-85fc0000 rw-p 00000000 00:00 0 
85fc0000-87de0000 rw-p 00000000 00:00 0 
87de0000-a4270000 rw-p 00000000 00:00 0 
a4270000-a7370000 rw-p 00000000 00:00 0 
a7370000-b33c0000 rw-p 00000000 00:00 0 
b33c0000-b33c1000 r--s 00005000 08:07 2779099    /home/shekhar/Ubuntu One/workspace/JMeter/lib/ext/ApacheJMeter_junit.jar
b33c1000-b33c3000 r--s 0000d000 08:07 2775383    /home/shekhar/Ubuntu One/workspace/Jmeter/lib/commons-logging-1.1.1.jar
b33c3000-b33c6000 r--s 0000f000 08:07 2775413    /home/shekhar/Ubuntu One/workspace/Jmeter/lib/avalon-framework-4.1.4.jar
b33c6000-b33c9000 r--s 00019000 08:07 2775414    /home/shekhar/Ubuntu One/workspace/Jmeter/lib/bsf-2.4.0.jar
b33c9000-b33cd000 r--s 00085000 08:06 1062341    /usr/lib/jvm/java-7-openjdk-common/jre/lib/ext/localedata.jar
b33cd000-b33d6000 rw-p 00000000 00:00 0 
b33d6000-b348d000 rw-p 00000000 00:00 0 
b348d000-b36cd000 rwxp 00000000 00:00 0 
b36cd000-b648d000 rw-p 00000000 00:00 0 
b648d000-b6498000 r-xp 00000000 08:06 801076     /lib/i386-linux-gnu/libnss_files-2.17.so
b6498000-b6499000 r--p 0000a000 08:06 801076     /lib/i386-linux-gnu/libnss_files-2.17.so
b6499000-b649a000 rw-p 0000b000 08:06 801076     /lib/i386-linux-gnu/libnss_files-2.17.so
b649a000-b64a4000 r-xp 00000000 08:06 814872     /lib/i386-linux-gnu/libnss_nis-2.17.so
b64a4000-b64a5000 r--p 00009000 08:06 814872     /lib/i386-linux-gnu/libnss_nis-2.17.so
b64a5000-b64a6000 rw-p 0000a000 08:06 814872     /lib/i386-linux-gnu/libnss_nis-2.17.so
b64a6000-b64bb000 r-xp 00000000 08:06 814881     /lib/i386-linux-gnu/libnsl-2.17.so
b64bb000-b64bc000 r--p 00014000 08:06 814881     /lib/i386-linux-gnu/libnsl-2.17.so
b64bc000-b64bd000 rw-p 00015000 08:06 814881     /lib/i386-linux-gnu/libnsl-2.17.so
b64bd000-b64bf000 rw-p 00000000 00:00 0 
b64bf000-b64c0000 r--s 00003000 08:07 2779091    /home/shekhar/Ubuntu One/workspace/JMeter/lib/ext/ApacheJMeter_ftp.jar
b64c0000-b64c2000 r--s 0000f000 08:07 2775375    /home/shekhar/Ubuntu One/workspace/Jmeter/lib/activation-1.1.1.jar
b64c2000-b64c5000 r--s 00032000 08:06 1062342    /usr/lib/jvm/java-7-openjdk-common/jre/lib/ext/sunjce_provider.jar
b64c5000-b64cd000 r-xp 00000000 08:06 950712     /usr/lib/jvm/java-7-openjdk-i386/jre/lib/i386/libzip.so
b64cd000-b64ce000 r--p 00007000 08:06 950712     /usr/lib/jvm/java-7-openjdk-i386/jre/lib/i386/libzip.so
b64ce000-b64cf000 rw-p 00008000 08:06 950712     /usr/lib/jvm/java-7-openjdk-i386/jre/lib/i386/libzip.so
b64cf000-b64d7000 rw-s 00000000 08:06 138025     /tmp/hsperfdata_shekhar/16395
b64d7000-b64fe000 r-xp 00000000 08:06 950707     /usr/lib/jvm/java-7-openjdk-i386/jre/lib/i386/libjava.so
b64fe000-b64ff000 r--p 00026000 08:06 950707     /usr/lib/jvm/java-7-openjdk-i386/jre/lib/i386/libjava.so
b64ff000-b6500000 rw-p 00027000 08:06 950707     /usr/lib/jvm/java-7-openjdk-i386/jre/lib/i386/libjava.so
b6500000-b6600000 rw-p 00000000 00:00 0 
b6600000-b6601000 r--s 00001000 08:07 2775388    /home/shekhar/Ubuntu One/workspace/Jmeter/lib/xmlpull-1.1.3.1.jar
b6601000-b6604000 r--s 0000f000 08:06 1062345    /usr/lib/jvm/java-7-openjdk-common/jre/lib/ext/pulse-java.jar
b6604000-b6607000 r--s 0003c000 08:06 1062340    /usr/lib/jvm/java-7-openjdk-common/jre/lib/ext/sunpkcs11.jar
b6607000-b660e000 r-xp 00000000 08:06 787311     /lib/i386-linux-gnu/libnss_compat-2.17.so
b660e000-b660f000 r--p 00006000 08:06 787311     /lib/i386-linux-gnu/libnss_compat-2.17.so
b660f000-b6610000 rw-p 00007000 08:06 787311     /lib/i386-linux-gnu/libnss_compat-2.17.so
b6610000-b6617000 r-xp 00000000 08:06 787308     /lib/i386-linux-gnu/librt-2.17.so
b6617000-b6618000 r--p 00006000 08:06 787308     /lib/i386-linux-gnu/librt-2.17.so
b6618000-b6619000 rw-p 00007000 08:06 787308     /lib/i386-linux-gnu/librt-2.17.so
b6619000-b661c000 ---p 00000000 00:00 0 
b661c000-b666a000 rw-p 00000000 00:00 0          [stack:16397]
b666a000-b6685000 r-xp 00000000 08:06 787120     /lib/i386-linux-gnu/libgcc_s.so.1
b6685000-b6686000 r--p 0001a000 08:06 787120     /lib/i386-linux-gnu/libgcc_s.so.1
b6686000-b6687000 rw-p 0001b000 08:06 787120     /lib/i386-linux-gnu/libgcc_s.so.1
b6687000-b66c8000 r-xp 00000000 08:06 787312     /lib/i386-linux-gnu/libm-2.17.so
b66c8000-b66c9000 r--p 00040000 08:06 787312     /lib/i386-linux-gnu/libm-2.17.so
b66c9000-b66ca000 rw-p 00041000 08:06 787312     /lib/i386-linux-gnu/libm-2.17.so
b66ca000-b67a6000 r-xp 00000000 08:06 551191     /usr/lib/i386-linux-gnu/libstdc++.so.6.0.17
b67a6000-b67a7000 ---p 000dc000 08:06 551191     /usr/lib/i386-linux-gnu/libstdc++.so.6.0.17
b67a7000-b67ab000 r--p 000dc000 08:06 551191     /usr/lib/i386-linux-gnu/libstdc++.so.6.0.17
b67ab000-b67ac000 rw-p 000e0000 08:06 551191     /usr/lib/i386-linux-gnu/libstdc++.so.6.0.17
b67ac000-b67b3000 rw-p 00000000 00:00 0 
b67b3000-b70a8000 r-xp 00000000 08:06 950724     /usr/lib/jvm/java-7-openjdk-i386/jre/lib/i386/server/libjvm.so
b70a8000-b70ef000 r--p 008f4000 08:06 950724     /usr/lib/jvm/java-7-openjdk-i386/jre/lib/i386/server/libjvm.so
b70ef000-b7103000 rw-p 0093b000 08:06 950724     /usr/lib/jvm/java-7-openjdk-i386/jre/lib/i386/server/libjvm.so
b7103000-b7521000 rw-p 00000000 00:00 0 
b7521000-b7538000 r-xp 00000000 08:06 787146     /lib/i386-linux-gnu/libz.so.1.2.7
b7538000-b7539000 r--p 00016000 08:06 787146     /lib/i386-linux-gnu/libz.so.1.2.7
b7539000-b753a000 rw-p 00017000 08:06 787146     /lib/i386-linux-gnu/libz.so.1.2.7
b753a000-b7551000 r-xp 00000000 08:06 814871     /lib/i386-linux-gnu/libpthread-2.17.so
b7551000-b7552000 r--p 00016000 08:06 814871     /lib/i386-linux-gnu/libpthread-2.17.so
b7552000-b7553000 rw-p 00017000 08:06 814871     /lib/i386-linux-gnu/libpthread-2.17.so
b7553000-b7555000 rw-p 00000000 00:00 0 
b7555000-b7558000 r-xp 00000000 08:06 814876     /lib/i386-linux-gnu/libdl-2.17.so
b7558000-b7559000 r--p 00002000 08:06 814876     /lib/i386-linux-gnu/libdl-2.17.so
b7559000-b755a000 rw-p 00003000 08:06 814876     /lib/i386-linux-gnu/libdl-2.17.so
b755a000-b7707000 r-xp 00000000 08:06 814867     /lib/i386-linux-gnu/libc-2.17.so
b7707000-b7709000 r--p 001ad000 08:06 814867     /lib/i386-linux-gnu/libc-2.17.so
b7709000-b770a000 rw-p 001af000 08:06 814867     /lib/i386-linux-gnu/libc-2.17.so
b770a000-b770d000 rw-p 00000000 00:00 0 
b770d000-b770e000 r--s 0000a000 08:07 2775407    /home/shekhar/Ubuntu One/workspace/Jmeter/lib/excalibur-pool-1.2.jar
b770e000-b7710000 r--s 00012000 08:06 1062344    /usr/lib/jvm/java-7-openjdk-common/jre/lib/ext/zipfs.jar
b7710000-b7711000 r--s 00002000 08:06 1062343    /usr/lib/jvm/java-7-openjdk-common/jre/lib/ext/dnsns.jar
b7711000-b7713000 r--s 00006000 08:06 1072683    /usr/share/java/java-atk-wrapper.jar
b7713000-b7714000 r--p 002c0000 08:06 527148     /usr/lib/locale/locale-archive
b7714000-b7715000 rw-p 00000000 00:00 0 
b7715000-b7716000 r--p 00000000 00:00 0 
b7716000-b7723000 r-xp 00000000 08:06 950730     /usr/lib/jvm/java-7-openjdk-i386/jre/lib/i386/libverify.so
b7723000-b7724000 r--p 0000d000 08:06 950730     /usr/lib/jvm/java-7-openjdk-i386/jre/lib/i386/libverify.so
b7724000-b7725000 rw-p 0000e000 08:06 950730     /usr/lib/jvm/java-7-openjdk-i386/jre/lib/i386/libverify.so
b7725000-b7732000 r-xp 00000000 08:06 950715     /usr/lib/jvm/java-7-openjdk-i386/jre/lib/i386/jli/libjli.so
b7732000-b7733000 r--p 0000c000 08:06 950715     /usr/lib/jvm/java-7-openjdk-i386/jre/lib/i386/jli/libjli.so
b7733000-b7734000 rw-p 0000d000 08:06 950715     /usr/lib/jvm/java-7-openjdk-i386/jre/lib/i386/jli/libjli.so
b7734000-b7737000 rw-p 00000000 00:00 0 
b7737000-b7738000 r-xp 00000000 00:00 0          [vdso]
b7738000-b7758000 r-xp 00000000 08:06 814880     /lib/i386-linux-gnu/ld-2.17.so
b7758000-b7759000 r--p 0001f000 08:06 814880     /lib/i386-linux-gnu/ld-2.17.so
b7759000-b775a000 rw-p 00020000 08:06 814880     /lib/i386-linux-gnu/ld-2.17.so
bfb1e000-bfb41000 rw-p 00000000 00:00 0          [stack]

VM Arguments:
jvm_args: -Dfile.encoding=UTF-8 
java_command: org.apache.jmeter.NewDriver
Launcher Type: SUN_STANDARD

Environment Variables:
PATH=/usr/lib/lightdm/lightdm:/usr/local/sbin:/usr/local/bin:/usr/sbin:/usr/bin:/sbin:/bin:/usr/games:/usr/local/games
LD_LIBRARY_PATH=/usr/lib/jvm/java-7-openjdk-i386/jre/lib/i386/server:/usr/lib/jvm/java-7-openjdk-i386/jre/lib/i386:/usr/lib/jvm/java-7-openjdk-i386/jre/../lib/i386:/usr/lib/jvm/java-7-openjdk-i386/jre/lib/i386/client:/usr/lib/jvm/java-7-openjdk-i386/jre/lib/i386:
SHELL=/bin/bash
DISPLAY=:0.0

Signal Handlers:
SIGSEGV: [libjvm.so+0x7598c0], sa_mask[0]=0x7ffbfeff, sa_flags=0x10000004
SIGBUS: [libjvm.so+0x7598c0], sa_mask[0]=0x7ffbfeff, sa_flags=0x10000004
SIGFPE: [libjvm.so+0x5f54f0], sa_mask[0]=0x7ffbfeff, sa_flags=0x10000004
SIGPIPE: SIG_IGN, sa_mask[0]=0x00001000, sa_flags=0x10000000
SIGXFSZ: [libjvm.so+0x5f54f0], sa_mask[0]=0x7ffbfeff, sa_flags=0x10000004
SIGILL: [libjvm.so+0x5f54f0], sa_mask[0]=0x7ffbfeff, sa_flags=0x10000004
SIGUSR1: SIG_DFL, sa_mask[0]=0x00000000, sa_flags=0x00000000
SIGUSR2: [libjvm.so+0x5f53a0], sa_mask[0]=0x00000004, sa_flags=0x10000004
SIGHUP: [libjvm.so+0x5f5930], sa_mask[0]=0x7ffbfeff, sa_flags=0x10000004
SIGINT: [libjvm.so+0x5f5930], sa_mask[0]=0x7ffbfeff, sa_flags=0x10000004
SIGTERM: [libjvm.so+0x5f5930], sa_mask[0]=0x7ffbfeff, sa_flags=0x10000004
SIGQUIT: [libjvm.so+0x5f5930], sa_mask[0]=0x7ffbfeff, sa_flags=0x10000004


---------------  S Y S T E M  ---------------

OS:Ubuntu 13.04 (raring)
uname:Linux 3.8.0-22-generic #33-Ubuntu SMP Thu May 16 15:17:59 UTC 2013 i686
libc:glibc 2.17 NPTL 2.17 
rlimit: STACK 8192k, CORE 0k, NPROC 23005, NOFILE 4096, AS infinity
load average:0.92 0.52 0.47

/proc/meminfo:
MemTotal:        2961112 kB
MemFree:          476408 kB
Buffers:           89540 kB
Cached:           798024 kB
SwapCached:           24 kB
Active:          1477984 kB
Inactive:         863716 kB
Active(anon):    1266208 kB
Inactive(anon):   654936 kB
Active(file):     211776 kB
Inactive(file):   208780 kB
Unevictable:         748 kB
Mlocked:             748 kB
HighTotal:       2088968 kB
HighFree:          99264 kB
LowTotal:         872144 kB
LowFree:          377144 kB
SwapTotal:       2928636 kB
SwapFree:        2897736 kB
Dirty:              5360 kB
Writeback:             0 kB
AnonPages:       1441416 kB
Mapped:           200716 kB
Shmem:            466988 kB
Slab:              98336 kB
SReclaimable:      71832 kB
SUnreclaim:        26504 kB
KernelStack:        5832 kB
PageTables:        18484 kB
NFS_Unstable:          0 kB
Bounce:                0 kB
WritebackTmp:          0 kB
CommitLimit:     4409192 kB
Committed_AS:    6616472 kB
VmallocTotal:     122880 kB
VmallocUsed:       15548 kB
VmallocChunk:     105764 kB
HardwareCorrupted:     0 kB
AnonHugePages:         0 kB
HugePages_Total:       0
HugePages_Free:        0
HugePages_Rsvd:        0
HugePages_Surp:        0
Hugepagesize:       2048 kB
DirectMap4k:       10232 kB
DirectMap2M:      903168 kB


CPU:total 4 (2 cores per cpu, 2 threads per core) family 6 model 37 stepping 2, cmov, cx8, fxsr, mmx, sse, sse2, sse3, ssse3, sse4.1, sse4.2, popcnt, ht, tsc, tscinvbit

/proc/cpuinfo:
processor	: 0
vendor_id	: GenuineIntel
cpu family	: 6
model		: 37
model name	: Intel(R) Core(TM) i3 CPU       M 350  @ 2.27GHz
stepping	: 2
microcode	: 0x9
cpu MHz		: 1066.000
cache size	: 3072 KB
physical id	: 0
siblings	: 4
core id		: 0
cpu cores	: 2
apicid		: 0
initial apicid	: 0
fdiv_bug	: no
hlt_bug		: no
f00f_bug	: no
coma_bug	: no
fpu		: yes
fpu_exception	: yes
cpuid level	: 11
wp		: yes
flags		: fpu vme de pse tsc msr pae mce cx8 apic sep mtrr pge mca cmov pat pse36 clflush dts acpi mmx fxsr sse sse2 ss ht tm pbe nx rdtscp lm constant_tsc arch_perfmon pebs bts xtopology nonstop_tsc aperfmperf pni dtes64 monitor ds_cpl vmx est tm2 ssse3 cx16 xtpr pdcm sse4_1 sse4_2 popcnt lahf_lm arat dtherm tpr_shadow vnmi flexpriority ept vpid
bogomips	: 4522.34
clflush size	: 64
cache_alignment	: 64
address sizes	: 36 bits physical, 48 bits virtual
power management:

processor	: 1
vendor_id	: GenuineIntel
cpu family	: 6
model		: 37
model name	: Intel(R) Core(TM) i3 CPU       M 350  @ 2.27GHz
stepping	: 2
microcode	: 0x9
cpu MHz		: 2266.000
cache size	: 3072 KB
physical id	: 0
siblings	: 4
core id		: 2
cpu cores	: 2
apicid		: 4
initial apicid	: 4
fdiv_bug	: no
hlt_bug		: no
f00f_bug	: no
coma_bug	: no
fpu		: yes
fpu_exception	: yes
cpuid level	: 11
wp		: yes
flags		: fpu vme de pse tsc msr pae mce cx8 apic sep mtrr pge mca cmov pat pse36 clflush dts acpi mmx fxsr sse sse2 ss ht tm pbe nx rdtscp lm constant_tsc arch_perfmon pebs bts xtopology nonstop_tsc aperfmperf pni dtes64 monitor ds_cpl vmx est tm2 ssse3 cx16 xtpr pdcm sse4_1 sse4_2 popcnt lahf_lm arat dtherm tpr_shadow vnmi flexpriority ept vpid
bogomips	: 4522.34
clflush size	: 64
cache_alignment	: 64
address sizes	: 36 bits physical, 48 bits virtual
power management:

processor	: 2
vendor_id	: GenuineIntel
cpu family	: 6
model		: 37
model name	: Intel(R) Core(TM) i3 CPU       M 350  @ 2.27GHz
stepping	: 2
microcode	: 0x9
cpu MHz		: 933.000
cache size	: 3072 KB
physical id	: 0
siblings	: 4
core id		: 0
cpu cores	: 2
apicid		: 1
initial apicid	: 1
fdiv_bug	: no
hlt_bug		: no
f00f_bug	: no
coma_bug	: no
fpu		: yes
fpu_exception	: yes
cpuid level	: 11
wp		: yes
flags		: fpu vme de pse tsc msr pae mce cx8 apic sep mtrr pge mca cmov pat pse36 clflush dts acpi mmx fxsr sse sse2 ss ht tm pbe nx rdtscp lm constant_tsc arch_perfmon pebs bts xtopology nonstop_tsc aperfmperf pni dtes64 monitor ds_cpl vmx est tm2 ssse3 cx16 xtpr pdcm sse4_1 sse4_2 popcnt lahf_lm arat dtherm tpr_shadow vnmi flexpriority ept vpid
bogomips	: 4522.34
clflush size	: 64
cache_alignment	: 64
address sizes	: 36 bits physical, 48 bits virtual
power management:

processor	: 3
vendor_id	: GenuineIntel
cpu family	: 6
model		: 37
model name	: Intel(R) Core(TM) i3 CPU       M 350  @ 2.27GHz
stepping	: 2
microcode	: 0x9
cpu MHz		: 2266.000
cache size	: 3072 KB
physical id	: 0
siblings	: 4
core id		: 2
cpu cores	: 2
apicid		: 5
initial apicid	: 5
fdiv_bug	: no
hlt_bug		: no
f00f_bug	: no
coma_bug	: no
fpu		: yes
fpu_exception	: yes
cpuid level	: 11
wp		: yes
flags		: fpu vme de pse tsc msr pae mce cx8 apic sep mtrr pge mca cmov pat pse36 clflush dts acpi mmx fxsr sse sse2 ss ht tm pbe nx rdtscp lm constant_tsc arch_perfmon pebs bts xtopology nonstop_tsc aperfmperf pni dtes64 monitor ds_cpl vmx est tm2 ssse3 cx16 xtpr pdcm sse4_1 sse4_2 popcnt lahf_lm arat dtherm tpr_shadow vnmi flexpriority ept vpid
bogomips	: 4522.34
clflush size	: 64
cache_alignment	: 64
address sizes	: 36 bits physical, 48 bits virtual
power management:



Memory: 4k page, physical 2961112k(490296k free), swap 2928636k(2897736k free)

vm_info: OpenJDK Server VM (23.7-b01) for linux-x86 JRE (1.7.0_21-b02), built on Apr 22 2013 07:41:32 by "buildd" with gcc 4.7.3

time: Sat Jun  1 00:08:34 2013
elapsed time: 4 seconds

