2013/06/13 10:12:32 INFO  - jmeter.util.JMeterUtils: Setting Locale to en_IN 
2013/06/13 10:12:32 INFO  - jmeter.JMeter: Loading user properties from: /home/shekhar/Ubuntu One/workspace/JMeter/bin/user.properties 
2013/06/13 10:12:32 INFO  - jmeter.JMeter: Loading system properties from: /home/shekhar/Ubuntu One/workspace/JMeter/bin/system.properties 
2013/06/13 10:12:32 INFO  - jmeter.JMeter: Copyright (c) 1998-2013 The Apache Software Foundation 
2013/06/13 10:12:32 INFO  - jmeter.JMeter: Version 2.9 
2013/06/13 10:12:32 INFO  - jmeter.JMeter: java.version=1.7.0_21 
2013/06/13 10:12:32 INFO  - jmeter.JMeter: java.vm.name=OpenJDK Server VM 
2013/06/13 10:12:32 INFO  - jmeter.JMeter: os.name=Linux 
2013/06/13 10:12:32 INFO  - jmeter.JMeter: os.arch=i386 
2013/06/13 10:12:32 INFO  - jmeter.JMeter: os.version=3.8.0-23-generic 
2013/06/13 10:12:32 INFO  - jmeter.JMeter: file.encoding=UTF-8 
2013/06/13 10:12:32 INFO  - jmeter.JMeter: Default Locale=English (India) 
2013/06/13 10:12:32 INFO  - jmeter.JMeter: JMeter  Locale=English (India) 
2013/06/13 10:12:32 INFO  - jmeter.JMeter: JMeterHome=/home/shekhar/Ubuntu One/workspace/JMeter 
2013/06/13 10:12:32 INFO  - jmeter.JMeter: user.dir  =/home/shekhar/Ubuntu One/workspace/JMeter/bin 
2013/06/13 10:12:32 INFO  - jmeter.JMeter: PWD       =/home/shekhar/Ubuntu One/workspace/JMeter/bin 
2013/06/13 10:12:32 INFO  - jmeter.JMeter: IP: 127.0.1.1 Name: spitzer FullName: spitzer 
2013/06/13 10:12:32 INFO  - jmeter.JMeter: Loaded icon properties from org/apache/jmeter/images/icon.properties 
2013/06/13 10:12:33 INFO  - jmeter.engine.util.CompoundVariable: Note: Function class names must contain the string: '.functions.' 
2013/06/13 10:12:33 INFO  - jmeter.engine.util.CompoundVariable: Note: Function class names must not contain the string: '.gui.' 
2013/06/13 10:12:34 INFO  - jmeter.gui.action.LookAndFeelCommand: Using look and feel: com.sun.java.swing.plaf.gtk.GTKLookAndFeel [GTK+, System] 
2013/06/13 10:12:35 INFO  - jmeter.gui.util.MenuFactory: Skipping kg.apc.jmeter.config.VariablesFromCSVFile 
2013/06/13 10:12:36 INFO  - jmeter.util.BSFTestElement: Registering JMeter version of JavaScript engine as work-round for BSF-22 
2013/06/13 10:12:36 INFO  - jmeter.protocol.http.sampler.HTTPSamplerBase: Cannot find .className property for htmlParser, using default 
2013/06/13 10:12:36 INFO  - jmeter.protocol.http.sampler.HTTPSamplerBase: Parser for text/html is  
2013/06/13 10:12:36 INFO  - jmeter.protocol.http.sampler.HTTPSamplerBase: Parser for application/xhtml+xml is  
2013/06/13 10:12:36 INFO  - jmeter.protocol.http.sampler.HTTPSamplerBase: Parser for application/xml is  
2013/06/13 10:12:36 INFO  - jmeter.protocol.http.sampler.HTTPSamplerBase: Parser for text/xml is  
2013/06/13 10:12:36 INFO  - jmeter.protocol.http.sampler.HTTPSamplerBase: Parser for text/vnd.wap.wml is org.apache.jmeter.protocol.http.parser.RegexpHTMLParser 
2013/06/13 10:12:36 INFO  - jmeter.protocol.http.sampler.HTTPSamplerBase: Reuse SSL session context on subsequent iterations: true 
2013/06/13 10:12:36 WARN  - jmeter.util.JMeterUtils: ERROR! Resource string not found: [addition] 
2013/06/13 10:12:37 INFO  - jmeter.gui.util.MenuFactory: Skipping org.apache.jmeter.protocol.http.modifier.gui.ParamModifierGui 
2013/06/13 10:12:37 WARN  - jmeter.gui.util.MenuFactory: Could not instantiate org.apache.jmeter.protocol.mail.sampler.gui.MailReaderSamplerGui java.lang.ClassNotFoundException: org.apache.jmeter.protocol.mail.sampler.gui.MailReaderSamplerGui
	at java.net.URLClassLoader$1.run(URLClassLoader.java:366)
	at java.net.URLClassLoader$1.run(URLClassLoader.java:355)
	at java.security.AccessController.doPrivileged(Native Method)
	at java.net.URLClassLoader.findClass(URLClassLoader.java:354)
	at java.lang.ClassLoader.loadClass(ClassLoader.java:423)
	at sun.misc.Launcher$AppClassLoader.loadClass(Launcher.java:308)
	at java.lang.ClassLoader.loadClass(ClassLoader.java:356)
	at java.lang.Class.forName0(Native Method)
	at java.lang.Class.forName(Class.java:188)
	at org.apache.jmeter.gui.util.MenuFactory.initializeMenus(MenuFactory.java:449)
	at org.apache.jmeter.gui.util.MenuFactory.<clinit>(MenuFactory.java:159)
	at org.apache.jmeter.control.gui.TestPlanGui.createPopupMenu(TestPlanGui.java:93)
	at org.apache.jmeter.gui.tree.JMeterTreeNode.createPopupMenu(JMeterTreeNode.java:158)
	at org.apache.jmeter.gui.action.EditCommand.doAction(EditCommand.java:47)
	at org.apache.jmeter.gui.action.ActionRouter.performAction(ActionRouter.java:81)
	at org.apache.jmeter.gui.action.ActionRouter.access$0(ActionRouter.java:69)
	at org.apache.jmeter.gui.action.ActionRouter$1.run(ActionRouter.java:63)
	at java.awt.event.InvocationEvent.dispatch(InvocationEvent.java:251)
	at java.awt.EventQueue.dispatchEventImpl(EventQueue.java:727)
	at java.awt.EventQueue.access$200(EventQueue.java:103)
	at java.awt.EventQueue$3.run(EventQueue.java:688)
	at java.awt.EventQueue$3.run(EventQueue.java:686)
	at java.security.AccessController.doPrivileged(Native Method)
	at java.security.ProtectionDomain$1.doIntersectionPrivilege(ProtectionDomain.java:76)
	at java.awt.EventQueue.dispatchEvent(EventQueue.java:697)
	at java.awt.EventDispatchThread.pumpOneEventForFilters(EventDispatchThread.java:242)
	at java.awt.EventDispatchThread.pumpEventsForFilter(EventDispatchThread.java:161)
	at java.awt.EventDispatchThread.pumpEventsForHierarchy(EventDispatchThread.java:150)
	at java.awt.EventDispatchThread.pumpEvents(EventDispatchThread.java:146)
	at java.awt.EventDispatchThread.pumpEvents(EventDispatchThread.java:138)
	at java.awt.EventDispatchThread.run(EventDispatchThread.java:91)

2013/06/13 10:12:37 INFO  - jmeter.samplers.SampleResult: Note: Sample TimeStamps are START times 
2013/06/13 10:12:37 INFO  - jmeter.samplers.SampleResult: sampleresult.default.encoding is set to ISO-8859-1 
2013/06/13 10:12:37 INFO  - jmeter.samplers.SampleResult: sampleresult.useNanoTime=true 
2013/06/13 10:12:37 INFO  - jmeter.samplers.SampleResult: sampleresult.nanoThreadSleep=5000 
2013/06/13 10:12:42 INFO  - jmeter.services.FileServer: Default base='/home/shekhar/Ubuntu One/workspace/JMeter/bin' 
2013/06/13 10:12:42 INFO  - jmeter.gui.action.Load: Loading file: /home/shekhar/Ubuntu One/workspace/JMeter/bin/SmtpDefaults.jmx 
2013/06/13 10:12:42 INFO  - jmeter.services.FileServer: Set new base='/home/shekhar/Ubuntu One/workspace/JMeter/bin' 
2013/06/13 10:12:42 INFO  - jmeter.save.SaveService: Testplan (JMX) version: 2.2. Testlog (JTL) version: 2.2 
2013/06/13 10:12:42 INFO  - jmeter.save.SaveService: Using SaveService properties file encoding UTF-8 
2013/06/13 10:12:42 INFO  - jmeter.save.SaveService: Using SaveService properties file version 1427507 
2013/06/13 10:12:42 INFO  - jmeter.save.SaveService: Using SaveService properties version 2.4 
2013/06/13 10:12:42 INFO  - jmeter.save.SaveService: All converter versions present and correct 
2013/06/13 10:12:43 INFO  - jmeter.services.FileServer: Set new base='/home/shekhar/Ubuntu One/workspace/JMeter/bin' 
2013/06/13 10:12:52 INFO  - jmeter.engine.StandardJMeterEngine: Listeners will be started after enabling running version 
2013/06/13 10:12:52 INFO  - jmeter.engine.StandardJMeterEngine: To revert to the earlier behaviour, define jmeterengine.startlistenerslater=false 
2013/06/13 10:12:52 INFO  - jmeter.engine.StandardJMeterEngine: Running the test! 
2013/06/13 10:12:52 INFO  - jmeter.gui.util.JMeterMenuBar: setRunning(true,*local*) 
2013/06/13 10:12:52 INFO  - jmeter.engine.StandardJMeterEngine: Starting ThreadGroup: 1 : Thread Group2 
2013/06/13 10:12:52 INFO  - jmeter.engine.StandardJMeterEngine: Starting 3 threads for group Thread Group2. 
2013/06/13 10:12:52 INFO  - jmeter.engine.StandardJMeterEngine: Thread will continue on error 
2013/06/13 10:12:52 INFO  - jmeter.threads.ThreadGroup: Starting thread group number 1 threads 3 ramp-up 0 perThread 0.0 delayedStart=false 
2013/06/13 10:12:52 INFO  - jmeter.threads.JMeterThread: jmeterthread.startearlier=true (see jmeter.properties) 
2013/06/13 10:12:52 INFO  - jmeter.threads.JMeterThread: Running PostProcessors in forward order 
2013/06/13 10:12:52 INFO  - jmeter.threads.JMeterThread: Thread started: Thread Group2 1-1 
2013/06/13 10:12:52 INFO  - jmeter.threads.JMeterThread: Thread started: Thread Group2 1-2 
2013/06/13 10:12:52 INFO  - jmeter.threads.ThreadGroup: Started thread group number 1 
2013/06/13 10:12:52 INFO  - jmeter.engine.StandardJMeterEngine: All thread groups have been started 
2013/06/13 10:12:52 INFO  - jmeter.threads.JMeterThread: Thread started: Thread Group2 1-3 
2013/06/13 10:12:52 INFO  - jmeter.protocol.http.sampler.HTTPHCAbstractImpl: Local host = spitzer 
2013/06/13 10:12:52 INFO  - jmeter.protocol.http.sampler.HTTPHC4Impl: HTTP request retry count = 1 
2013/06/13 10:12:52 INFO  - jmeter.protocol.http.sampler.HTTPHC4Impl: Setting up HTTPS TrustAll scheme 
2013/06/13 10:12:52 INFO  - jmeter.util.JsseSSLManager: Using default SSL protocol: TLS 
2013/06/13 10:12:52 INFO  - jmeter.util.JsseSSLManager: SSL session context: per-thread 
2013/06/13 10:12:52 WARN  - jmeter.protocol.http.sampler.HTTPHC4Impl: current Error rate : 1.5 
2013/06/13 10:12:52 WARN  - jmeter.protocol.http.sampler.HTTPHC4Impl: current Error rate : 1.5 
2013/06/13 10:12:52 INFO  - jmeter.protocol.http.sampler.HTTPHC4Impl: Bandwidth decreased to : bandwidthCPS 1024 
2013/06/13 10:12:52 WARN  - jmeter.protocol.http.sampler.HTTPHC4Impl: current Error rate : 1.5 
2013/06/13 10:12:52 INFO  - jmeter.protocol.http.sampler.HTTPHC4Impl: Bandwidth decreased to : bandwidthCPS 1024 
2013/06/13 10:12:52 INFO  - jmeter.protocol.http.sampler.HTTPHC4Impl: Bandwidth decreased to : bandwidthCPS 1024 
2013/06/13 10:12:52 INFO  - jmeter.protocol.http.sampler.HTTPHC4Impl: Setting up HTTP SlowProtocol, bandwidthCPS = 1024 
2013/06/13 10:12:52 INFO  - jmeter.protocol.http.sampler.HTTPHC4Impl: Setting up HTTP SlowProtocol, bandwidthCPS = 1024 
2013/06/13 10:12:52 INFO  - jmeter.protocol.http.sampler.HTTPHC4Impl: Setting up HTTP SlowProtocol, bandwidthCPS = 1024 
2013/06/13 10:12:52 INFO  - jmeter.visualizers.TableVisualizer: New Row added in the table!!! 
2013/06/13 10:12:52 INFO  - jmeter.visualizers.TableVisualizer: New Row added in the table!!! 
2013/06/13 10:12:52 INFO  - jmeter.visualizers.TableVisualizer: New Row added in the table!!! 
2013/06/13 10:12:52 WARN  - jmeter.protocol.http.sampler.HTTPHC4Impl: current Error rate : 1.5 
2013/06/13 10:12:52 WARN  - jmeter.protocol.http.sampler.HTTPHC4Impl: current Error rate : 1.5 
2013/06/13 10:12:52 INFO  - jmeter.protocol.http.sampler.HTTPHC4Impl: Bandwidth decreased to : bandwidthCPS 1024 
2013/06/13 10:12:52 WARN  - jmeter.protocol.http.sampler.HTTPHC4Impl: current Error rate : 1.5 
2013/06/13 10:12:52 INFO  - jmeter.protocol.http.sampler.HTTPHC4Impl: Setting up HTTP SlowProtocol, bandwidthCPS = 1024 
2013/06/13 10:12:52 INFO  - jmeter.protocol.http.sampler.HTTPHC4Impl: Bandwidth decreased to : bandwidthCPS 1024 
2013/06/13 10:12:52 INFO  - jmeter.protocol.http.sampler.HTTPHC4Impl: Bandwidth decreased to : bandwidthCPS 1024 
2013/06/13 10:12:52 INFO  - jmeter.protocol.http.sampler.HTTPHC4Impl: Setting up HTTP SlowProtocol, bandwidthCPS = 1024 
2013/06/13 10:12:52 INFO  - jmeter.protocol.http.sampler.HTTPHC4Impl: Setting up HTTP SlowProtocol, bandwidthCPS = 1024 
2013/06/13 10:12:53 INFO  - jmeter.visualizers.TableVisualizer: New Row added in the table!!! 
2013/06/13 10:12:53 INFO  - jmeter.visualizers.TableVisualizer: New Row added in the table!!! 
2013/06/13 10:12:53 INFO  - jmeter.visualizers.TableVisualizer: New Row added in the table!!! 
2013/06/13 10:12:53 INFO  - jmeter.visualizers.TableVisualizer: New Row added in the table!!! 
2013/06/13 10:12:53 INFO  - jmeter.visualizers.TableVisualizer: New Row added in the table!!! 
2013/06/13 10:12:53 INFO  - jmeter.visualizers.TableVisualizer: New Row added in the table!!! 
2013/06/13 10:12:53 INFO  - jmeter.visualizers.TableVisualizer: New Row added in the table!!! 
2013/06/13 10:12:53 INFO  - jmeter.visualizers.TableVisualizer: New Row added in the table!!! 
2013/06/13 10:12:53 INFO  - jmeter.visualizers.TableVisualizer: New Row added in the table!!! 
2013/06/13 10:12:53 INFO  - jmeter.visualizers.TableVisualizer: New Row added in the table!!! 
2013/06/13 10:12:53 INFO  - jmeter.visualizers.TableVisualizer: New Row added in the table!!! 
2013/06/13 10:12:53 INFO  - jmeter.visualizers.TableVisualizer: New Row added in the table!!! 
2013/06/13 10:12:53 INFO  - jmeter.visualizers.TableVisualizer: New Row added in the table!!! 
2013/06/13 10:12:53 INFO  - jmeter.visualizers.TableVisualizer: New Row added in the table!!! 
2013/06/13 10:12:53 INFO  - jmeter.visualizers.TableVisualizer: New Row added in the table!!! 
2013/06/13 10:12:53 INFO  - jmeter.visualizers.TableVisualizer: New Row added in the table!!! 
2013/06/13 10:12:53 INFO  - jmeter.visualizers.TableVisualizer: New Row added in the table!!! 
2013/06/13 10:12:53 INFO  - jmeter.visualizers.TableVisualizer: New Row added in the table!!! 
2013/06/13 10:12:53 INFO  - jmeter.visualizers.TableVisualizer: New Row added in the table!!! 
2013/06/13 10:12:53 INFO  - jmeter.visualizers.TableVisualizer: New Row added in the table!!! 
2013/06/13 10:12:53 INFO  - jmeter.visualizers.TableVisualizer: New Row added in the table!!! 
2013/06/13 10:12:53 INFO  - jmeter.visualizers.TableVisualizer: New Row added in the table!!! 
2013/06/13 10:12:53 INFO  - jmeter.visualizers.TableVisualizer: New Row added in the table!!! 
2013/06/13 10:12:53 INFO  - jmeter.visualizers.TableVisualizer: New Row added in the table!!! 
2013/06/13 10:12:53 INFO  - jmeter.visualizers.TableVisualizer: New Row added in the table!!! 
2013/06/13 10:12:53 INFO  - jmeter.threads.JMeterThread: Thread finished: Thread Group2 1-3 
2013/06/13 10:12:53 INFO  - jmeter.visualizers.TableVisualizer: New Row added in the table!!! 
2013/06/13 10:12:53 INFO  - jmeter.visualizers.TableVisualizer: New Row added in the table!!! 
2013/06/13 10:12:53 INFO  - jmeter.threads.JMeterThread: Thread finished: Thread Group2 1-2 
2013/06/13 10:12:53 INFO  - jmeter.threads.JMeterThread: Thread finished: Thread Group2 1-1 
2013/06/13 10:12:53 INFO  - jmeter.engine.StandardJMeterEngine: Notifying test listeners of end of test 
2013/06/13 10:12:53 INFO  - jmeter.gui.util.JMeterMenuBar: setRunning(false,*local*) 
